Analysis & Synthesis report for clock
Fri May 12 10:10:32 2017
Quartus II 64-Bit Version 13.0.1 Build 232 06/12/2013 Service Pack 1 SJ Full Version


---------------------
; Table of Contents ;
---------------------
  1. Legal Notice
  2. Analysis & Synthesis Summary
  3. Analysis & Synthesis Settings
  4. Parallel Compilation
  5. Analysis & Synthesis Source Files Read
  6. Analysis & Synthesis Resource Usage Summary
  7. Analysis & Synthesis Resource Utilization by Entity
  8. Registers Removed During Synthesis
  9. General Register Statistics
 10. Inverted Register Statistics
 11. Multiplexer Restructuring Statistics (Restructuring Performed)
 12. Parameter Settings for User Entity Instance: TimeKeeper_module:U1
 13. Parameter Settings for User Entity Instance: Digitron_TimeDisplay_module:U2
 14. Parameter Settings for User Entity Instance: Buzzer_module:U3
 15. Elapsed Time Per Partition
 16. Analysis & Synthesis Messages
 17. Analysis & Synthesis Suppressed Messages



----------------
; Legal Notice ;
----------------
Copyright (C) 1991-2013 Altera Corporation
Your use of Altera Corporation's design tools, logic functions 
and other software and tools, and its AMPP partner logic 
functions, and any output files from any of the foregoing 
(including device programming or simulation files), and any 
associated documentation or information are expressly subject 
to the terms and conditions of the Altera Program License 
Subscription Agreement, Altera MegaCore Function License 
Agreement, or other applicable license agreement, including, 
without limitation, that your use is for the sole purpose of 
programming logic devices manufactured by Altera and sold by 
Altera or its authorized distributors.  Please refer to the 
applicable agreement for further details.



+---------------------------------------------------------------------------------------+
; Analysis & Synthesis Summary                                                          ;
+------------------------------------+--------------------------------------------------+
; Analysis & Synthesis Status        ; Successful - Fri May 12 10:10:32 2017            ;
; Quartus II 64-Bit Version          ; 13.0.1 Build 232 06/12/2013 SP 1 SJ Full Version ;
; Revision Name                      ; clock                                            ;
; Top-level Entity Name              ; clock                                            ;
; Family                             ; Cyclone IV E                                     ;
; Total logic elements               ; 225                                              ;
;     Total combinational functions  ; 225                                              ;
;     Dedicated logic registers      ; 108                                              ;
; Total registers                    ; 108                                              ;
; Total pins                         ; 21                                               ;
; Total virtual pins                 ; 0                                                ;
; Total memory bits                  ; 0                                                ;
; Embedded Multiplier 9-bit elements ; 0                                                ;
; Total PLLs                         ; 0                                                ;
+------------------------------------+--------------------------------------------------+


+----------------------------------------------------------------------------------------------------------------------+
; Analysis & Synthesis Settings                                                                                        ;
+----------------------------------------------------------------------------+--------------------+--------------------+
; Option                                                                     ; Setting            ; Default Value      ;
+----------------------------------------------------------------------------+--------------------+--------------------+
; Device                                                                     ; EP4CE6F17C8        ;                    ;
; Top-level entity name                                                      ; clock              ; clock              ;
; Family name                                                                ; Cyclone IV E       ; Cyclone IV GX      ;
; Use smart compilation                                                      ; Off                ; Off                ;
; Enable parallel Assembler and TimeQuest Timing Analyzer during compilation ; On                 ; On                 ;
; Enable compact report table                                                ; Off                ; Off                ;
; Restructure Multiplexers                                                   ; Auto               ; Auto               ;
; Create Debugging Nodes for IP Cores                                        ; Off                ; Off                ;
; Preserve fewer node names                                                  ; On                 ; On                 ;
; Disable OpenCore Plus hardware evaluation                                  ; Off                ; Off                ;
; Verilog Version                                                            ; Verilog_2001       ; Verilog_2001       ;
; VHDL Version                                                               ; VHDL_1993          ; VHDL_1993          ;
; State Machine Processing                                                   ; Auto               ; Auto               ;
; Safe State Machine                                                         ; Off                ; Off                ;
; Extract Verilog State Machines                                             ; On                 ; On                 ;
; Extract VHDL State Machines                                                ; On                 ; On                 ;
; Ignore Verilog initial constructs                                          ; Off                ; Off                ;
; Iteration limit for constant Verilog loops                                 ; 5000               ; 5000               ;
; Iteration limit for non-constant Verilog loops                             ; 250                ; 250                ;
; Add Pass-Through Logic to Inferred RAMs                                    ; On                 ; On                 ;
; Infer RAMs from Raw Logic                                                  ; On                 ; On                 ;
; Parallel Synthesis                                                         ; On                 ; On                 ;
; DSP Block Balancing                                                        ; Auto               ; Auto               ;
; NOT Gate Push-Back                                                         ; On                 ; On                 ;
; Power-Up Don't Care                                                        ; On                 ; On                 ;
; Remove Redundant Logic Cells                                               ; Off                ; Off                ;
; Remove Duplicate Registers                                                 ; On                 ; On                 ;
; Ignore CARRY Buffers                                                       ; Off                ; Off                ;
; Ignore CASCADE Buffers                                                     ; Off                ; Off                ;
; Ignore GLOBAL Buffers                                                      ; Off                ; Off                ;
; Ignore ROW GLOBAL Buffers                                                  ; Off                ; Off                ;
; Ignore LCELL Buffers                                                       ; Off                ; Off                ;
; Ignore SOFT Buffers                                                        ; On                 ; On                 ;
; Limit AHDL Integers to 32 Bits                                             ; Off                ; Off                ;
; Optimization Technique                                                     ; Balanced           ; Balanced           ;
; Carry Chain Length                                                         ; 70                 ; 70                 ;
; Auto Carry Chains                                                          ; On                 ; On                 ;
; Auto Open-Drain Pins                                                       ; On                 ; On                 ;
; Perform WYSIWYG Primitive Resynthesis                                      ; Off                ; Off                ;
; Auto ROM Replacement                                                       ; On                 ; On                 ;
; Auto RAM Replacement                                                       ; On                 ; On                 ;
; Auto DSP Block Replacement                                                 ; On                 ; On                 ;
; Auto Shift Register Replacement                                            ; Auto               ; Auto               ;
; Allow Shift Register Merging across Hierarchies                            ; Auto               ; Auto               ;
; Auto Clock Enable Replacement                                              ; On                 ; On                 ;
; Strict RAM Replacement                                                     ; Off                ; Off                ;
; Allow Synchronous Control Signals                                          ; On                 ; On                 ;
; Force Use of Synchronous Clear Signals                                     ; Off                ; Off                ;
; Auto RAM Block Balancing                                                   ; On                 ; On                 ;
; Auto RAM to Logic Cell Conversion                                          ; Off                ; Off                ;
; Auto Resource Sharing                                                      ; Off                ; Off                ;
; Allow Any RAM Size For Recognition                                         ; Off                ; Off                ;
; Allow Any ROM Size For Recognition                                         ; Off                ; Off                ;
; Allow Any Shift Register Size For Recognition                              ; Off                ; Off                ;
; Use LogicLock Constraints during Resource Balancing                        ; On                 ; On                 ;
; Ignore translate_off and synthesis_off directives                          ; Off                ; Off                ;
; Timing-Driven Synthesis                                                    ; On                 ; On                 ;
; Report Parameter Settings                                                  ; On                 ; On                 ;
; Report Source Assignments                                                  ; On                 ; On                 ;
; Report Connectivity Checks                                                 ; On                 ; On                 ;
; Ignore Maximum Fan-Out Assignments                                         ; Off                ; Off                ;
; Synchronization Register Chain Length                                      ; 2                  ; 2                  ;
; PowerPlay Power Optimization                                               ; Normal compilation ; Normal compilation ;
; HDL message level                                                          ; Level2             ; Level2             ;
; Suppress Register Optimization Related Messages                            ; Off                ; Off                ;
; Number of Removed Registers Reported in Synthesis Report                   ; 5000               ; 5000               ;
; Number of Swept Nodes Reported in Synthesis Report                         ; 5000               ; 5000               ;
; Number of Inverted Registers Reported in Synthesis Report                  ; 100                ; 100                ;
; Clock MUX Protection                                                       ; On                 ; On                 ;
; Auto Gated Clock Conversion                                                ; Off                ; Off                ;
; Block Design Naming                                                        ; Auto               ; Auto               ;
; SDC constraint protection                                                  ; Off                ; Off                ;
; Synthesis Effort                                                           ; Auto               ; Auto               ;
; Shift Register Replacement - Allow Asynchronous Clear Signal               ; On                 ; On                 ;
; Pre-Mapping Resynthesis Optimization                                       ; Off                ; Off                ;
; Analysis & Synthesis Message Level                                         ; Medium             ; Medium             ;
; Disable Register Merging Across Hierarchies                                ; Auto               ; Auto               ;
; Resource Aware Inference For Block RAM                                     ; On                 ; On                 ;
; Synthesis Seed                                                             ; 1                  ; 1                  ;
+----------------------------------------------------------------------------+--------------------+--------------------+


+------------------------------------------+
; Parallel Compilation                     ;
+----------------------------+-------------+
; Processors                 ; Number      ;
+----------------------------+-------------+
; Number detected on machine ; 8           ;
; Maximum allowed            ; 4           ;
;                            ;             ;
; Average used               ; 1.00        ;
; Maximum used               ; 1           ;
;                            ;             ;
; Usage by Processor         ; % Time Used ;
;     Processor 1            ; 100.0%      ;
;     Processors 2-8         ;   0.0%      ;
+----------------------------+-------------+


+-------------------------------------------------------------------------------------------------------------------------------------------------+
; Analysis & Synthesis Source Files Read                                                                                                          ;
+----------------------------------+-----------------+------------------------+---------------------------------------------------------+---------+
; File Name with User-Entered Path ; Used in Netlist ; File Type              ; File Name with Absolute Path                            ; Library ;
+----------------------------------+-----------------+------------------------+---------------------------------------------------------+---------+
; clock.v                          ; yes             ; User Verilog HDL File  ; F:/LQbishe/shiyan/7 clock/clock.v                       ;         ;
; TimeKeeper_module.v              ; yes             ; User Verilog HDL File  ; F:/LQbishe/shiyan/7 clock/TimeKeeper_module.v           ;         ;
; Buzzer_module.v                  ; yes             ; User Verilog HDL File  ; F:/LQbishe/shiyan/7 clock/Buzzer_module.v               ;         ;
; Digitron_TimeDisplay_module.v    ; yes             ; User Verilog HDL File  ; F:/LQbishe/shiyan/7 clock/Digitron_TimeDisplay_module.v ;         ;
+----------------------------------+-----------------+------------------------+---------------------------------------------------------+---------+


+---------------------------------------------------------+
; Analysis & Synthesis Resource Usage Summary             ;
+---------------------------------------------+-----------+
; Resource                                    ; Usage     ;
+---------------------------------------------+-----------+
; Estimated Total logic elements              ; 225       ;
;                                             ;           ;
; Total combinational functions               ; 225       ;
; Logic element usage by number of LUT inputs ;           ;
;     -- 4 input functions                    ; 111       ;
;     -- 3 input functions                    ; 29        ;
;     -- <=2 input functions                  ; 85        ;
;                                             ;           ;
; Logic elements by mode                      ;           ;
;     -- normal mode                          ; 172       ;
;     -- arithmetic mode                      ; 53        ;
;                                             ;           ;
; Total registers                             ; 108       ;
;     -- Dedicated logic registers            ; 108       ;
;     -- I/O registers                        ; 0         ;
;                                             ;           ;
; I/O pins                                    ; 21        ;
; Embedded Multiplier 9-bit elements          ; 0         ;
; Maximum fan-out node                        ; CLK~input ;
; Maximum fan-out                             ; 81        ;
; Total fan-out                               ; 1035      ;
; Average fan-out                             ; 2.76      ;
+---------------------------------------------+-----------+


+--------------------------------------------------------------------------------------------------------------------------------------------------------------------------------------------------------+
; Analysis & Synthesis Resource Utilization by Entity                                                                                                                                                    ;
+-------------------------------------+-------------------+--------------+-------------+--------------+---------+-----------+------+--------------+---------------------------------------+--------------+
; Compilation Hierarchy Node          ; LC Combinationals ; LC Registers ; Memory Bits ; DSP Elements ; DSP 9x9 ; DSP 18x18 ; Pins ; Virtual Pins ; Full Hierarchy Name                   ; Library Name ;
+-------------------------------------+-------------------+--------------+-------------+--------------+---------+-----------+------+--------------+---------------------------------------+--------------+
; |clock                              ; 225 (0)           ; 108 (0)      ; 0           ; 0            ; 0       ; 0         ; 21   ; 0            ; |clock                                ; work         ;
;    |Buzzer_module:U3|               ; 51 (51)           ; 30 (30)      ; 0           ; 0            ; 0       ; 0         ; 0    ; 0            ; |clock|Buzzer_module:U3               ; work         ;
;    |Digitron_TimeDisplay_module:U2| ; 78 (78)           ; 25 (25)      ; 0           ; 0            ; 0       ; 0         ; 0    ; 0            ; |clock|Digitron_TimeDisplay_module:U2 ; work         ;
;    |TimeKeeper_module:U1|           ; 96 (96)           ; 53 (53)      ; 0           ; 0            ; 0       ; 0         ; 0    ; 0            ; |clock|TimeKeeper_module:U1           ; work         ;
+-------------------------------------+-------------------+--------------+-------------+--------------+---------+-----------+------+--------------+---------------------------------------+--------------+
Note: For table entries with two numbers listed, the numbers in parentheses indicate the number of resources of the given type used by the specific entity alone. The numbers listed outside of parentheses indicate the total resources of the given type used by the specific entity and all of its sub-entities in the hierarchy.


+---------------------------------------------------------------------------------------------+
; Registers Removed During Synthesis                                                          ;
+--------------------------------------------------+------------------------------------------+
; Register name                                    ; Reason for Removal                       ;
+--------------------------------------------------+------------------------------------------+
; Buzzer_module:U3|Pulse_x[0..2,12]                ; Stuck at GND due to stuck port data_in   ;
; Buzzer_module:U3|Pulse_x[14]                     ; Stuck at VCC due to stuck port data_in   ;
; Buzzer_module:U3|Pulse_x[16..22]                 ; Stuck at GND due to stuck port data_in   ;
; Buzzer_module:U3|Pulse_x[11]                     ; Merged with Buzzer_module:U3|Pulse_x[10] ;
; Buzzer_module:U3|Pulse_x[3,7]                    ; Merged with Buzzer_module:U3|Pulse_x[13] ;
; Buzzer_module:U3|Pulse_x[4,6]                    ; Merged with Buzzer_module:U3|Pulse_x[15] ;
; Digitron_TimeDisplay_module:U2|W_Digitron_Out[7] ; Stuck at GND due to stuck port data_in   ;
; TimeKeeper_module:U1|Week[3]                     ; Stuck at GND due to stuck port data_in   ;
; Total Number of Removed Registers = 19           ;                                          ;
+--------------------------------------------------+------------------------------------------+


+------------------------------------------------------+
; General Register Statistics                          ;
+----------------------------------------------+-------+
; Statistic                                    ; Value ;
+----------------------------------------------+-------+
; Total registers                              ; 108   ;
; Number of registers using Synchronous Clear  ; 23    ;
; Number of registers using Synchronous Load   ; 1     ;
; Number of registers using Asynchronous Clear ; 27    ;
; Number of registers using Asynchronous Load  ; 0     ;
; Number of registers using Clock Enable       ; 41    ;
; Number of registers using Preset             ; 0     ;
+----------------------------------------------+-------+


+--------------------------------------------------+
; Inverted Register Statistics                     ;
+----------------------------------------+---------+
; Inverted Register                      ; Fan out ;
+----------------------------------------+---------+
; TimeKeeper_module:U1|Week[0]           ; 7       ;
; Total number of inverted registers = 1 ;         ;
+----------------------------------------+---------+


+-------------------------------------------------------------------------------------------------------------------------------------------------------------------------+
; Multiplexer Restructuring Statistics (Restructuring Performed)                                                                                                          ;
+--------------------+-----------+---------------+----------------------+------------------------+------------+-----------------------------------------------------------+
; Multiplexer Inputs ; Bus Width ; Baseline Area ; Area if Restructured ; Saving if Restructured ; Registered ; Example Multiplexer Output                                ;
+--------------------+-----------+---------------+----------------------+------------------------+------------+-----------------------------------------------------------+
; 3:1                ; 23 bits   ; 46 LEs        ; 23 LEs               ; 23 LEs                 ; Yes        ; |clock|Buzzer_module:U3|Count[22]                         ;
; 3:1                ; 6 bits    ; 12 LEs        ; 6 LEs                ; 6 LEs                  ; Yes        ; |clock|Digitron_TimeDisplay_module:U2|W_DigitronCS_Out[3] ;
; 3:1                ; 4 bits    ; 8 LEs         ; 4 LEs                ; 4 LEs                  ; Yes        ; |clock|Digitron_TimeDisplay_module:U2|SingleNum[2]        ;
; 4:1                ; 4 bits    ; 8 LEs         ; 4 LEs                ; 4 LEs                  ; Yes        ; |clock|TimeKeeper_module:U1|MinL[3]                       ;
; 5:1                ; 4 bits    ; 12 LEs        ; 4 LEs                ; 8 LEs                  ; Yes        ; |clock|TimeKeeper_module:U1|MinH[2]                       ;
; 8:1                ; 4 bits    ; 20 LEs        ; 4 LEs                ; 16 LEs                 ; Yes        ; |clock|TimeKeeper_module:U1|HourH[2]                      ;
; 8:1                ; 4 bits    ; 20 LEs        ; 4 LEs                ; 16 LEs                 ; Yes        ; |clock|TimeKeeper_module:U1|HourL[2]                      ;
; 33:1               ; 6 bits    ; 132 LEs       ; 72 LEs               ; 60 LEs                 ; Yes        ; |clock|Digitron_TimeDisplay_module:U2|W_Digitron_Out[1]   ;
; 10:1               ; 3 bits    ; 18 LEs        ; 3 LEs                ; 15 LEs                 ; Yes        ; |clock|TimeKeeper_module:U1|Week[3]                       ;
; 64:1               ; 4 bits    ; 168 LEs       ; 16 LEs               ; 152 LEs                ; No         ; |clock|Digitron_TimeDisplay_module:U2|Selector0           ;
+--------------------+-----------+---------------+----------------------+------------------------+------------+-----------------------------------------------------------+


+-------------------------------------------------------------------+
; Parameter Settings for User Entity Instance: TimeKeeper_module:U1 ;
+----------------+---------------------------+----------------------+
; Parameter Name ; Value                     ; Type                 ;
+----------------+---------------------------+----------------------+
; T1HZ           ; 1011111010111100001000000 ; Unsigned Binary      ;
+----------------+---------------------------+----------------------+
Note: In order to hide this table in the UI and the text report file, please set the "Show Parameter Settings in Synthesis Report" option in "Analysis and Synthesis Settings -> More Settings" to "Off".


+-----------------------------------------------------------------------------+
; Parameter Settings for User Entity Instance: Digitron_TimeDisplay_module:U2 ;
+----------------+------------------+-----------------------------------------+
; Parameter Name ; Value            ; Type                                    ;
+----------------+------------------+-----------------------------------------+
; T100MS         ; 0000000011001000 ; Unsigned Binary                         ;
; _0             ; 00111111         ; Unsigned Binary                         ;
; _1             ; 00000110         ; Unsigned Binary                         ;
; _2             ; 01011011         ; Unsigned Binary                         ;
; _3             ; 01001111         ; Unsigned Binary                         ;
; _4             ; 01100110         ; Unsigned Binary                         ;
; _5             ; 01101101         ; Unsigned Binary                         ;
; _6             ; 01111101         ; Unsigned Binary                         ;
; _7             ; 00000111         ; Unsigned Binary                         ;
; _8             ; 01111111         ; Unsigned Binary                         ;
; _9             ; 01101111         ; Unsigned Binary                         ;
; _Ri            ; 01111111         ; Unsigned Binary                         ;
+----------------+------------------+-----------------------------------------+
Note: In order to hide this table in the UI and the text report file, please set the "Show Parameter Settings in Synthesis Report" option in "Analysis and Synthesis Settings -> More Settings" to "Off".


+---------------------------------------------------------------+
; Parameter Settings for User Entity Instance: Buzzer_module:U3 ;
+----------------+------------------+---------------------------+
; Parameter Name ; Value            ; Type                      ;
+----------------+------------------+---------------------------+
; Di             ; 1100001101010000 ; Unsigned Binary           ;
; Da             ; 110000110101000  ; Unsigned Binary           ;
+----------------+------------------+---------------------------+
Note: In order to hide this table in the UI and the text report file, please set the "Show Parameter Settings in Synthesis Report" option in "Analysis and Synthesis Settings -> More Settings" to "Off".


+-------------------------------+
; Elapsed Time Per Partition    ;
+----------------+--------------+
; Partition Name ; Elapsed Time ;
+----------------+--------------+
; Top            ; 00:00:00     ;
+----------------+--------------+


+-------------------------------+
; Analysis & Synthesis Messages ;
+-------------------------------+
Info: *******************************************************************
Info: Running Quartus II 64-Bit Analysis & Synthesis
    Info: Version 13.0.1 Build 232 06/12/2013 Service Pack 1 SJ Full Version
    Info: Processing started: Fri May 12 10:10:30 2017
Info: Command: quartus_map --read_settings_files=on --write_settings_files=off clock -c clock
Info (11104): Parallel Compilation has detected 8 hyper-threaded processors. However, the extra hyper-threaded processors will not be used by default. Parallel Compilation will use 4 of the 4 physical processors detected instead.
Info (12021): Found 1 design units, including 1 entities, in source file clock.v
    Info (12023): Found entity 1: clock
Info (12021): Found 1 design units, including 1 entities, in source file timekeeper_module.v
    Info (12023): Found entity 1: TimeKeeper_module
Info (12021): Found 1 design units, including 1 entities, in source file buzzer_module.v
    Info (12023): Found entity 1: Buzzer_module
Info (12021): Found 1 design units, including 1 entities, in source file digitron_timedisplay_module.v
    Info (12023): Found entity 1: Digitron_TimeDisplay_module
Info (12127): Elaborating entity "clock" for the top level hierarchy
Info (12128): Elaborating entity "TimeKeeper_module" for hierarchy "TimeKeeper_module:U1"
Warning (10230): Verilog HDL assignment warning at TimeKeeper_module.v(31): truncated value with size 32 to match size of target (25)
Warning (10230): Verilog HDL assignment warning at TimeKeeper_module.v(53): truncated value with size 32 to match size of target (4)
Warning (10230): Verilog HDL assignment warning at TimeKeeper_module.v(60): truncated value with size 32 to match size of target (4)
Warning (10230): Verilog HDL assignment warning at TimeKeeper_module.v(70): truncated value with size 32 to match size of target (4)
Warning (10230): Verilog HDL assignment warning at TimeKeeper_module.v(81): truncated value with size 32 to match size of target (4)
Warning (10230): Verilog HDL assignment warning at TimeKeeper_module.v(84): truncated value with size 32 to match size of target (4)
Warning (10230): Verilog HDL assignment warning at TimeKeeper_module.v(101): truncated value with size 32 to match size of target (4)
Warning (10230): Verilog HDL assignment warning at TimeKeeper_module.v(110): truncated value with size 32 to match size of target (4)
Warning (10230): Verilog HDL assignment warning at TimeKeeper_module.v(113): truncated value with size 32 to match size of target (4)
Warning (10230): Verilog HDL assignment warning at TimeKeeper_module.v(116): truncated value with size 32 to match size of target (4)
Warning (10230): Verilog HDL assignment warning at TimeKeeper_module.v(119): truncated value with size 32 to match size of target (4)
Warning (10230): Verilog HDL assignment warning at TimeKeeper_module.v(122): truncated value with size 32 to match size of target (4)
Warning (10230): Verilog HDL assignment warning at TimeKeeper_module.v(125): truncated value with size 32 to match size of target (4)
Info (12128): Elaborating entity "Digitron_TimeDisplay_module" for hierarchy "Digitron_TimeDisplay_module:U2"
Warning (10230): Verilog HDL assignment warning at Digitron_TimeDisplay_module.v(50): truncated value with size 23 to match size of target (8)
Warning (10230): Verilog HDL assignment warning at Digitron_TimeDisplay_module.v(82): truncated value with size 8 to match size of target (6)
Info (12128): Elaborating entity "Buzzer_module" for hierarchy "Buzzer_module:U3"
Info (13000): Registers with preset signals will power-up high
Info (13003): DEV_CLRn pin will set, and not reset, register with preset signal due to NOT Gate Push-Back
Warning (13024): Output pins are stuck at VCC or GND
    Warning (13410): Pin "Digitron_Out[7]" is stuck at GND
Info (286030): Timing-Driven Synthesis is running
Info (144001): Generated suppressed messages file F:/LQbishe/shiyan/7 clock/output_files/clock.map.smsg
Info (16010): Generating hard_block partition "hard_block:auto_generated_inst"
    Info (16011): Adding 0 node(s), including 0 DDIO, 0 PLL, 0 transceiver and 0 LCELL
Info (21057): Implemented 251 device resources after synthesis - the final resource count might be different
    Info (21058): Implemented 6 input pins
    Info (21059): Implemented 15 output pins
    Info (21061): Implemented 230 logic cells
Info: Quartus II 64-Bit Analysis & Synthesis was successful. 0 errors, 17 warnings
    Info: Peak virtual memory: 491 megabytes
    Info: Processing ended: Fri May 12 10:10:32 2017
    Info: Elapsed time: 00:00:02
    Info: Total CPU time (on all processors): 00:00:02


+------------------------------------------+
; Analysis & Synthesis Suppressed Messages ;
+------------------------------------------+
The suppressed messages can be found in F:/LQbishe/shiyan/7 clock/output_files/clock.map.smsg.


