Analysis & Synthesis report for pwm
Sat May 13 12:17:16 2017
Quartus II 64-Bit Version 13.0.1 Build 232 06/12/2013 Service Pack 1 SJ Full Version


---------------------
; Table of Contents ;
---------------------
  1. Legal Notice
  2. Analysis & Synthesis Summary
  3. Analysis & Synthesis Settings
  4. Parallel Compilation
  5. Analysis & Synthesis Source Files Read
  6. Analysis & Synthesis Resource Usage Summary
  7. Analysis & Synthesis Resource Utilization by Entity
  8. Analysis & Synthesis DSP Block Usage Summary
  9. Registers Removed During Synthesis
 10. General Register Statistics
 11. Inverted Register Statistics
 12. Multiplexer Restructuring Statistics (Restructuring Performed)
 13. Parameter Settings for User Entity Instance: Digitron_NumDisplay_module:U3
 14. Parameter Settings for Inferred Entity Instance: PWM_Generate_module:U2|lpm_mult:Mult0
 15. Parameter Settings for Inferred Entity Instance: PWM_Generate_module:U2|lpm_divide:Div0
 16. lpm_mult Parameter Settings by Entity Instance
 17. Elapsed Time Per Partition
 18. Analysis & Synthesis Messages
 19. Analysis & Synthesis Suppressed Messages



----------------
; Legal Notice ;
----------------
Copyright (C) 1991-2013 Altera Corporation
Your use of Altera Corporation's design tools, logic functions 
and other software and tools, and its AMPP partner logic 
functions, and any output files from any of the foregoing 
(including device programming or simulation files), and any 
associated documentation or information are expressly subject 
to the terms and conditions of the Altera Program License 
Subscription Agreement, Altera MegaCore Function License 
Agreement, or other applicable license agreement, including, 
without limitation, that your use is for the sole purpose of 
programming logic devices manufactured by Altera and sold by 
Altera or its authorized distributors.  Please refer to the 
applicable agreement for further details.



+---------------------------------------------------------------------------------------+
; Analysis & Synthesis Summary                                                          ;
+------------------------------------+--------------------------------------------------+
; Analysis & Synthesis Status        ; Successful - Sat May 13 12:17:16 2017            ;
; Quartus II 64-Bit Version          ; 13.0.1 Build 232 06/12/2013 SP 1 SJ Full Version ;
; Revision Name                      ; pwm                                              ;
; Top-level Entity Name              ; pwm                                              ;
; Family                             ; Cyclone IV E                                     ;
; Total logic elements               ; 833                                              ;
;     Total combinational functions  ; 824                                              ;
;     Dedicated logic registers      ; 85                                               ;
; Total registers                    ; 85                                               ;
; Total pins                         ; 24                                               ;
; Total virtual pins                 ; 0                                                ;
; Total memory bits                  ; 0                                                ;
; Embedded Multiplier 9-bit elements ; 3                                                ;
; Total PLLs                         ; 0                                                ;
+------------------------------------+--------------------------------------------------+


+----------------------------------------------------------------------------------------------------------------------+
; Analysis & Synthesis Settings                                                                                        ;
+----------------------------------------------------------------------------+--------------------+--------------------+
; Option                                                                     ; Setting            ; Default Value      ;
+----------------------------------------------------------------------------+--------------------+--------------------+
; Device                                                                     ; EP4CE6F17C8        ;                    ;
; Top-level entity name                                                      ; pwm                ; pwm                ;
; Family name                                                                ; Cyclone IV E       ; Cyclone IV GX      ;
; Use smart compilation                                                      ; Off                ; Off                ;
; Enable parallel Assembler and TimeQuest Timing Analyzer during compilation ; On                 ; On                 ;
; Enable compact report table                                                ; Off                ; Off                ;
; Restructure Multiplexers                                                   ; Auto               ; Auto               ;
; Create Debugging Nodes for IP Cores                                        ; Off                ; Off                ;
; Preserve fewer node names                                                  ; On                 ; On                 ;
; Disable OpenCore Plus hardware evaluation                                  ; Off                ; Off                ;
; Verilog Version                                                            ; Verilog_2001       ; Verilog_2001       ;
; VHDL Version                                                               ; VHDL_1993          ; VHDL_1993          ;
; State Machine Processing                                                   ; Auto               ; Auto               ;
; Safe State Machine                                                         ; Off                ; Off                ;
; Extract Verilog State Machines                                             ; On                 ; On                 ;
; Extract VHDL State Machines                                                ; On                 ; On                 ;
; Ignore Verilog initial constructs                                          ; Off                ; Off                ;
; Iteration limit for constant Verilog loops                                 ; 5000               ; 5000               ;
; Iteration limit for non-constant Verilog loops                             ; 250                ; 250                ;
; Add Pass-Through Logic to Inferred RAMs                                    ; On                 ; On                 ;
; Infer RAMs from Raw Logic                                                  ; On                 ; On                 ;
; Parallel Synthesis                                                         ; On                 ; On                 ;
; DSP Block Balancing                                                        ; Auto               ; Auto               ;
; NOT Gate Push-Back                                                         ; On                 ; On                 ;
; Power-Up Don't Care                                                        ; On                 ; On                 ;
; Remove Redundant Logic Cells                                               ; Off                ; Off                ;
; Remove Duplicate Registers                                                 ; On                 ; On                 ;
; Ignore CARRY Buffers                                                       ; Off                ; Off                ;
; Ignore CASCADE Buffers                                                     ; Off                ; Off                ;
; Ignore GLOBAL Buffers                                                      ; Off                ; Off                ;
; Ignore ROW GLOBAL Buffers                                                  ; Off                ; Off                ;
; Ignore LCELL Buffers                                                       ; Off                ; Off                ;
; Ignore SOFT Buffers                                                        ; On                 ; On                 ;
; Limit AHDL Integers to 32 Bits                                             ; Off                ; Off                ;
; Optimization Technique                                                     ; Balanced           ; Balanced           ;
; Carry Chain Length                                                         ; 70                 ; 70                 ;
; Auto Carry Chains                                                          ; On                 ; On                 ;
; Auto Open-Drain Pins                                                       ; On                 ; On                 ;
; Perform WYSIWYG Primitive Resynthesis                                      ; Off                ; Off                ;
; Auto ROM Replacement                                                       ; On                 ; On                 ;
; Auto RAM Replacement                                                       ; On                 ; On                 ;
; Auto DSP Block Replacement                                                 ; On                 ; On                 ;
; Auto Shift Register Replacement                                            ; Auto               ; Auto               ;
; Allow Shift Register Merging across Hierarchies                            ; Auto               ; Auto               ;
; Auto Clock Enable Replacement                                              ; On                 ; On                 ;
; Strict RAM Replacement                                                     ; Off                ; Off                ;
; Allow Synchronous Control Signals                                          ; On                 ; On                 ;
; Force Use of Synchronous Clear Signals                                     ; Off                ; Off                ;
; Auto RAM Block Balancing                                                   ; On                 ; On                 ;
; Auto RAM to Logic Cell Conversion                                          ; Off                ; Off                ;
; Auto Resource Sharing                                                      ; Off                ; Off                ;
; Allow Any RAM Size For Recognition                                         ; Off                ; Off                ;
; Allow Any ROM Size For Recognition                                         ; Off                ; Off                ;
; Allow Any Shift Register Size For Recognition                              ; Off                ; Off                ;
; Use LogicLock Constraints during Resource Balancing                        ; On                 ; On                 ;
; Ignore translate_off and synthesis_off directives                          ; Off                ; Off                ;
; Timing-Driven Synthesis                                                    ; On                 ; On                 ;
; Report Parameter Settings                                                  ; On                 ; On                 ;
; Report Source Assignments                                                  ; On                 ; On                 ;
; Report Connectivity Checks                                                 ; On                 ; On                 ;
; Ignore Maximum Fan-Out Assignments                                         ; Off                ; Off                ;
; Synchronization Register Chain Length                                      ; 2                  ; 2                  ;
; PowerPlay Power Optimization                                               ; Normal compilation ; Normal compilation ;
; HDL message level                                                          ; Level2             ; Level2             ;
; Suppress Register Optimization Related Messages                            ; Off                ; Off                ;
; Number of Removed Registers Reported in Synthesis Report                   ; 5000               ; 5000               ;
; Number of Swept Nodes Reported in Synthesis Report                         ; 5000               ; 5000               ;
; Number of Inverted Registers Reported in Synthesis Report                  ; 100                ; 100                ;
; Clock MUX Protection                                                       ; On                 ; On                 ;
; Auto Gated Clock Conversion                                                ; Off                ; Off                ;
; Block Design Naming                                                        ; Auto               ; Auto               ;
; SDC constraint protection                                                  ; Off                ; Off                ;
; Synthesis Effort                                                           ; Auto               ; Auto               ;
; Shift Register Replacement - Allow Asynchronous Clear Signal               ; On                 ; On                 ;
; Pre-Mapping Resynthesis Optimization                                       ; Off                ; Off                ;
; Analysis & Synthesis Message Level                                         ; Medium             ; Medium             ;
; Disable Register Merging Across Hierarchies                                ; Auto               ; Auto               ;
; Resource Aware Inference For Block RAM                                     ; On                 ; On                 ;
; Synthesis Seed                                                             ; 1                  ; 1                  ;
+----------------------------------------------------------------------------+--------------------+--------------------+


+------------------------------------------+
; Parallel Compilation                     ;
+----------------------------+-------------+
; Processors                 ; Number      ;
+----------------------------+-------------+
; Number detected on machine ; 8           ;
; Maximum allowed            ; 4           ;
;                            ;             ;
; Average used               ; 1.00        ;
; Maximum used               ; 4           ;
;                            ;             ;
; Usage by Processor         ; % Time Used ;
;     Processor 1            ; 100.0%      ;
;     Processors 2-4         ; < 0.1%      ;
;     Processors 5-8         ;   0.0%      ;
+----------------------------+-------------+


+---------------------------------------------------------------------------------------------------------------------------------------------------------------------+
; Analysis & Synthesis Source Files Read                                                                                                                              ;
+----------------------------------+-----------------+------------------------------+-----------------------------------------------------------------------+---------+
; File Name with User-Entered Path ; Used in Netlist ; File Type                    ; File Name with Absolute Path                                          ; Library ;
+----------------------------------+-----------------+------------------------------+-----------------------------------------------------------------------+---------+
; pwm.v                            ; yes             ; User Verilog HDL File        ; F:/LQbishe/shiyan/14 pwm/pwm.v                                        ;         ;
; Duty_Period_Adjust_module.v      ; yes             ; User Verilog HDL File        ; F:/LQbishe/shiyan/14 pwm/Duty_Period_Adjust_module.v                  ;         ;
; PWM_Generate_module.v            ; yes             ; User Verilog HDL File        ; F:/LQbishe/shiyan/14 pwm/PWM_Generate_module.v                        ;         ;
; Digitron_NumDisplay_module.v     ; yes             ; User Verilog HDL File        ; F:/LQbishe/shiyan/14 pwm/Digitron_NumDisplay_module.v                 ;         ;
; Jitter_Elimination_module.v      ; yes             ; User Verilog HDL File        ; F:/LQbishe/shiyan/14 pwm/Jitter_Elimination_module.v                  ;         ;
; lpm_mult.tdf                     ; yes             ; Megafunction                 ; d:/altera/13.0sp1/quartus/libraries/megafunctions/lpm_mult.tdf        ;         ;
; aglobal130.inc                   ; yes             ; Megafunction                 ; d:/altera/13.0sp1/quartus/libraries/megafunctions/aglobal130.inc      ;         ;
; lpm_add_sub.inc                  ; yes             ; Megafunction                 ; d:/altera/13.0sp1/quartus/libraries/megafunctions/lpm_add_sub.inc     ;         ;
; multcore.inc                     ; yes             ; Megafunction                 ; d:/altera/13.0sp1/quartus/libraries/megafunctions/multcore.inc        ;         ;
; bypassff.inc                     ; yes             ; Megafunction                 ; d:/altera/13.0sp1/quartus/libraries/megafunctions/bypassff.inc        ;         ;
; altshift.inc                     ; yes             ; Megafunction                 ; d:/altera/13.0sp1/quartus/libraries/megafunctions/altshift.inc        ;         ;
; db/mult_mbt.tdf                  ; yes             ; Auto-Generated Megafunction  ; F:/LQbishe/shiyan/14 pwm/db/mult_mbt.tdf                              ;         ;
; lpm_divide.tdf                   ; yes             ; Megafunction                 ; d:/altera/13.0sp1/quartus/libraries/megafunctions/lpm_divide.tdf      ;         ;
; abs_divider.inc                  ; yes             ; Megafunction                 ; d:/altera/13.0sp1/quartus/libraries/megafunctions/abs_divider.inc     ;         ;
; sign_div_unsign.inc              ; yes             ; Megafunction                 ; d:/altera/13.0sp1/quartus/libraries/megafunctions/sign_div_unsign.inc ;         ;
; db/lpm_divide_3jm.tdf            ; yes             ; Auto-Generated Megafunction  ; F:/LQbishe/shiyan/14 pwm/db/lpm_divide_3jm.tdf                        ;         ;
; db/sign_div_unsign_rlh.tdf       ; yes             ; Auto-Generated Megafunction  ; F:/LQbishe/shiyan/14 pwm/db/sign_div_unsign_rlh.tdf                   ;         ;
; db/alt_u_div_a7f.tdf             ; yes             ; Auto-Generated Megafunction  ; F:/LQbishe/shiyan/14 pwm/db/alt_u_div_a7f.tdf                         ;         ;
; db/add_sub_7pc.tdf               ; yes             ; Auto-Generated Megafunction  ; F:/LQbishe/shiyan/14 pwm/db/add_sub_7pc.tdf                           ;         ;
; db/add_sub_8pc.tdf               ; yes             ; Auto-Generated Megafunction  ; F:/LQbishe/shiyan/14 pwm/db/add_sub_8pc.tdf                           ;         ;
+----------------------------------+-----------------+------------------------------+-----------------------------------------------------------------------+---------+


+---------------------------------------------------------+
; Analysis & Synthesis Resource Usage Summary             ;
+---------------------------------------------+-----------+
; Resource                                    ; Usage     ;
+---------------------------------------------+-----------+
; Estimated Total logic elements              ; 833       ;
;                                             ;           ;
; Total combinational functions               ; 824       ;
; Logic element usage by number of LUT inputs ;           ;
;     -- 4 input functions                    ; 221       ;
;     -- 3 input functions                    ; 208       ;
;     -- <=2 input functions                  ; 395       ;
;                                             ;           ;
; Logic elements by mode                      ;           ;
;     -- normal mode                          ; 534       ;
;     -- arithmetic mode                      ; 290       ;
;                                             ;           ;
; Total registers                             ; 85        ;
;     -- Dedicated logic registers            ; 85        ;
;     -- I/O registers                        ; 0         ;
;                                             ;           ;
; I/O pins                                    ; 24        ;
; Embedded Multiplier 9-bit elements          ; 3         ;
; Maximum fan-out node                        ; CLK~input ;
; Maximum fan-out                             ; 85        ;
; Total fan-out                               ; 2621      ;
; Average fan-out                             ; 2.73      ;
+---------------------------------------------+-----------+


+----------------------------------------------------------------------------------------------------------------------------------------------------------------------------------------------------------------------------------------------------------------------------------------------------+
; Analysis & Synthesis Resource Utilization by Entity                                                                                                                                                                                                                                                ;
+-------------------------------------------+-------------------+--------------+-------------+--------------+---------+-----------+------+--------------+-----------------------------------------------------------------------------------------------------------------------------+--------------+
; Compilation Hierarchy Node                ; LC Combinationals ; LC Registers ; Memory Bits ; DSP Elements ; DSP 9x9 ; DSP 18x18 ; Pins ; Virtual Pins ; Full Hierarchy Name                                                                                                         ; Library Name ;
+-------------------------------------------+-------------------+--------------+-------------+--------------+---------+-----------+------+--------------+-----------------------------------------------------------------------------------------------------------------------------+--------------+
; |pwm                                      ; 824 (0)           ; 85 (0)       ; 0           ; 3            ; 1       ; 1         ; 24   ; 0            ; |pwm                                                                                                                        ; work         ;
;    |Digitron_NumDisplay_module:U3|        ; 95 (95)           ; 26 (26)      ; 0           ; 0            ; 0       ; 0         ; 0    ; 0            ; |pwm|Digitron_NumDisplay_module:U3                                                                                          ; work         ;
;    |Duty_Period_Adjust_module:U1|         ; 109 (103)         ; 35 (27)      ; 0           ; 0            ; 0       ; 0         ; 0    ; 0            ; |pwm|Duty_Period_Adjust_module:U1                                                                                           ; work         ;
;       |Jitter_Elimination_module:U1|      ; 2 (2)             ; 2 (2)        ; 0           ; 0            ; 0       ; 0         ; 0    ; 0            ; |pwm|Duty_Period_Adjust_module:U1|Jitter_Elimination_module:U1                                                              ; work         ;
;       |Jitter_Elimination_module:U2|      ; 1 (1)             ; 2 (2)        ; 0           ; 0            ; 0       ; 0         ; 0    ; 0            ; |pwm|Duty_Period_Adjust_module:U1|Jitter_Elimination_module:U2                                                              ; work         ;
;       |Jitter_Elimination_module:U3|      ; 2 (2)             ; 2 (2)        ; 0           ; 0            ; 0       ; 0         ; 0    ; 0            ; |pwm|Duty_Period_Adjust_module:U1|Jitter_Elimination_module:U3                                                              ; work         ;
;       |Jitter_Elimination_module:U4|      ; 1 (1)             ; 2 (2)        ; 0           ; 0            ; 0       ; 0         ; 0    ; 0            ; |pwm|Duty_Period_Adjust_module:U1|Jitter_Elimination_module:U4                                                              ; work         ;
;    |PWM_Generate_module:U2|               ; 620 (83)          ; 24 (24)      ; 0           ; 3            ; 1       ; 1         ; 0    ; 0            ; |pwm|PWM_Generate_module:U2                                                                                                 ; work         ;
;       |lpm_divide:Div0|                   ; 523 (0)           ; 0 (0)        ; 0           ; 0            ; 0       ; 0         ; 0    ; 0            ; |pwm|PWM_Generate_module:U2|lpm_divide:Div0                                                                                 ; work         ;
;          |lpm_divide_3jm:auto_generated|  ; 523 (0)           ; 0 (0)        ; 0           ; 0            ; 0       ; 0         ; 0    ; 0            ; |pwm|PWM_Generate_module:U2|lpm_divide:Div0|lpm_divide_3jm:auto_generated                                                   ; work         ;
;             |sign_div_unsign_rlh:divider| ; 523 (0)           ; 0 (0)        ; 0           ; 0            ; 0       ; 0         ; 0    ; 0            ; |pwm|PWM_Generate_module:U2|lpm_divide:Div0|lpm_divide_3jm:auto_generated|sign_div_unsign_rlh:divider                       ; work         ;
;                |alt_u_div_a7f:divider|    ; 523 (523)         ; 0 (0)        ; 0           ; 0            ; 0       ; 0         ; 0    ; 0            ; |pwm|PWM_Generate_module:U2|lpm_divide:Div0|lpm_divide_3jm:auto_generated|sign_div_unsign_rlh:divider|alt_u_div_a7f:divider ; work         ;
;       |lpm_mult:Mult0|                    ; 14 (0)            ; 0 (0)        ; 0           ; 3            ; 1       ; 1         ; 0    ; 0            ; |pwm|PWM_Generate_module:U2|lpm_mult:Mult0                                                                                  ; work         ;
;          |mult_mbt:auto_generated|        ; 14 (14)           ; 0 (0)        ; 0           ; 3            ; 1       ; 1         ; 0    ; 0            ; |pwm|PWM_Generate_module:U2|lpm_mult:Mult0|mult_mbt:auto_generated                                                          ; work         ;
+-------------------------------------------+-------------------+--------------+-------------+--------------+---------+-----------+------+--------------+-----------------------------------------------------------------------------------------------------------------------------+--------------+
Note: For table entries with two numbers listed, the numbers in parentheses indicate the number of resources of the given type used by the specific entity alone. The numbers listed outside of parentheses indicate the total resources of the given type used by the specific entity and all of its sub-entities in the hierarchy.


+-----------------------------------------------------+
; Analysis & Synthesis DSP Block Usage Summary        ;
+---------------------------------------+-------------+
; Statistic                             ; Number Used ;
+---------------------------------------+-------------+
; Simple Multipliers (9-bit)            ; 1           ;
; Simple Multipliers (18-bit)           ; 1           ;
; Embedded Multiplier Blocks            ; --          ;
; Embedded Multiplier 9-bit elements    ; 3           ;
; Signed Embedded Multipliers           ; 0           ;
; Unsigned Embedded Multipliers         ; 2           ;
; Mixed Sign Embedded Multipliers       ; 0           ;
; Variable Sign Embedded Multipliers    ; 0           ;
; Dedicated Input Shift Register Chains ; 0           ;
+---------------------------------------+-------------+
Note: number of Embedded Multiplier Blocks used is only available after a successful fit.


+-------------------------------------------------------------------------------------------------------+
; Registers Removed During Synthesis                                                                    ;
+-------------------------------------------------+-----------------------------------------------------+
; Register name                                   ; Reason for Removal                                  ;
+-------------------------------------------------+-----------------------------------------------------+
; Digitron_NumDisplay_module:U3|W_Digitron_Out[7] ; Stuck at GND due to stuck port data_in              ;
; Duty_Period_Adjust_module:U1|Count_P[1..3]      ; Merged with Duty_Period_Adjust_module:U1|Count_P[0] ;
; Duty_Period_Adjust_module:U1|Duty[0]            ; Stuck at GND due to stuck port data_in              ;
; Duty_Period_Adjust_module:U1|Count_P[0]         ; Stuck at GND due to stuck port data_in              ;
; Total Number of Removed Registers = 6           ;                                                     ;
+-------------------------------------------------+-----------------------------------------------------+


+------------------------------------------------------+
; General Register Statistics                          ;
+----------------------------------------------+-------+
; Statistic                                    ; Value ;
+----------------------------------------------+-------+
; Total registers                              ; 85    ;
; Number of registers using Synchronous Clear  ; 24    ;
; Number of registers using Synchronous Load   ; 0     ;
; Number of registers using Asynchronous Clear ; 73    ;
; Number of registers using Asynchronous Load  ; 0     ;
; Number of registers using Clock Enable       ; 45    ;
; Number of registers using Preset             ; 0     ;
+----------------------------------------------+-------+


+--------------------------------------------------------------------------+
; Inverted Register Statistics                                             ;
+----------------------------------------------------------------+---------+
; Inverted Register                                              ; Fan out ;
+----------------------------------------------------------------+---------+
; Digitron_NumDisplay_module:U3|W_DigitronCS_Out[0]              ; 18      ;
; Digitron_NumDisplay_module:U3|W_DigitronCS_Out[1]              ; 12      ;
; Digitron_NumDisplay_module:U3|W_DigitronCS_Out[2]              ; 12      ;
; Digitron_NumDisplay_module:U3|W_DigitronCS_Out[3]              ; 8       ;
; Digitron_NumDisplay_module:U3|W_DigitronCS_Out[4]              ; 6       ;
; Digitron_NumDisplay_module:U3|W_DigitronCS_Out[5]              ; 5       ;
; Duty_Period_Adjust_module:U1|Count_P[12]                       ; 6       ;
; Duty_Period_Adjust_module:U1|Count_P[4]                        ; 7       ;
; Duty_Period_Adjust_module:U1|Count_P[16]                       ; 7       ;
; Duty_Period_Adjust_module:U1|Duty[4]                           ; 6       ;
; Duty_Period_Adjust_module:U1|Duty[1]                           ; 6       ;
; Duty_Period_Adjust_module:U1|Count_P[17]                       ; 7       ;
; Duty_Period_Adjust_module:U1|Duty[5]                           ; 7       ;
; Duty_Period_Adjust_module:U1|Count_P[14]                       ; 7       ;
; Duty_Period_Adjust_module:U1|Count_P[15]                       ; 6       ;
; Duty_Period_Adjust_module:U1|Count_P[7]                        ; 6       ;
; Duty_Period_Adjust_module:U1|Jitter_Elimination_module:U3|neg1 ; 18      ;
; Duty_Period_Adjust_module:U1|Jitter_Elimination_module:U3|neg2 ; 17      ;
; Duty_Period_Adjust_module:U1|Jitter_Elimination_module:U4|neg2 ; 1       ;
; Duty_Period_Adjust_module:U1|Jitter_Elimination_module:U4|neg1 ; 2       ;
; Duty_Period_Adjust_module:U1|Jitter_Elimination_module:U1|neg1 ; 5       ;
; Duty_Period_Adjust_module:U1|Jitter_Elimination_module:U1|neg2 ; 4       ;
; Duty_Period_Adjust_module:U1|Jitter_Elimination_module:U2|neg2 ; 1       ;
; Duty_Period_Adjust_module:U1|Jitter_Elimination_module:U2|neg1 ; 2       ;
; Total number of inverted registers = 24                        ;         ;
+----------------------------------------------------------------+---------+


+-------------------------------------------------------------------------------------------------------------------------------------------------------------+
; Multiplexer Restructuring Statistics (Restructuring Performed)                                                                                              ;
+--------------------+-----------+---------------+----------------------+------------------------+------------+-----------------------------------------------+
; Multiplexer Inputs ; Bus Width ; Baseline Area ; Area if Restructured ; Saving if Restructured ; Registered ; Example Multiplexer Output                    ;
+--------------------+-----------+---------------+----------------------+------------------------+------------+-----------------------------------------------+
; 5:1                ; 7 bits    ; 21 LEs        ; 14 LEs               ; 7 LEs                  ; Yes        ; |pwm|Duty_Period_Adjust_module:U1|Duty[1]     ;
; 5:1                ; 20 bits   ; 60 LEs        ; 40 LEs               ; 20 LEs                 ; Yes        ; |pwm|Duty_Period_Adjust_module:U1|Count_P[13] ;
; 48:1               ; 4 bits    ; 128 LEs       ; 40 LEs               ; 88 LEs                 ; No         ; |pwm|Digitron_NumDisplay_module:U3|SingleNum  ;
+--------------------+-----------+---------------+----------------------+------------------------+------------+-----------------------------------------------+


+----------------------------------------------------------------------------+
; Parameter Settings for User Entity Instance: Digitron_NumDisplay_module:U3 ;
+----------------+------------------+----------------------------------------+
; Parameter Name ; Value            ; Type                                   ;
+----------------+------------------+----------------------------------------+
; T100MS         ; 0000000011001000 ; Unsigned Binary                        ;
; _0             ; 00111111         ; Unsigned Binary                        ;
; _1             ; 00000110         ; Unsigned Binary                        ;
; _2             ; 01011011         ; Unsigned Binary                        ;
; _3             ; 01001111         ; Unsigned Binary                        ;
; _4             ; 01100110         ; Unsigned Binary                        ;
; _5             ; 01101101         ; Unsigned Binary                        ;
; _6             ; 01111101         ; Unsigned Binary                        ;
; _7             ; 00000111         ; Unsigned Binary                        ;
; _8             ; 01111111         ; Unsigned Binary                        ;
; _9             ; 01101111         ; Unsigned Binary                        ;
; _A             ; 01110111         ; Unsigned Binary                        ;
; _B             ; 01111100         ; Unsigned Binary                        ;
; _C             ; 00111001         ; Unsigned Binary                        ;
; _D             ; 01011110         ; Unsigned Binary                        ;
; _E             ; 01111001         ; Unsigned Binary                        ;
; _F             ; 01110001         ; Unsigned Binary                        ;
; _Wu            ; 01000000         ; Unsigned Binary                        ;
+----------------+------------------+----------------------------------------+
Note: In order to hide this table in the UI and the text report file, please set the "Show Parameter Settings in Synthesis Report" option in "Analysis and Synthesis Settings -> More Settings" to "Off".


+----------------------------------------------------------------------------------------+
; Parameter Settings for Inferred Entity Instance: PWM_Generate_module:U2|lpm_mult:Mult0 ;
+------------------------------------------------+--------------+------------------------+
; Parameter Name                                 ; Value        ; Type                   ;
+------------------------------------------------+--------------+------------------------+
; AUTO_CARRY_CHAINS                              ; ON           ; AUTO_CARRY             ;
; IGNORE_CARRY_BUFFERS                           ; OFF          ; IGNORE_CARRY           ;
; AUTO_CASCADE_CHAINS                            ; ON           ; AUTO_CASCADE           ;
; IGNORE_CASCADE_BUFFERS                         ; OFF          ; IGNORE_CASCADE         ;
; LPM_WIDTHA                                     ; 8            ; Untyped                ;
; LPM_WIDTHB                                     ; 24           ; Untyped                ;
; LPM_WIDTHP                                     ; 32           ; Untyped                ;
; LPM_WIDTHR                                     ; 32           ; Untyped                ;
; LPM_WIDTHS                                     ; 1            ; Untyped                ;
; LPM_REPRESENTATION                             ; UNSIGNED     ; Untyped                ;
; LPM_PIPELINE                                   ; 0            ; Untyped                ;
; LATENCY                                        ; 0            ; Untyped                ;
; INPUT_A_IS_CONSTANT                            ; NO           ; Untyped                ;
; INPUT_B_IS_CONSTANT                            ; NO           ; Untyped                ;
; USE_EAB                                        ; OFF          ; Untyped                ;
; MAXIMIZE_SPEED                                 ; 5            ; Untyped                ;
; DEVICE_FAMILY                                  ; Cyclone IV E ; Untyped                ;
; CARRY_CHAIN                                    ; MANUAL       ; Untyped                ;
; APEX20K_TECHNOLOGY_MAPPER                      ; LUT          ; TECH_MAPPER_APEX20K    ;
; DEDICATED_MULTIPLIER_CIRCUITRY                 ; AUTO         ; Untyped                ;
; DEDICATED_MULTIPLIER_MIN_INPUT_WIDTH_FOR_AUTO  ; 0            ; Untyped                ;
; DEDICATED_MULTIPLIER_MIN_OUTPUT_WIDTH_FOR_AUTO ; 0            ; Untyped                ;
; CBXI_PARAMETER                                 ; mult_mbt     ; Untyped                ;
; INPUT_A_FIXED_VALUE                            ; Bx           ; Untyped                ;
; INPUT_B_FIXED_VALUE                            ; Bx           ; Untyped                ;
; USE_AHDL_IMPLEMENTATION                        ; OFF          ; Untyped                ;
+------------------------------------------------+--------------+------------------------+
Note: In order to hide this table in the UI and the text report file, please set the "Show Parameter Settings in Synthesis Report" option in "Analysis and Synthesis Settings -> More Settings" to "Off".


+-----------------------------------------------------------------------------------------+
; Parameter Settings for Inferred Entity Instance: PWM_Generate_module:U2|lpm_divide:Div0 ;
+------------------------+----------------+-----------------------------------------------+
; Parameter Name         ; Value          ; Type                                          ;
+------------------------+----------------+-----------------------------------------------+
; LPM_WIDTHN             ; 32             ; Untyped                                       ;
; LPM_WIDTHD             ; 7              ; Untyped                                       ;
; LPM_NREPRESENTATION    ; UNSIGNED       ; Untyped                                       ;
; LPM_DREPRESENTATION    ; UNSIGNED       ; Untyped                                       ;
; LPM_PIPELINE           ; 0              ; Untyped                                       ;
; LPM_REMAINDERPOSITIVE  ; TRUE           ; Untyped                                       ;
; MAXIMIZE_SPEED         ; 5              ; Untyped                                       ;
; CBXI_PARAMETER         ; lpm_divide_3jm ; Untyped                                       ;
; CARRY_CHAIN            ; MANUAL         ; Untyped                                       ;
; OPTIMIZE_FOR_SPEED     ; 5              ; Untyped                                       ;
; AUTO_CARRY_CHAINS      ; ON             ; AUTO_CARRY                                    ;
; IGNORE_CARRY_BUFFERS   ; OFF            ; IGNORE_CARRY                                  ;
; AUTO_CASCADE_CHAINS    ; ON             ; AUTO_CASCADE                                  ;
; IGNORE_CASCADE_BUFFERS ; OFF            ; IGNORE_CASCADE                                ;
+------------------------+----------------+-----------------------------------------------+
Note: In order to hide this table in the UI and the text report file, please set the "Show Parameter Settings in Synthesis Report" option in "Analysis and Synthesis Settings -> More Settings" to "Off".


+-------------------------------------------------------------------------------+
; lpm_mult Parameter Settings by Entity Instance                                ;
+---------------------------------------+---------------------------------------+
; Name                                  ; Value                                 ;
+---------------------------------------+---------------------------------------+
; Number of entity instances            ; 1                                     ;
; Entity Instance                       ; PWM_Generate_module:U2|lpm_mult:Mult0 ;
;     -- LPM_WIDTHA                     ; 8                                     ;
;     -- LPM_WIDTHB                     ; 24                                    ;
;     -- LPM_WIDTHP                     ; 32                                    ;
;     -- LPM_REPRESENTATION             ; UNSIGNED                              ;
;     -- INPUT_A_IS_CONSTANT            ; NO                                    ;
;     -- INPUT_B_IS_CONSTANT            ; NO                                    ;
;     -- USE_EAB                        ; OFF                                   ;
;     -- DEDICATED_MULTIPLIER_CIRCUITRY ; AUTO                                  ;
;     -- INPUT_A_FIXED_VALUE            ; Bx                                    ;
;     -- INPUT_B_FIXED_VALUE            ; Bx                                    ;
+---------------------------------------+---------------------------------------+


+-------------------------------+
; Elapsed Time Per Partition    ;
+----------------+--------------+
; Partition Name ; Elapsed Time ;
+----------------+--------------+
; Top            ; 00:00:01     ;
+----------------+--------------+


+-------------------------------+
; Analysis & Synthesis Messages ;
+-------------------------------+
Info: *******************************************************************
Info: Running Quartus II 64-Bit Analysis & Synthesis
    Info: Version 13.0.1 Build 232 06/12/2013 Service Pack 1 SJ Full Version
    Info: Processing started: Sat May 13 12:17:13 2017
Info: Command: quartus_map --read_settings_files=on --write_settings_files=off pwm -c pwm
Info (11104): Parallel Compilation has detected 8 hyper-threaded processors. However, the extra hyper-threaded processors will not be used by default. Parallel Compilation will use 4 of the 4 physical processors detected instead.
Info (12021): Found 1 design units, including 1 entities, in source file pwm.v
    Info (12023): Found entity 1: pwm
Info (12021): Found 1 design units, including 1 entities, in source file duty_period_adjust_module.v
    Info (12023): Found entity 1: Duty_Period_Adjust_module
Info (12021): Found 1 design units, including 1 entities, in source file pwm_generate_module.v
    Info (12023): Found entity 1: PWM_Generate_module
Info (12021): Found 1 design units, including 1 entities, in source file digitron_numdisplay_module.v
    Info (12023): Found entity 1: Digitron_NumDisplay_module
Info (12021): Found 1 design units, including 1 entities, in source file jitter_elimination_module.v
    Info (12023): Found entity 1: Jitter_Elimination_module
Info (12127): Elaborating entity "pwm" for the top level hierarchy
Info (12128): Elaborating entity "Duty_Period_Adjust_module" for hierarchy "Duty_Period_Adjust_module:U1"
Warning (10230): Verilog HDL assignment warning at Duty_Period_Adjust_module.v(59): truncated value with size 32 to match size of target (8)
Warning (10230): Verilog HDL assignment warning at Duty_Period_Adjust_module.v(64): truncated value with size 32 to match size of target (8)
Warning (10230): Verilog HDL assignment warning at Duty_Period_Adjust_module.v(82): truncated value with size 32 to match size of target (24)
Warning (10230): Verilog HDL assignment warning at Duty_Period_Adjust_module.v(89): truncated value with size 32 to match size of target (24)
Info (12128): Elaborating entity "Jitter_Elimination_module" for hierarchy "Duty_Period_Adjust_module:U1|Jitter_Elimination_module:U1"
Info (12128): Elaborating entity "PWM_Generate_module" for hierarchy "PWM_Generate_module:U2"
Warning (10230): Verilog HDL assignment warning at PWM_Generate_module.v(15): truncated value with size 32 to match size of target (24)
Info (12128): Elaborating entity "Digitron_NumDisplay_module" for hierarchy "Digitron_NumDisplay_module:U3"
Warning (10230): Verilog HDL assignment warning at Digitron_NumDisplay_module.v(32): truncated value with size 23 to match size of target (8)
Warning (10230): Verilog HDL assignment warning at Digitron_NumDisplay_module.v(37): truncated value with size 23 to match size of target (8)
Warning (10230): Verilog HDL assignment warning at Digitron_NumDisplay_module.v(99): truncated value with size 8 to match size of target (6)
Info (278001): Inferred 2 megafunctions from design logic
    Info (278003): Inferred multiplier megafunction ("lpm_mult") from the following logic: "PWM_Generate_module:U2|Mult0"
    Info (278004): Inferred divider/modulo megafunction ("lpm_divide") from the following logic: "PWM_Generate_module:U2|Div0"
Info (12130): Elaborated megafunction instantiation "PWM_Generate_module:U2|lpm_mult:Mult0"
Info (12133): Instantiated megafunction "PWM_Generate_module:U2|lpm_mult:Mult0" with the following parameter:
    Info (12134): Parameter "LPM_WIDTHA" = "8"
    Info (12134): Parameter "LPM_WIDTHB" = "24"
    Info (12134): Parameter "LPM_WIDTHP" = "32"
    Info (12134): Parameter "LPM_WIDTHR" = "32"
    Info (12134): Parameter "LPM_WIDTHS" = "1"
    Info (12134): Parameter "LPM_REPRESENTATION" = "UNSIGNED"
    Info (12134): Parameter "INPUT_A_IS_CONSTANT" = "NO"
    Info (12134): Parameter "INPUT_B_IS_CONSTANT" = "NO"
    Info (12134): Parameter "MAXIMIZE_SPEED" = "5"
Info (12021): Found 1 design units, including 1 entities, in source file db/mult_mbt.tdf
    Info (12023): Found entity 1: mult_mbt
Info (12130): Elaborated megafunction instantiation "PWM_Generate_module:U2|lpm_divide:Div0"
Info (12133): Instantiated megafunction "PWM_Generate_module:U2|lpm_divide:Div0" with the following parameter:
    Info (12134): Parameter "LPM_WIDTHN" = "32"
    Info (12134): Parameter "LPM_WIDTHD" = "7"
    Info (12134): Parameter "LPM_NREPRESENTATION" = "UNSIGNED"
    Info (12134): Parameter "LPM_DREPRESENTATION" = "UNSIGNED"
Info (12021): Found 1 design units, including 1 entities, in source file db/lpm_divide_3jm.tdf
    Info (12023): Found entity 1: lpm_divide_3jm
Info (12021): Found 1 design units, including 1 entities, in source file db/sign_div_unsign_rlh.tdf
    Info (12023): Found entity 1: sign_div_unsign_rlh
Info (12021): Found 1 design units, including 1 entities, in source file db/alt_u_div_a7f.tdf
    Info (12023): Found entity 1: alt_u_div_a7f
Info (12021): Found 1 design units, including 1 entities, in source file db/add_sub_7pc.tdf
    Info (12023): Found entity 1: add_sub_7pc
Info (12021): Found 1 design units, including 1 entities, in source file db/add_sub_8pc.tdf
    Info (12023): Found entity 1: add_sub_8pc
Info (13014): Ignored 36 buffer(s)
    Info (13019): Ignored 36 SOFT buffer(s)
Info (13000): Registers with preset signals will power-up high
Info (13003): DEV_CLRn pin will set, and not reset, register with preset signal due to NOT Gate Push-Back
Warning (13024): Output pins are stuck at VCC or GND
    Warning (13410): Pin "Digitron_Out[7]" is stuck at GND
Info (286030): Timing-Driven Synthesis is running
Info (144001): Generated suppressed messages file F:/LQbishe/shiyan/14 pwm/output_files/pwm.map.smsg
Info (16010): Generating hard_block partition "hard_block:auto_generated_inst"
    Info (16011): Adding 0 node(s), including 0 DDIO, 0 PLL, 0 transceiver and 0 LCELL
Info (21057): Implemented 865 device resources after synthesis - the final resource count might be different
    Info (21058): Implemented 8 input pins
    Info (21059): Implemented 16 output pins
    Info (21061): Implemented 838 logic cells
    Info (21062): Implemented 3 DSP elements
Info: Quartus II 64-Bit Analysis & Synthesis was successful. 0 errors, 10 warnings
    Info: Peak virtual memory: 511 megabytes
    Info: Processing ended: Sat May 13 12:17:16 2017
    Info: Elapsed time: 00:00:03
    Info: Total CPU time (on all processors): 00:00:03


+------------------------------------------+
; Analysis & Synthesis Suppressed Messages ;
+------------------------------------------+
The suppressed messages can be found in F:/LQbishe/shiyan/14 pwm/output_files/pwm.map.smsg.


