Analysis & Synthesis report for DDS
Sat May 13 20:43:56 2017
Quartus II 64-Bit Version 13.0.1 Build 232 06/12/2013 Service Pack 1 SJ Full Version


---------------------
; Table of Contents ;
---------------------
  1. Legal Notice
  2. Analysis & Synthesis Summary
  3. Analysis & Synthesis Settings
  4. Parallel Compilation
  5. Analysis & Synthesis Source Files Read
  6. Analysis & Synthesis Resource Usage Summary
  7. Analysis & Synthesis Resource Utilization by Entity
  8. Analysis & Synthesis RAM Summary
  9. Analysis & Synthesis IP Cores Summary
 10. General Register Statistics
 11. Inverted Register Statistics
 12. Multiplexer Restructuring Statistics (Restructuring Performed)
 13. Source assignments for choose_wave_module:U2|dds_sin_rom:Sin_Rom|altsyncram:altsyncram_component|altsyncram_ad91:auto_generated
 14. Source assignments for choose_wave_module:U2|dds_square_rom:Square_Rom|altsyncram:altsyncram_component|altsyncram_hn91:auto_generated
 15. Source assignments for choose_wave_module:U2|dds_sawtooth_rom:Sawtooth_Rom|altsyncram:altsyncram_component|altsyncram_pu91:auto_generated
 16. Parameter Settings for User Entity Instance: choose_wave_module:U2|dds_sin_rom:Sin_Rom|altsyncram:altsyncram_component
 17. Parameter Settings for User Entity Instance: choose_wave_module:U2|dds_square_rom:Square_Rom|altsyncram:altsyncram_component
 18. Parameter Settings for User Entity Instance: choose_wave_module:U2|dds_sawtooth_rom:Sawtooth_Rom|altsyncram:altsyncram_component
 19. altsyncram Parameter Settings by Entity Instance
 20. Elapsed Time Per Partition
 21. Analysis & Synthesis Messages



----------------
; Legal Notice ;
----------------
Copyright (C) 1991-2013 Altera Corporation
Your use of Altera Corporation's design tools, logic functions 
and other software and tools, and its AMPP partner logic 
functions, and any output files from any of the foregoing 
(including device programming or simulation files), and any 
associated documentation or information are expressly subject 
to the terms and conditions of the Altera Program License 
Subscription Agreement, Altera MegaCore Function License 
Agreement, or other applicable license agreement, including, 
without limitation, that your use is for the sole purpose of 
programming logic devices manufactured by Altera and sold by 
Altera or its authorized distributors.  Please refer to the 
applicable agreement for further details.



+---------------------------------------------------------------------------------------+
; Analysis & Synthesis Summary                                                          ;
+------------------------------------+--------------------------------------------------+
; Analysis & Synthesis Status        ; Successful - Sat May 13 20:43:56 2017            ;
; Quartus II 64-Bit Version          ; 13.0.1 Build 232 06/12/2013 SP 1 SJ Full Version ;
; Revision Name                      ; DDS                                              ;
; Top-level Entity Name              ; DDS                                              ;
; Family                             ; Cyclone IV E                                     ;
; Total logic elements               ; 83                                               ;
;     Total combinational functions  ; 81                                               ;
;     Dedicated logic registers      ; 36                                               ;
; Total registers                    ; 36                                               ;
; Total pins                         ; 16                                               ;
; Total virtual pins                 ; 0                                                ;
; Total memory bits                  ; 98,304                                           ;
; Embedded Multiplier 9-bit elements ; 0                                                ;
; Total PLLs                         ; 0                                                ;
+------------------------------------+--------------------------------------------------+


+----------------------------------------------------------------------------------------------------------------------+
; Analysis & Synthesis Settings                                                                                        ;
+----------------------------------------------------------------------------+--------------------+--------------------+
; Option                                                                     ; Setting            ; Default Value      ;
+----------------------------------------------------------------------------+--------------------+--------------------+
; Device                                                                     ; EP4CE6F17C8        ;                    ;
; Top-level entity name                                                      ; DDS                ; DDS                ;
; Family name                                                                ; Cyclone IV E       ; Cyclone IV GX      ;
; Use smart compilation                                                      ; Off                ; Off                ;
; Enable parallel Assembler and TimeQuest Timing Analyzer during compilation ; On                 ; On                 ;
; Enable compact report table                                                ; Off                ; Off                ;
; Restructure Multiplexers                                                   ; Auto               ; Auto               ;
; Create Debugging Nodes for IP Cores                                        ; Off                ; Off                ;
; Preserve fewer node names                                                  ; On                 ; On                 ;
; Disable OpenCore Plus hardware evaluation                                  ; Off                ; Off                ;
; Verilog Version                                                            ; Verilog_2001       ; Verilog_2001       ;
; VHDL Version                                                               ; VHDL_1993          ; VHDL_1993          ;
; State Machine Processing                                                   ; Auto               ; Auto               ;
; Safe State Machine                                                         ; Off                ; Off                ;
; Extract Verilog State Machines                                             ; On                 ; On                 ;
; Extract VHDL State Machines                                                ; On                 ; On                 ;
; Ignore Verilog initial constructs                                          ; Off                ; Off                ;
; Iteration limit for constant Verilog loops                                 ; 5000               ; 5000               ;
; Iteration limit for non-constant Verilog loops                             ; 250                ; 250                ;
; Add Pass-Through Logic to Inferred RAMs                                    ; On                 ; On                 ;
; Infer RAMs from Raw Logic                                                  ; On                 ; On                 ;
; Parallel Synthesis                                                         ; On                 ; On                 ;
; DSP Block Balancing                                                        ; Auto               ; Auto               ;
; NOT Gate Push-Back                                                         ; On                 ; On                 ;
; Power-Up Don't Care                                                        ; On                 ; On                 ;
; Remove Redundant Logic Cells                                               ; Off                ; Off                ;
; Remove Duplicate Registers                                                 ; On                 ; On                 ;
; Ignore CARRY Buffers                                                       ; Off                ; Off                ;
; Ignore CASCADE Buffers                                                     ; Off                ; Off                ;
; Ignore GLOBAL Buffers                                                      ; Off                ; Off                ;
; Ignore ROW GLOBAL Buffers                                                  ; Off                ; Off                ;
; Ignore LCELL Buffers                                                       ; Off                ; Off                ;
; Ignore SOFT Buffers                                                        ; On                 ; On                 ;
; Limit AHDL Integers to 32 Bits                                             ; Off                ; Off                ;
; Optimization Technique                                                     ; Balanced           ; Balanced           ;
; Carry Chain Length                                                         ; 70                 ; 70                 ;
; Auto Carry Chains                                                          ; On                 ; On                 ;
; Auto Open-Drain Pins                                                       ; On                 ; On                 ;
; Perform WYSIWYG Primitive Resynthesis                                      ; Off                ; Off                ;
; Auto ROM Replacement                                                       ; On                 ; On                 ;
; Auto RAM Replacement                                                       ; On                 ; On                 ;
; Auto DSP Block Replacement                                                 ; On                 ; On                 ;
; Auto Shift Register Replacement                                            ; Auto               ; Auto               ;
; Allow Shift Register Merging across Hierarchies                            ; Auto               ; Auto               ;
; Auto Clock Enable Replacement                                              ; On                 ; On                 ;
; Strict RAM Replacement                                                     ; Off                ; Off                ;
; Allow Synchronous Control Signals                                          ; On                 ; On                 ;
; Force Use of Synchronous Clear Signals                                     ; Off                ; Off                ;
; Auto RAM Block Balancing                                                   ; On                 ; On                 ;
; Auto RAM to Logic Cell Conversion                                          ; Off                ; Off                ;
; Auto Resource Sharing                                                      ; Off                ; Off                ;
; Allow Any RAM Size For Recognition                                         ; Off                ; Off                ;
; Allow Any ROM Size For Recognition                                         ; Off                ; Off                ;
; Allow Any Shift Register Size For Recognition                              ; Off                ; Off                ;
; Use LogicLock Constraints during Resource Balancing                        ; On                 ; On                 ;
; Ignore translate_off and synthesis_off directives                          ; Off                ; Off                ;
; Timing-Driven Synthesis                                                    ; On                 ; On                 ;
; Report Parameter Settings                                                  ; On                 ; On                 ;
; Report Source Assignments                                                  ; On                 ; On                 ;
; Report Connectivity Checks                                                 ; On                 ; On                 ;
; Ignore Maximum Fan-Out Assignments                                         ; Off                ; Off                ;
; Synchronization Register Chain Length                                      ; 2                  ; 2                  ;
; PowerPlay Power Optimization                                               ; Normal compilation ; Normal compilation ;
; HDL message level                                                          ; Level2             ; Level2             ;
; Suppress Register Optimization Related Messages                            ; Off                ; Off                ;
; Number of Removed Registers Reported in Synthesis Report                   ; 5000               ; 5000               ;
; Number of Swept Nodes Reported in Synthesis Report                         ; 5000               ; 5000               ;
; Number of Inverted Registers Reported in Synthesis Report                  ; 100                ; 100                ;
; Clock MUX Protection                                                       ; On                 ; On                 ;
; Auto Gated Clock Conversion                                                ; Off                ; Off                ;
; Block Design Naming                                                        ; Auto               ; Auto               ;
; SDC constraint protection                                                  ; Off                ; Off                ;
; Synthesis Effort                                                           ; Auto               ; Auto               ;
; Shift Register Replacement - Allow Asynchronous Clear Signal               ; On                 ; On                 ;
; Pre-Mapping Resynthesis Optimization                                       ; Off                ; Off                ;
; Analysis & Synthesis Message Level                                         ; Medium             ; Medium             ;
; Disable Register Merging Across Hierarchies                                ; Auto               ; Auto               ;
; Resource Aware Inference For Block RAM                                     ; On                 ; On                 ;
; Synthesis Seed                                                             ; 1                  ; 1                  ;
+----------------------------------------------------------------------------+--------------------+--------------------+


+------------------------------------------+
; Parallel Compilation                     ;
+----------------------------+-------------+
; Processors                 ; Number      ;
+----------------------------+-------------+
; Number detected on machine ; 8           ;
; Maximum allowed            ; 4           ;
;                            ;             ;
; Average used               ; 1.00        ;
; Maximum used               ; 1           ;
;                            ;             ;
; Usage by Processor         ; % Time Used ;
;     Processor 1            ; 100.0%      ;
;     Processors 2-8         ;   0.0%      ;
+----------------------------+-------------+


+---------------------------------------------------------------------------------------------------------------------------------------------------------------------------------+
; Analysis & Synthesis Source Files Read                                                                                                                                          ;
+----------------------------------+-----------------+----------------------------------------+-------------------------------------------------------------------------+---------+
; File Name with User-Entered Path ; Used in Netlist ; File Type                              ; File Name with Absolute Path                                            ; Library ;
+----------------------------------+-----------------+----------------------------------------+-------------------------------------------------------------------------+---------+
; DDS.v                            ; yes             ; User Verilog HDL File                  ; F:/LQbishe/shiyan/9 DDS/DDS.v                                           ;         ;
; Jitter_Elimination_module.v      ; yes             ; User Verilog HDL File                  ; F:/LQbishe/shiyan/9 DDS/Jitter_Elimination_module.v                     ;         ;
; frequency_adjust_module.v        ; yes             ; User Verilog HDL File                  ; F:/LQbishe/shiyan/9 DDS/frequency_adjust_module.v                       ;         ;
; dds_sin_rom.v                    ; yes             ; User Wizard-Generated File             ; F:/LQbishe/shiyan/9 DDS/dds_sin_rom.v                                   ;         ;
; dds_square_rom.v                 ; yes             ; User Wizard-Generated File             ; F:/LQbishe/shiyan/9 DDS/dds_square_rom.v                                ;         ;
; dds_sawtooth_rom.v               ; yes             ; User Wizard-Generated File             ; F:/LQbishe/shiyan/9 DDS/dds_sawtooth_rom.v                              ;         ;
; choose_wave_module.v             ; yes             ; User Verilog HDL File                  ; F:/LQbishe/shiyan/9 DDS/choose_wave_module.v                            ;         ;
; dac_module.v                     ; yes             ; User Verilog HDL File                  ; F:/LQbishe/shiyan/9 DDS/dac_module.v                                    ;         ;
; altsyncram.tdf                   ; yes             ; Megafunction                           ; d:/altera/13.0sp1/quartus/libraries/megafunctions/altsyncram.tdf        ;         ;
; stratix_ram_block.inc            ; yes             ; Megafunction                           ; d:/altera/13.0sp1/quartus/libraries/megafunctions/stratix_ram_block.inc ;         ;
; lpm_mux.inc                      ; yes             ; Megafunction                           ; d:/altera/13.0sp1/quartus/libraries/megafunctions/lpm_mux.inc           ;         ;
; lpm_decode.inc                   ; yes             ; Megafunction                           ; d:/altera/13.0sp1/quartus/libraries/megafunctions/lpm_decode.inc        ;         ;
; aglobal130.inc                   ; yes             ; Megafunction                           ; d:/altera/13.0sp1/quartus/libraries/megafunctions/aglobal130.inc        ;         ;
; a_rdenreg.inc                    ; yes             ; Megafunction                           ; d:/altera/13.0sp1/quartus/libraries/megafunctions/a_rdenreg.inc         ;         ;
; altrom.inc                       ; yes             ; Megafunction                           ; d:/altera/13.0sp1/quartus/libraries/megafunctions/altrom.inc            ;         ;
; altram.inc                       ; yes             ; Megafunction                           ; d:/altera/13.0sp1/quartus/libraries/megafunctions/altram.inc            ;         ;
; altdpram.inc                     ; yes             ; Megafunction                           ; d:/altera/13.0sp1/quartus/libraries/megafunctions/altdpram.inc          ;         ;
; db/altsyncram_ad91.tdf           ; yes             ; Auto-Generated Megafunction            ; F:/LQbishe/shiyan/9 DDS/db/altsyncram_ad91.tdf                          ;         ;
; sinrom1.mif                      ; yes             ; Auto-Found Memory Initialization File  ; F:/LQbishe/shiyan/9 DDS/sinrom1.mif                                     ;         ;
; db/altsyncram_hn91.tdf           ; yes             ; Auto-Generated Megafunction            ; F:/LQbishe/shiyan/9 DDS/db/altsyncram_hn91.tdf                          ;         ;
; squarerom1.mif                   ; yes             ; Auto-Found Memory Initialization File  ; F:/LQbishe/shiyan/9 DDS/squarerom1.mif                                  ;         ;
; db/altsyncram_pu91.tdf           ; yes             ; Auto-Generated Megafunction            ; F:/LQbishe/shiyan/9 DDS/db/altsyncram_pu91.tdf                          ;         ;
; sawtoothrom1.mif                 ; yes             ; Auto-Found Memory Initialization File  ; F:/LQbishe/shiyan/9 DDS/sawtoothrom1.mif                                ;         ;
+----------------------------------+-----------------+----------------------------------------+-------------------------------------------------------------------------+---------+


+---------------------------------------------------------+
; Analysis & Synthesis Resource Usage Summary             ;
+---------------------------------------------+-----------+
; Resource                                    ; Usage     ;
+---------------------------------------------+-----------+
; Estimated Total logic elements              ; 83        ;
;                                             ;           ;
; Total combinational functions               ; 81        ;
; Logic element usage by number of LUT inputs ;           ;
;     -- 4 input functions                    ; 28        ;
;     -- 3 input functions                    ; 22        ;
;     -- <=2 input functions                  ; 31        ;
;                                             ;           ;
; Logic elements by mode                      ;           ;
;     -- normal mode                          ; 48        ;
;     -- arithmetic mode                      ; 33        ;
;                                             ;           ;
; Total registers                             ; 36        ;
;     -- Dedicated logic registers            ; 36        ;
;     -- I/O registers                        ; 0         ;
;                                             ;           ;
; I/O pins                                    ; 16        ;
; Total memory bits                           ; 98304     ;
; Embedded Multiplier 9-bit elements          ; 0         ;
; Maximum fan-out node                        ; CLK~input ;
; Maximum fan-out                             ; 61        ;
; Total fan-out                               ; 704       ;
; Average fan-out                             ; 4.07      ;
+---------------------------------------------+-----------+


+---------------------------------------------------------------------------------------------------------------------------------------------------------------------------------------------------------------------------------------------------------------------------------------------------+
; Analysis & Synthesis Resource Utilization by Entity                                                                                                                                                                                                                                               ;
+----------------------------------------------+-------------------+--------------+-------------+--------------+---------+-----------+------+--------------+-------------------------------------------------------------------------------------------------------------------------+--------------+
; Compilation Hierarchy Node                   ; LC Combinationals ; LC Registers ; Memory Bits ; DSP Elements ; DSP 9x9 ; DSP 18x18 ; Pins ; Virtual Pins ; Full Hierarchy Name                                                                                                     ; Library Name ;
+----------------------------------------------+-------------------+--------------+-------------+--------------+---------+-----------+------+--------------+-------------------------------------------------------------------------------------------------------------------------+--------------+
; |DDS                                         ; 81 (0)            ; 36 (0)       ; 98304       ; 0            ; 0       ; 0         ; 16   ; 0            ; |DDS                                                                                                                    ; work         ;
;    |choose_wave_module:U2|                   ; 33 (33)           ; 20 (20)      ; 98304       ; 0            ; 0       ; 0         ; 0    ; 0            ; |DDS|choose_wave_module:U2                                                                                              ; work         ;
;       |dds_sawtooth_rom:Sawtooth_Rom|        ; 0 (0)             ; 0 (0)        ; 32768       ; 0            ; 0       ; 0         ; 0    ; 0            ; |DDS|choose_wave_module:U2|dds_sawtooth_rom:Sawtooth_Rom                                                                ; work         ;
;          |altsyncram:altsyncram_component|   ; 0 (0)             ; 0 (0)        ; 32768       ; 0            ; 0       ; 0         ; 0    ; 0            ; |DDS|choose_wave_module:U2|dds_sawtooth_rom:Sawtooth_Rom|altsyncram:altsyncram_component                                ; work         ;
;             |altsyncram_pu91:auto_generated| ; 0 (0)             ; 0 (0)        ; 32768       ; 0            ; 0       ; 0         ; 0    ; 0            ; |DDS|choose_wave_module:U2|dds_sawtooth_rom:Sawtooth_Rom|altsyncram:altsyncram_component|altsyncram_pu91:auto_generated ; work         ;
;       |dds_sin_rom:Sin_Rom|                  ; 0 (0)             ; 0 (0)        ; 32768       ; 0            ; 0       ; 0         ; 0    ; 0            ; |DDS|choose_wave_module:U2|dds_sin_rom:Sin_Rom                                                                          ; work         ;
;          |altsyncram:altsyncram_component|   ; 0 (0)             ; 0 (0)        ; 32768       ; 0            ; 0       ; 0         ; 0    ; 0            ; |DDS|choose_wave_module:U2|dds_sin_rom:Sin_Rom|altsyncram:altsyncram_component                                          ; work         ;
;             |altsyncram_ad91:auto_generated| ; 0 (0)             ; 0 (0)        ; 32768       ; 0            ; 0       ; 0         ; 0    ; 0            ; |DDS|choose_wave_module:U2|dds_sin_rom:Sin_Rom|altsyncram:altsyncram_component|altsyncram_ad91:auto_generated           ; work         ;
;       |dds_square_rom:Square_Rom|            ; 0 (0)             ; 0 (0)        ; 32768       ; 0            ; 0       ; 0         ; 0    ; 0            ; |DDS|choose_wave_module:U2|dds_square_rom:Square_Rom                                                                    ; work         ;
;          |altsyncram:altsyncram_component|   ; 0 (0)             ; 0 (0)        ; 32768       ; 0            ; 0       ; 0         ; 0    ; 0            ; |DDS|choose_wave_module:U2|dds_square_rom:Square_Rom|altsyncram:altsyncram_component                                    ; work         ;
;             |altsyncram_hn91:auto_generated| ; 0 (0)             ; 0 (0)        ; 32768       ; 0            ; 0       ; 0         ; 0    ; 0            ; |DDS|choose_wave_module:U2|dds_square_rom:Square_Rom|altsyncram:altsyncram_component|altsyncram_hn91:auto_generated     ; work         ;
;    |frequency_adjust_module:U1|              ; 48 (45)           ; 16 (12)      ; 0           ; 0            ; 0       ; 0         ; 0    ; 0            ; |DDS|frequency_adjust_module:U1                                                                                         ; work         ;
;       |Jitter_Elimination_module:U1|         ; 2 (2)             ; 2 (2)        ; 0           ; 0            ; 0       ; 0         ; 0    ; 0            ; |DDS|frequency_adjust_module:U1|Jitter_Elimination_module:U1                                                            ; work         ;
;       |Jitter_Elimination_module:U2|         ; 1 (1)             ; 2 (2)        ; 0           ; 0            ; 0       ; 0         ; 0    ; 0            ; |DDS|frequency_adjust_module:U1|Jitter_Elimination_module:U2                                                            ; work         ;
+----------------------------------------------+-------------------+--------------+-------------+--------------+---------+-----------+------+--------------+-------------------------------------------------------------------------------------------------------------------------+--------------+
Note: For table entries with two numbers listed, the numbers in parentheses indicate the number of resources of the given type used by the specific entity alone. The numbers listed outside of parentheses indicate the total resources of the given type used by the specific entity and all of its sub-entities in the hierarchy.


+------------------------------------------------------------------------------------------------------------------------------------------------------------------------------------------------------------------------------------+
; Analysis & Synthesis RAM Summary                                                                                                                                                                                                   ;
+-------------------------------------------------------------------------------------------------------------------------------+------+------+--------------+--------------+--------------+--------------+-------+------------------+
; Name                                                                                                                          ; Type ; Mode ; Port A Depth ; Port A Width ; Port B Depth ; Port B Width ; Size  ; MIF              ;
+-------------------------------------------------------------------------------------------------------------------------------+------+------+--------------+--------------+--------------+--------------+-------+------------------+
; choose_wave_module:U2|dds_sawtooth_rom:Sawtooth_Rom|altsyncram:altsyncram_component|altsyncram_pu91:auto_generated|ALTSYNCRAM ; AUTO ; ROM  ; 4096         ; 8            ; --           ; --           ; 32768 ; sawtoothrom1.mif ;
; choose_wave_module:U2|dds_sin_rom:Sin_Rom|altsyncram:altsyncram_component|altsyncram_ad91:auto_generated|ALTSYNCRAM           ; AUTO ; ROM  ; 4096         ; 8            ; --           ; --           ; 32768 ; sinrom1.mif      ;
; choose_wave_module:U2|dds_square_rom:Square_Rom|altsyncram:altsyncram_component|altsyncram_hn91:auto_generated|ALTSYNCRAM     ; AUTO ; ROM  ; 4096         ; 8            ; --           ; --           ; 32768 ; squarerom1.mif   ;
+-------------------------------------------------------------------------------------------------------------------------------+------+------+--------------+--------------+--------------+--------------+-------+------------------+


+-----------------------------------------------------------------------------------------------------------------------------------------------------------------------+
; Analysis & Synthesis IP Cores Summary                                                                                                                                 ;
+--------+--------------+---------+--------------+--------------+----------------------------------------------------------+--------------------------------------------+
; Vendor ; IP Core Name ; Version ; Release Date ; License Type ; Entity Instance                                          ; IP Include File                            ;
+--------+--------------+---------+--------------+--------------+----------------------------------------------------------+--------------------------------------------+
; Altera ; ROM: 1-PORT  ; 13.0    ; N/A          ; N/A          ; |DDS|choose_wave_module:U2|dds_sawtooth_rom:Sawtooth_Rom ; F:/LQbishe/shiyan/9 DDS/dds_sawtooth_rom.v ;
; Altera ; ROM: 1-PORT  ; 13.0    ; N/A          ; N/A          ; |DDS|choose_wave_module:U2|dds_sin_rom:Sin_Rom           ; F:/LQbishe/shiyan/9 DDS/dds_sin_rom.v      ;
; Altera ; ROM: 1-PORT  ; 13.0    ; N/A          ; N/A          ; |DDS|choose_wave_module:U2|dds_square_rom:Square_Rom     ; F:/LQbishe/shiyan/9 DDS/dds_square_rom.v   ;
+--------+--------------+---------+--------------+--------------+----------------------------------------------------------+--------------------------------------------+


+------------------------------------------------------+
; General Register Statistics                          ;
+----------------------------------------------+-------+
; Statistic                                    ; Value ;
+----------------------------------------------+-------+
; Total registers                              ; 36    ;
; Number of registers using Synchronous Clear  ; 12    ;
; Number of registers using Synchronous Load   ; 0     ;
; Number of registers using Asynchronous Clear ; 36    ;
; Number of registers using Asynchronous Load  ; 0     ;
; Number of registers using Clock Enable       ; 12    ;
; Number of registers using Preset             ; 0     ;
+----------------------------------------------+-------+


+------------------------------------------------------------------------+
; Inverted Register Statistics                                           ;
+--------------------------------------------------------------+---------+
; Inverted Register                                            ; Fan out ;
+--------------------------------------------------------------+---------+
; frequency_adjust_module:U1|KWr[0]                            ; 6       ;
; frequency_adjust_module:U1|KWr[2]                            ; 4       ;
; frequency_adjust_module:U1|Jitter_Elimination_module:U1|neg2 ; 12      ;
; frequency_adjust_module:U1|Jitter_Elimination_module:U2|neg2 ; 1       ;
; frequency_adjust_module:U1|Jitter_Elimination_module:U2|neg1 ; 2       ;
; frequency_adjust_module:U1|Jitter_Elimination_module:U1|neg1 ; 13      ;
; Total number of inverted registers = 6                       ;         ;
+--------------------------------------------------------------+---------+


+--------------------------------------------------------------------------------------------------------------------------------------------------------+
; Multiplexer Restructuring Statistics (Restructuring Performed)                                                                                         ;
+--------------------+-----------+---------------+----------------------+------------------------+------------+------------------------------------------+
; Multiplexer Inputs ; Bus Width ; Baseline Area ; Area if Restructured ; Saving if Restructured ; Registered ; Example Multiplexer Output               ;
+--------------------+-----------+---------------+----------------------+------------------------+------------+------------------------------------------+
; 4:1                ; 8 bits    ; 16 LEs        ; 16 LEs               ; 0 LEs                  ; Yes        ; |DDS|choose_wave_module:U2|Wave_Out_r[0] ;
; 5:1                ; 10 bits   ; 30 LEs        ; 20 LEs               ; 10 LEs                 ; Yes        ; |DDS|frequency_adjust_module:U1|KWr[11]  ;
; 5:1                ; 2 bits    ; 6 LEs         ; 4 LEs                ; 2 LEs                  ; Yes        ; |DDS|frequency_adjust_module:U1|KWr[2]   ;
+--------------------+-----------+---------------+----------------------+------------------------+------------+------------------------------------------+


+---------------------------------------------------------------------------------------------------------------------------------+
; Source assignments for choose_wave_module:U2|dds_sin_rom:Sin_Rom|altsyncram:altsyncram_component|altsyncram_ad91:auto_generated ;
+---------------------------------+--------------------+------+-------------------------------------------------------------------+
; Assignment                      ; Value              ; From ; To                                                                ;
+---------------------------------+--------------------+------+-------------------------------------------------------------------+
; OPTIMIZE_POWER_DURING_SYNTHESIS ; NORMAL_COMPILATION ; -    ; -                                                                 ;
+---------------------------------+--------------------+------+-------------------------------------------------------------------+


+---------------------------------------------------------------------------------------------------------------------------------------+
; Source assignments for choose_wave_module:U2|dds_square_rom:Square_Rom|altsyncram:altsyncram_component|altsyncram_hn91:auto_generated ;
+---------------------------------+--------------------+------+-------------------------------------------------------------------------+
; Assignment                      ; Value              ; From ; To                                                                      ;
+---------------------------------+--------------------+------+-------------------------------------------------------------------------+
; OPTIMIZE_POWER_DURING_SYNTHESIS ; NORMAL_COMPILATION ; -    ; -                                                                       ;
+---------------------------------+--------------------+------+-------------------------------------------------------------------------+


+-------------------------------------------------------------------------------------------------------------------------------------------+
; Source assignments for choose_wave_module:U2|dds_sawtooth_rom:Sawtooth_Rom|altsyncram:altsyncram_component|altsyncram_pu91:auto_generated ;
+---------------------------------+--------------------+------+-----------------------------------------------------------------------------+
; Assignment                      ; Value              ; From ; To                                                                          ;
+---------------------------------+--------------------+------+-----------------------------------------------------------------------------+
; OPTIMIZE_POWER_DURING_SYNTHESIS ; NORMAL_COMPILATION ; -    ; -                                                                           ;
+---------------------------------+--------------------+------+-----------------------------------------------------------------------------+


+------------------------------------------------------------------------------------------------------------------------+
; Parameter Settings for User Entity Instance: choose_wave_module:U2|dds_sin_rom:Sin_Rom|altsyncram:altsyncram_component ;
+------------------------------------+----------------------+------------------------------------------------------------+
; Parameter Name                     ; Value                ; Type                                                       ;
+------------------------------------+----------------------+------------------------------------------------------------+
; BYTE_SIZE_BLOCK                    ; 8                    ; Untyped                                                    ;
; AUTO_CARRY_CHAINS                  ; ON                   ; AUTO_CARRY                                                 ;
; IGNORE_CARRY_BUFFERS               ; OFF                  ; IGNORE_CARRY                                               ;
; AUTO_CASCADE_CHAINS                ; ON                   ; AUTO_CASCADE                                               ;
; IGNORE_CASCADE_BUFFERS             ; OFF                  ; IGNORE_CASCADE                                             ;
; WIDTH_BYTEENA                      ; 1                    ; Untyped                                                    ;
; OPERATION_MODE                     ; ROM                  ; Untyped                                                    ;
; WIDTH_A                            ; 8                    ; Signed Integer                                             ;
; WIDTHAD_A                          ; 12                   ; Signed Integer                                             ;
; NUMWORDS_A                         ; 4096                 ; Signed Integer                                             ;
; OUTDATA_REG_A                      ; CLOCK0               ; Untyped                                                    ;
; ADDRESS_ACLR_A                     ; NONE                 ; Untyped                                                    ;
; OUTDATA_ACLR_A                     ; NONE                 ; Untyped                                                    ;
; WRCONTROL_ACLR_A                   ; NONE                 ; Untyped                                                    ;
; INDATA_ACLR_A                      ; NONE                 ; Untyped                                                    ;
; BYTEENA_ACLR_A                     ; NONE                 ; Untyped                                                    ;
; WIDTH_B                            ; 1                    ; Untyped                                                    ;
; WIDTHAD_B                          ; 1                    ; Untyped                                                    ;
; NUMWORDS_B                         ; 1                    ; Untyped                                                    ;
; INDATA_REG_B                       ; CLOCK1               ; Untyped                                                    ;
; WRCONTROL_WRADDRESS_REG_B          ; CLOCK1               ; Untyped                                                    ;
; RDCONTROL_REG_B                    ; CLOCK1               ; Untyped                                                    ;
; ADDRESS_REG_B                      ; CLOCK1               ; Untyped                                                    ;
; OUTDATA_REG_B                      ; UNREGISTERED         ; Untyped                                                    ;
; BYTEENA_REG_B                      ; CLOCK1               ; Untyped                                                    ;
; INDATA_ACLR_B                      ; NONE                 ; Untyped                                                    ;
; WRCONTROL_ACLR_B                   ; NONE                 ; Untyped                                                    ;
; ADDRESS_ACLR_B                     ; NONE                 ; Untyped                                                    ;
; OUTDATA_ACLR_B                     ; NONE                 ; Untyped                                                    ;
; RDCONTROL_ACLR_B                   ; NONE                 ; Untyped                                                    ;
; BYTEENA_ACLR_B                     ; NONE                 ; Untyped                                                    ;
; WIDTH_BYTEENA_A                    ; 1                    ; Signed Integer                                             ;
; WIDTH_BYTEENA_B                    ; 1                    ; Untyped                                                    ;
; RAM_BLOCK_TYPE                     ; AUTO                 ; Untyped                                                    ;
; BYTE_SIZE                          ; 8                    ; Untyped                                                    ;
; READ_DURING_WRITE_MODE_MIXED_PORTS ; DONT_CARE            ; Untyped                                                    ;
; READ_DURING_WRITE_MODE_PORT_A      ; NEW_DATA_NO_NBE_READ ; Untyped                                                    ;
; READ_DURING_WRITE_MODE_PORT_B      ; NEW_DATA_NO_NBE_READ ; Untyped                                                    ;
; INIT_FILE                          ; sinrom1.mif          ; Untyped                                                    ;
; INIT_FILE_LAYOUT                   ; PORT_A               ; Untyped                                                    ;
; MAXIMUM_DEPTH                      ; 0                    ; Untyped                                                    ;
; CLOCK_ENABLE_INPUT_A               ; BYPASS               ; Untyped                                                    ;
; CLOCK_ENABLE_INPUT_B               ; NORMAL               ; Untyped                                                    ;
; CLOCK_ENABLE_OUTPUT_A              ; BYPASS               ; Untyped                                                    ;
; CLOCK_ENABLE_OUTPUT_B              ; NORMAL               ; Untyped                                                    ;
; CLOCK_ENABLE_CORE_A                ; USE_INPUT_CLKEN      ; Untyped                                                    ;
; CLOCK_ENABLE_CORE_B                ; USE_INPUT_CLKEN      ; Untyped                                                    ;
; ENABLE_ECC                         ; FALSE                ; Untyped                                                    ;
; ECC_PIPELINE_STAGE_ENABLED         ; FALSE                ; Untyped                                                    ;
; WIDTH_ECCSTATUS                    ; 3                    ; Untyped                                                    ;
; DEVICE_FAMILY                      ; Cyclone IV E         ; Untyped                                                    ;
; CBXI_PARAMETER                     ; altsyncram_ad91      ; Untyped                                                    ;
+------------------------------------+----------------------+------------------------------------------------------------+
Note: In order to hide this table in the UI and the text report file, please set the "Show Parameter Settings in Synthesis Report" option in "Analysis and Synthesis Settings -> More Settings" to "Off".


+------------------------------------------------------------------------------------------------------------------------------+
; Parameter Settings for User Entity Instance: choose_wave_module:U2|dds_square_rom:Square_Rom|altsyncram:altsyncram_component ;
+------------------------------------+----------------------+------------------------------------------------------------------+
; Parameter Name                     ; Value                ; Type                                                             ;
+------------------------------------+----------------------+------------------------------------------------------------------+
; BYTE_SIZE_BLOCK                    ; 8                    ; Untyped                                                          ;
; AUTO_CARRY_CHAINS                  ; ON                   ; AUTO_CARRY                                                       ;
; IGNORE_CARRY_BUFFERS               ; OFF                  ; IGNORE_CARRY                                                     ;
; AUTO_CASCADE_CHAINS                ; ON                   ; AUTO_CASCADE                                                     ;
; IGNORE_CASCADE_BUFFERS             ; OFF                  ; IGNORE_CASCADE                                                   ;
; WIDTH_BYTEENA                      ; 1                    ; Untyped                                                          ;
; OPERATION_MODE                     ; ROM                  ; Untyped                                                          ;
; WIDTH_A                            ; 8                    ; Signed Integer                                                   ;
; WIDTHAD_A                          ; 12                   ; Signed Integer                                                   ;
; NUMWORDS_A                         ; 4096                 ; Signed Integer                                                   ;
; OUTDATA_REG_A                      ; CLOCK0               ; Untyped                                                          ;
; ADDRESS_ACLR_A                     ; NONE                 ; Untyped                                                          ;
; OUTDATA_ACLR_A                     ; NONE                 ; Untyped                                                          ;
; WRCONTROL_ACLR_A                   ; NONE                 ; Untyped                                                          ;
; INDATA_ACLR_A                      ; NONE                 ; Untyped                                                          ;
; BYTEENA_ACLR_A                     ; NONE                 ; Untyped                                                          ;
; WIDTH_B                            ; 1                    ; Untyped                                                          ;
; WIDTHAD_B                          ; 1                    ; Untyped                                                          ;
; NUMWORDS_B                         ; 1                    ; Untyped                                                          ;
; INDATA_REG_B                       ; CLOCK1               ; Untyped                                                          ;
; WRCONTROL_WRADDRESS_REG_B          ; CLOCK1               ; Untyped                                                          ;
; RDCONTROL_REG_B                    ; CLOCK1               ; Untyped                                                          ;
; ADDRESS_REG_B                      ; CLOCK1               ; Untyped                                                          ;
; OUTDATA_REG_B                      ; UNREGISTERED         ; Untyped                                                          ;
; BYTEENA_REG_B                      ; CLOCK1               ; Untyped                                                          ;
; INDATA_ACLR_B                      ; NONE                 ; Untyped                                                          ;
; WRCONTROL_ACLR_B                   ; NONE                 ; Untyped                                                          ;
; ADDRESS_ACLR_B                     ; NONE                 ; Untyped                                                          ;
; OUTDATA_ACLR_B                     ; NONE                 ; Untyped                                                          ;
; RDCONTROL_ACLR_B                   ; NONE                 ; Untyped                                                          ;
; BYTEENA_ACLR_B                     ; NONE                 ; Untyped                                                          ;
; WIDTH_BYTEENA_A                    ; 1                    ; Signed Integer                                                   ;
; WIDTH_BYTEENA_B                    ; 1                    ; Untyped                                                          ;
; RAM_BLOCK_TYPE                     ; AUTO                 ; Untyped                                                          ;
; BYTE_SIZE                          ; 8                    ; Untyped                                                          ;
; READ_DURING_WRITE_MODE_MIXED_PORTS ; DONT_CARE            ; Untyped                                                          ;
; READ_DURING_WRITE_MODE_PORT_A      ; NEW_DATA_NO_NBE_READ ; Untyped                                                          ;
; READ_DURING_WRITE_MODE_PORT_B      ; NEW_DATA_NO_NBE_READ ; Untyped                                                          ;
; INIT_FILE                          ; squarerom1.mif       ; Untyped                                                          ;
; INIT_FILE_LAYOUT                   ; PORT_A               ; Untyped                                                          ;
; MAXIMUM_DEPTH                      ; 0                    ; Untyped                                                          ;
; CLOCK_ENABLE_INPUT_A               ; BYPASS               ; Untyped                                                          ;
; CLOCK_ENABLE_INPUT_B               ; NORMAL               ; Untyped                                                          ;
; CLOCK_ENABLE_OUTPUT_A              ; BYPASS               ; Untyped                                                          ;
; CLOCK_ENABLE_OUTPUT_B              ; NORMAL               ; Untyped                                                          ;
; CLOCK_ENABLE_CORE_A                ; USE_INPUT_CLKEN      ; Untyped                                                          ;
; CLOCK_ENABLE_CORE_B                ; USE_INPUT_CLKEN      ; Untyped                                                          ;
; ENABLE_ECC                         ; FALSE                ; Untyped                                                          ;
; ECC_PIPELINE_STAGE_ENABLED         ; FALSE                ; Untyped                                                          ;
; WIDTH_ECCSTATUS                    ; 3                    ; Untyped                                                          ;
; DEVICE_FAMILY                      ; Cyclone IV E         ; Untyped                                                          ;
; CBXI_PARAMETER                     ; altsyncram_hn91      ; Untyped                                                          ;
+------------------------------------+----------------------+------------------------------------------------------------------+
Note: In order to hide this table in the UI and the text report file, please set the "Show Parameter Settings in Synthesis Report" option in "Analysis and Synthesis Settings -> More Settings" to "Off".


+----------------------------------------------------------------------------------------------------------------------------------+
; Parameter Settings for User Entity Instance: choose_wave_module:U2|dds_sawtooth_rom:Sawtooth_Rom|altsyncram:altsyncram_component ;
+------------------------------------+----------------------+----------------------------------------------------------------------+
; Parameter Name                     ; Value                ; Type                                                                 ;
+------------------------------------+----------------------+----------------------------------------------------------------------+
; BYTE_SIZE_BLOCK                    ; 8                    ; Untyped                                                              ;
; AUTO_CARRY_CHAINS                  ; ON                   ; AUTO_CARRY                                                           ;
; IGNORE_CARRY_BUFFERS               ; OFF                  ; IGNORE_CARRY                                                         ;
; AUTO_CASCADE_CHAINS                ; ON                   ; AUTO_CASCADE                                                         ;
; IGNORE_CASCADE_BUFFERS             ; OFF                  ; IGNORE_CASCADE                                                       ;
; WIDTH_BYTEENA                      ; 1                    ; Untyped                                                              ;
; OPERATION_MODE                     ; ROM                  ; Untyped                                                              ;
; WIDTH_A                            ; 8                    ; Signed Integer                                                       ;
; WIDTHAD_A                          ; 12                   ; Signed Integer                                                       ;
; NUMWORDS_A                         ; 4096                 ; Signed Integer                                                       ;
; OUTDATA_REG_A                      ; CLOCK0               ; Untyped                                                              ;
; ADDRESS_ACLR_A                     ; NONE                 ; Untyped                                                              ;
; OUTDATA_ACLR_A                     ; NONE                 ; Untyped                                                              ;
; WRCONTROL_ACLR_A                   ; NONE                 ; Untyped                                                              ;
; INDATA_ACLR_A                      ; NONE                 ; Untyped                                                              ;
; BYTEENA_ACLR_A                     ; NONE                 ; Untyped                                                              ;
; WIDTH_B                            ; 1                    ; Untyped                                                              ;
; WIDTHAD_B                          ; 1                    ; Untyped                                                              ;
; NUMWORDS_B                         ; 1                    ; Untyped                                                              ;
; INDATA_REG_B                       ; CLOCK1               ; Untyped                                                              ;
; WRCONTROL_WRADDRESS_REG_B          ; CLOCK1               ; Untyped                                                              ;
; RDCONTROL_REG_B                    ; CLOCK1               ; Untyped                                                              ;
; ADDRESS_REG_B                      ; CLOCK1               ; Untyped                                                              ;
; OUTDATA_REG_B                      ; UNREGISTERED         ; Untyped                                                              ;
; BYTEENA_REG_B                      ; CLOCK1               ; Untyped                                                              ;
; INDATA_ACLR_B                      ; NONE                 ; Untyped                                                              ;
; WRCONTROL_ACLR_B                   ; NONE                 ; Untyped                                                              ;
; ADDRESS_ACLR_B                     ; NONE                 ; Untyped                                                              ;
; OUTDATA_ACLR_B                     ; NONE                 ; Untyped                                                              ;
; RDCONTROL_ACLR_B                   ; NONE                 ; Untyped                                                              ;
; BYTEENA_ACLR_B                     ; NONE                 ; Untyped                                                              ;
; WIDTH_BYTEENA_A                    ; 1                    ; Signed Integer                                                       ;
; WIDTH_BYTEENA_B                    ; 1                    ; Untyped                                                              ;
; RAM_BLOCK_TYPE                     ; AUTO                 ; Untyped                                                              ;
; BYTE_SIZE                          ; 8                    ; Untyped                                                              ;
; READ_DURING_WRITE_MODE_MIXED_PORTS ; DONT_CARE            ; Untyped                                                              ;
; READ_DURING_WRITE_MODE_PORT_A      ; NEW_DATA_NO_NBE_READ ; Untyped                                                              ;
; READ_DURING_WRITE_MODE_PORT_B      ; NEW_DATA_NO_NBE_READ ; Untyped                                                              ;
; INIT_FILE                          ; sawtoothrom1.mif     ; Untyped                                                              ;
; INIT_FILE_LAYOUT                   ; PORT_A               ; Untyped                                                              ;
; MAXIMUM_DEPTH                      ; 0                    ; Untyped                                                              ;
; CLOCK_ENABLE_INPUT_A               ; BYPASS               ; Untyped                                                              ;
; CLOCK_ENABLE_INPUT_B               ; NORMAL               ; Untyped                                                              ;
; CLOCK_ENABLE_OUTPUT_A              ; BYPASS               ; Untyped                                                              ;
; CLOCK_ENABLE_OUTPUT_B              ; NORMAL               ; Untyped                                                              ;
; CLOCK_ENABLE_CORE_A                ; USE_INPUT_CLKEN      ; Untyped                                                              ;
; CLOCK_ENABLE_CORE_B                ; USE_INPUT_CLKEN      ; Untyped                                                              ;
; ENABLE_ECC                         ; FALSE                ; Untyped                                                              ;
; ECC_PIPELINE_STAGE_ENABLED         ; FALSE                ; Untyped                                                              ;
; WIDTH_ECCSTATUS                    ; 3                    ; Untyped                                                              ;
; DEVICE_FAMILY                      ; Cyclone IV E         ; Untyped                                                              ;
; CBXI_PARAMETER                     ; altsyncram_pu91      ; Untyped                                                              ;
+------------------------------------+----------------------+----------------------------------------------------------------------+
Note: In order to hide this table in the UI and the text report file, please set the "Show Parameter Settings in Synthesis Report" option in "Analysis and Synthesis Settings -> More Settings" to "Off".


+---------------------------------------------------------------------------------------------------------------------------------+
; altsyncram Parameter Settings by Entity Instance                                                                                ;
+-------------------------------------------+-------------------------------------------------------------------------------------+
; Name                                      ; Value                                                                               ;
+-------------------------------------------+-------------------------------------------------------------------------------------+
; Number of entity instances                ; 3                                                                                   ;
; Entity Instance                           ; choose_wave_module:U2|dds_sin_rom:Sin_Rom|altsyncram:altsyncram_component           ;
;     -- OPERATION_MODE                     ; ROM                                                                                 ;
;     -- WIDTH_A                            ; 8                                                                                   ;
;     -- NUMWORDS_A                         ; 4096                                                                                ;
;     -- OUTDATA_REG_A                      ; CLOCK0                                                                              ;
;     -- WIDTH_B                            ; 1                                                                                   ;
;     -- NUMWORDS_B                         ; 1                                                                                   ;
;     -- ADDRESS_REG_B                      ; CLOCK1                                                                              ;
;     -- OUTDATA_REG_B                      ; UNREGISTERED                                                                        ;
;     -- RAM_BLOCK_TYPE                     ; AUTO                                                                                ;
;     -- READ_DURING_WRITE_MODE_MIXED_PORTS ; DONT_CARE                                                                           ;
; Entity Instance                           ; choose_wave_module:U2|dds_square_rom:Square_Rom|altsyncram:altsyncram_component     ;
;     -- OPERATION_MODE                     ; ROM                                                                                 ;
;     -- WIDTH_A                            ; 8                                                                                   ;
;     -- NUMWORDS_A                         ; 4096                                                                                ;
;     -- OUTDATA_REG_A                      ; CLOCK0                                                                              ;
;     -- WIDTH_B                            ; 1                                                                                   ;
;     -- NUMWORDS_B                         ; 1                                                                                   ;
;     -- ADDRESS_REG_B                      ; CLOCK1                                                                              ;
;     -- OUTDATA_REG_B                      ; UNREGISTERED                                                                        ;
;     -- RAM_BLOCK_TYPE                     ; AUTO                                                                                ;
;     -- READ_DURING_WRITE_MODE_MIXED_PORTS ; DONT_CARE                                                                           ;
; Entity Instance                           ; choose_wave_module:U2|dds_sawtooth_rom:Sawtooth_Rom|altsyncram:altsyncram_component ;
;     -- OPERATION_MODE                     ; ROM                                                                                 ;
;     -- WIDTH_A                            ; 8                                                                                   ;
;     -- NUMWORDS_A                         ; 4096                                                                                ;
;     -- OUTDATA_REG_A                      ; CLOCK0                                                                              ;
;     -- WIDTH_B                            ; 1                                                                                   ;
;     -- NUMWORDS_B                         ; 1                                                                                   ;
;     -- ADDRESS_REG_B                      ; CLOCK1                                                                              ;
;     -- OUTDATA_REG_B                      ; UNREGISTERED                                                                        ;
;     -- RAM_BLOCK_TYPE                     ; AUTO                                                                                ;
;     -- READ_DURING_WRITE_MODE_MIXED_PORTS ; DONT_CARE                                                                           ;
+-------------------------------------------+-------------------------------------------------------------------------------------+


+-------------------------------+
; Elapsed Time Per Partition    ;
+----------------+--------------+
; Partition Name ; Elapsed Time ;
+----------------+--------------+
; Top            ; 00:00:00     ;
+----------------+--------------+


+-------------------------------+
; Analysis & Synthesis Messages ;
+-------------------------------+
Info: *******************************************************************
Info: Running Quartus II 64-Bit Analysis & Synthesis
    Info: Version 13.0.1 Build 232 06/12/2013 Service Pack 1 SJ Full Version
    Info: Processing started: Sat May 13 20:43:54 2017
Info: Command: quartus_map --read_settings_files=on --write_settings_files=off DDS -c DDS
Info (11104): Parallel Compilation has detected 8 hyper-threaded processors. However, the extra hyper-threaded processors will not be used by default. Parallel Compilation will use 4 of the 4 physical processors detected instead.
Info (12021): Found 1 design units, including 1 entities, in source file dds.v
    Info (12023): Found entity 1: DDS
Info (12021): Found 1 design units, including 1 entities, in source file jitter_elimination_module.v
    Info (12023): Found entity 1: Jitter_Elimination_module
Info (12021): Found 1 design units, including 1 entities, in source file frequency_adjust_module.v
    Info (12023): Found entity 1: frequency_adjust_module
Info (12021): Found 1 design units, including 1 entities, in source file dds_sin_rom.v
    Info (12023): Found entity 1: dds_sin_rom
Info (12021): Found 1 design units, including 1 entities, in source file dds_square_rom.v
    Info (12023): Found entity 1: dds_square_rom
Info (12021): Found 1 design units, including 1 entities, in source file dds_sawtooth_rom.v
    Info (12023): Found entity 1: dds_sawtooth_rom
Info (12021): Found 1 design units, including 1 entities, in source file choose_wave_module.v
    Info (12023): Found entity 1: choose_wave_module
Info (12021): Found 1 design units, including 1 entities, in source file dac_module.v
    Info (12023): Found entity 1: dac_module
Info (12127): Elaborating entity "DDS" for the top level hierarchy
Info (12128): Elaborating entity "frequency_adjust_module" for hierarchy "frequency_adjust_module:U1"
Warning (10230): Verilog HDL assignment warning at frequency_adjust_module.v(39): truncated value with size 32 to match size of target (12)
Warning (10230): Verilog HDL assignment warning at frequency_adjust_module.v(44): truncated value with size 32 to match size of target (12)
Info (12128): Elaborating entity "Jitter_Elimination_module" for hierarchy "frequency_adjust_module:U1|Jitter_Elimination_module:U1"
Info (12128): Elaborating entity "choose_wave_module" for hierarchy "choose_wave_module:U2"
Info (12128): Elaborating entity "dds_sin_rom" for hierarchy "choose_wave_module:U2|dds_sin_rom:Sin_Rom"
Info (12128): Elaborating entity "altsyncram" for hierarchy "choose_wave_module:U2|dds_sin_rom:Sin_Rom|altsyncram:altsyncram_component"
Info (12130): Elaborated megafunction instantiation "choose_wave_module:U2|dds_sin_rom:Sin_Rom|altsyncram:altsyncram_component"
Info (12133): Instantiated megafunction "choose_wave_module:U2|dds_sin_rom:Sin_Rom|altsyncram:altsyncram_component" with the following parameter:
    Info (12134): Parameter "address_aclr_a" = "NONE"
    Info (12134): Parameter "clock_enable_input_a" = "BYPASS"
    Info (12134): Parameter "clock_enable_output_a" = "BYPASS"
    Info (12134): Parameter "init_file" = "sinrom1.mif"
    Info (12134): Parameter "intended_device_family" = "Cyclone IV E"
    Info (12134): Parameter "lpm_hint" = "ENABLE_RUNTIME_MOD=NO"
    Info (12134): Parameter "lpm_type" = "altsyncram"
    Info (12134): Parameter "numwords_a" = "4096"
    Info (12134): Parameter "operation_mode" = "ROM"
    Info (12134): Parameter "outdata_aclr_a" = "NONE"
    Info (12134): Parameter "outdata_reg_a" = "CLOCK0"
    Info (12134): Parameter "widthad_a" = "12"
    Info (12134): Parameter "width_a" = "8"
    Info (12134): Parameter "width_byteena_a" = "1"
Info (12021): Found 1 design units, including 1 entities, in source file db/altsyncram_ad91.tdf
    Info (12023): Found entity 1: altsyncram_ad91
Info (12128): Elaborating entity "altsyncram_ad91" for hierarchy "choose_wave_module:U2|dds_sin_rom:Sin_Rom|altsyncram:altsyncram_component|altsyncram_ad91:auto_generated"
Info (12128): Elaborating entity "dds_square_rom" for hierarchy "choose_wave_module:U2|dds_square_rom:Square_Rom"
Info (12128): Elaborating entity "altsyncram" for hierarchy "choose_wave_module:U2|dds_square_rom:Square_Rom|altsyncram:altsyncram_component"
Info (12130): Elaborated megafunction instantiation "choose_wave_module:U2|dds_square_rom:Square_Rom|altsyncram:altsyncram_component"
Info (12133): Instantiated megafunction "choose_wave_module:U2|dds_square_rom:Square_Rom|altsyncram:altsyncram_component" with the following parameter:
    Info (12134): Parameter "address_aclr_a" = "NONE"
    Info (12134): Parameter "clock_enable_input_a" = "BYPASS"
    Info (12134): Parameter "clock_enable_output_a" = "BYPASS"
    Info (12134): Parameter "init_file" = "squarerom1.mif"
    Info (12134): Parameter "intended_device_family" = "Cyclone IV E"
    Info (12134): Parameter "lpm_hint" = "ENABLE_RUNTIME_MOD=NO"
    Info (12134): Parameter "lpm_type" = "altsyncram"
    Info (12134): Parameter "numwords_a" = "4096"
    Info (12134): Parameter "operation_mode" = "ROM"
    Info (12134): Parameter "outdata_aclr_a" = "NONE"
    Info (12134): Parameter "outdata_reg_a" = "CLOCK0"
    Info (12134): Parameter "widthad_a" = "12"
    Info (12134): Parameter "width_a" = "8"
    Info (12134): Parameter "width_byteena_a" = "1"
Info (12021): Found 1 design units, including 1 entities, in source file db/altsyncram_hn91.tdf
    Info (12023): Found entity 1: altsyncram_hn91
Info (12128): Elaborating entity "altsyncram_hn91" for hierarchy "choose_wave_module:U2|dds_square_rom:Square_Rom|altsyncram:altsyncram_component|altsyncram_hn91:auto_generated"
Info (12128): Elaborating entity "dds_sawtooth_rom" for hierarchy "choose_wave_module:U2|dds_sawtooth_rom:Sawtooth_Rom"
Info (12128): Elaborating entity "altsyncram" for hierarchy "choose_wave_module:U2|dds_sawtooth_rom:Sawtooth_Rom|altsyncram:altsyncram_component"
Info (12130): Elaborated megafunction instantiation "choose_wave_module:U2|dds_sawtooth_rom:Sawtooth_Rom|altsyncram:altsyncram_component"
Info (12133): Instantiated megafunction "choose_wave_module:U2|dds_sawtooth_rom:Sawtooth_Rom|altsyncram:altsyncram_component" with the following parameter:
    Info (12134): Parameter "address_aclr_a" = "NONE"
    Info (12134): Parameter "clock_enable_input_a" = "BYPASS"
    Info (12134): Parameter "clock_enable_output_a" = "BYPASS"
    Info (12134): Parameter "init_file" = "sawtoothrom1.mif"
    Info (12134): Parameter "intended_device_family" = "Cyclone IV E"
    Info (12134): Parameter "lpm_hint" = "ENABLE_RUNTIME_MOD=NO"
    Info (12134): Parameter "lpm_type" = "altsyncram"
    Info (12134): Parameter "numwords_a" = "4096"
    Info (12134): Parameter "operation_mode" = "ROM"
    Info (12134): Parameter "outdata_aclr_a" = "NONE"
    Info (12134): Parameter "outdata_reg_a" = "CLOCK0"
    Info (12134): Parameter "widthad_a" = "12"
    Info (12134): Parameter "width_a" = "8"
    Info (12134): Parameter "width_byteena_a" = "1"
Info (12021): Found 1 design units, including 1 entities, in source file db/altsyncram_pu91.tdf
    Info (12023): Found entity 1: altsyncram_pu91
Info (12128): Elaborating entity "altsyncram_pu91" for hierarchy "choose_wave_module:U2|dds_sawtooth_rom:Sawtooth_Rom|altsyncram:altsyncram_component|altsyncram_pu91:auto_generated"
Info (12128): Elaborating entity "dac_module" for hierarchy "dac_module:U3"
Info (13000): Registers with preset signals will power-up high
Info (13003): DEV_CLRn pin will set, and not reset, register with preset signal due to NOT Gate Push-Back
Info (286030): Timing-Driven Synthesis is running
Info (16010): Generating hard_block partition "hard_block:auto_generated_inst"
    Info (16011): Adding 0 node(s), including 0 DDIO, 0 PLL, 0 transceiver and 0 LCELL
Info (21057): Implemented 123 device resources after synthesis - the final resource count might be different
    Info (21058): Implemented 7 input pins
    Info (21059): Implemented 9 output pins
    Info (21061): Implemented 83 logic cells
    Info (21064): Implemented 24 RAM segments
Info: Quartus II 64-Bit Analysis & Synthesis was successful. 0 errors, 2 warnings
    Info: Peak virtual memory: 507 megabytes
    Info: Processing ended: Sat May 13 20:43:56 2017
    Info: Elapsed time: 00:00:02
    Info: Total CPU time (on all processors): 00:00:02


