TimeQuest Timing Analyzer report for triggerD1
Wed May 10 10:11:34 2017
Quartus II 64-Bit Version 13.0.1 Build 232 06/12/2013 Service Pack 1 SJ Full Version


---------------------
; Table of Contents ;
---------------------
  1. Legal Notice
  2. TimeQuest Timing Analyzer Summary
  3. Parallel Compilation
  4. Clocks
  5. Slow 1200mV 85C Model Fmax Summary
  6. Timing Closure Recommendations
  7. Slow 1200mV 85C Model Setup Summary
  8. Slow 1200mV 85C Model Hold Summary
  9. Slow 1200mV 85C Model Recovery Summary
 10. Slow 1200mV 85C Model Removal Summary
 11. Slow 1200mV 85C Model Minimum Pulse Width Summary
 12. Slow 1200mV 85C Model Recovery: 'CLK'
 13. Slow 1200mV 85C Model Removal: 'CLK'
 14. Slow 1200mV 85C Model Minimum Pulse Width: 'CLK'
 15. Clock to Output Times
 16. Minimum Clock to Output Times
 17. Propagation Delay
 18. Minimum Propagation Delay
 19. Slow 1200mV 85C Model Metastability Report
 20. Slow 1200mV 0C Model Fmax Summary
 21. Slow 1200mV 0C Model Setup Summary
 22. Slow 1200mV 0C Model Hold Summary
 23. Slow 1200mV 0C Model Recovery Summary
 24. Slow 1200mV 0C Model Removal Summary
 25. Slow 1200mV 0C Model Minimum Pulse Width Summary
 26. Slow 1200mV 0C Model Recovery: 'CLK'
 27. Slow 1200mV 0C Model Removal: 'CLK'
 28. Slow 1200mV 0C Model Minimum Pulse Width: 'CLK'
 29. Clock to Output Times
 30. Minimum Clock to Output Times
 31. Propagation Delay
 32. Minimum Propagation Delay
 33. Slow 1200mV 0C Model Metastability Report
 34. Fast 1200mV 0C Model Setup Summary
 35. Fast 1200mV 0C Model Hold Summary
 36. Fast 1200mV 0C Model Recovery Summary
 37. Fast 1200mV 0C Model Removal Summary
 38. Fast 1200mV 0C Model Minimum Pulse Width Summary
 39. Fast 1200mV 0C Model Recovery: 'CLK'
 40. Fast 1200mV 0C Model Removal: 'CLK'
 41. Fast 1200mV 0C Model Minimum Pulse Width: 'CLK'
 42. Clock to Output Times
 43. Minimum Clock to Output Times
 44. Propagation Delay
 45. Minimum Propagation Delay
 46. Fast 1200mV 0C Model Metastability Report
 47. Multicorner Timing Analysis Summary
 48. Clock to Output Times
 49. Minimum Clock to Output Times
 50. Progagation Delay
 51. Minimum Progagation Delay
 52. Board Trace Model Assignments
 53. Input Transition Times
 54. Signal Integrity Metrics (Slow 1200mv 0c Model)
 55. Signal Integrity Metrics (Slow 1200mv 85c Model)
 56. Signal Integrity Metrics (Fast 1200mv 0c Model)
 57. Recovery Transfers
 58. Removal Transfers
 59. Report TCCS
 60. Report RSKM
 61. Unconstrained Paths
 62. TimeQuest Timing Analyzer Messages



----------------
; Legal Notice ;
----------------
Copyright (C) 1991-2013 Altera Corporation
Your use of Altera Corporation's design tools, logic functions 
and other software and tools, and its AMPP partner logic 
functions, and any output files from any of the foregoing 
(including device programming or simulation files), and any 
associated documentation or information are expressly subject 
to the terms and conditions of the Altera Program License 
Subscription Agreement, Altera MegaCore Function License 
Agreement, or other applicable license agreement, including, 
without limitation, that your use is for the sole purpose of 
programming logic devices manufactured by Altera and sold by 
Altera or its authorized distributors.  Please refer to the 
applicable agreement for further details.



+-----------------------------------------------------------------------------------------+
; TimeQuest Timing Analyzer Summary                                                       ;
+--------------------+--------------------------------------------------------------------+
; Quartus II Version ; Version 13.0.1 Build 232 06/12/2013 Service Pack 1 SJ Full Version ;
; Revision Name      ; triggerD1                                                          ;
; Device Family      ; Cyclone IV E                                                       ;
; Device Name        ; EP4CE6F17C8                                                        ;
; Timing Models      ; Final                                                              ;
; Delay Model        ; Combined                                                           ;
; Rise/Fall Delays   ; Enabled                                                            ;
+--------------------+--------------------------------------------------------------------+


+------------------------------------------+
; Parallel Compilation                     ;
+----------------------------+-------------+
; Processors                 ; Number      ;
+----------------------------+-------------+
; Number detected on machine ; 8           ;
; Maximum allowed            ; 4           ;
;                            ;             ;
; Average used               ; 1.00        ;
; Maximum used               ; 4           ;
;                            ;             ;
; Usage by Processor         ; % Time Used ;
;     Processor 1            ; 100.0%      ;
;     Processors 2-4         ; < 0.1%      ;
;     Processors 5-8         ;   0.0%      ;
+----------------------------+-------------+


+---------------------------------------------------------------------------------------------------------------------------------------------------------------------------------+
; Clocks                                                                                                                                                                          ;
+------------+------+--------+------------+-------+-------+------------+-----------+-------------+-------+--------+-----------+------------+----------+--------+--------+---------+
; Clock Name ; Type ; Period ; Frequency  ; Rise  ; Fall  ; Duty Cycle ; Divide by ; Multiply by ; Phase ; Offset ; Edge List ; Edge Shift ; Inverted ; Master ; Source ; Targets ;
+------------+------+--------+------------+-------+-------+------------+-----------+-------------+-------+--------+-----------+------------+----------+--------+--------+---------+
; CLK        ; Base ; 1.000  ; 1000.0 MHz ; 0.000 ; 0.500 ;            ;           ;             ;       ;        ;           ;            ;          ;        ;        ; { CLK } ;
+------------+------+--------+------------+-------+-------+------------+-----------+-------------+-------+--------+-----------+------------+----------+--------+--------+---------+


--------------------------------------
; Slow 1200mV 85C Model Fmax Summary ;
--------------------------------------
No paths to report.


----------------------------------
; Timing Closure Recommendations ;
----------------------------------
HTML report is unavailable in plain text report export.


---------------------------------------
; Slow 1200mV 85C Model Setup Summary ;
---------------------------------------
No paths to report.


--------------------------------------
; Slow 1200mV 85C Model Hold Summary ;
--------------------------------------
No paths to report.


+----------------------------------------+
; Slow 1200mV 85C Model Recovery Summary ;
+-------+--------+-----------------------+
; Clock ; Slack  ; End Point TNS         ;
+-------+--------+-----------------------+
; CLK   ; -3.164 ; -3.164                ;
+-------+--------+-----------------------+


+---------------------------------------+
; Slow 1200mV 85C Model Removal Summary ;
+-------+--------+----------------------+
; Clock ; Slack  ; End Point TNS        ;
+-------+--------+----------------------+
; CLK   ; -1.425 ; -1.425               ;
+-------+--------+----------------------+


+---------------------------------------------------+
; Slow 1200mV 85C Model Minimum Pulse Width Summary ;
+-------+--------+----------------------------------+
; Clock ; Slack  ; End Point TNS                    ;
+-------+--------+----------------------------------+
; CLK   ; -3.000 ; -3.000                           ;
+-------+--------+----------------------------------+


+-----------------------------------------------------------------------------------------------------------------+
; Slow 1200mV 85C Model Recovery: 'CLK'                                                                           ;
+--------+-----------+----------------------+--------------+-------------+--------------+------------+------------+
; Slack  ; From Node ; To Node              ; Launch Clock ; Latch Clock ; Relationship ; Clock Skew ; Data Delay ;
+--------+-----------+----------------------+--------------+-------------+--------------+------------+------------+
; -3.164 ; CLK       ; trigger_module:U1|U1 ; CLK          ; CLK         ; 0.500        ; 3.120      ; 5.829      ;
; -2.801 ; CLK       ; trigger_module:U1|U1 ; CLK          ; CLK         ; 1.000        ; 3.120      ; 5.966      ;
; -1.353 ; CLK       ; trigger_module:U1|U1 ; CLK          ; CLK         ; 0.500        ; 5.068      ; 5.966      ;
; -0.716 ; CLK       ; trigger_module:U1|U1 ; CLK          ; CLK         ; 1.000        ; 5.068      ; 5.829      ;
+--------+-----------+----------------------+--------------+-------------+--------------+------------+------------+


+-----------------------------------------------------------------------------------------------------------------+
; Slow 1200mV 85C Model Removal: 'CLK'                                                                            ;
+--------+-----------+----------------------+--------------+-------------+--------------+------------+------------+
; Slack  ; From Node ; To Node              ; Launch Clock ; Latch Clock ; Relationship ; Clock Skew ; Data Delay ;
+--------+-----------+----------------------+--------------+-------------+--------------+------------+------------+
; -1.425 ; CLK       ; trigger_module:U1|U1 ; CLK          ; CLK         ; 0.000        ; 5.357      ; 3.932      ;
; -0.808 ; CLK       ; trigger_module:U1|U1 ; CLK          ; CLK         ; -0.500       ; 5.357      ; 4.049      ;
; 0.831  ; CLK       ; trigger_module:U1|U1 ; CLK          ; CLK         ; 0.000        ; 3.218      ; 4.049      ;
; 1.214  ; CLK       ; trigger_module:U1|U1 ; CLK          ; CLK         ; -0.500       ; 3.218      ; 3.932      ;
+--------+-----------+----------------------+--------------+-------------+--------------+------------+------------+


+-------------------------------------------------------------------------------------------------------+
; Slow 1200mV 85C Model Minimum Pulse Width: 'CLK'                                                      ;
+--------+--------------+----------------+------------------+-------+------------+----------------------+
; Slack  ; Actual Width ; Required Width ; Type             ; Clock ; Clock Edge ; Target               ;
+--------+--------------+----------------+------------------+-------+------------+----------------------+
; -3.000 ; 1.000        ; 4.000          ; Port Rate        ; CLK   ; Rise       ; CLK                  ;
; 0.324  ; 0.324        ; 0.000          ; Low Pulse Width  ; CLK   ; Rise       ; trigger_module:U1|U1 ;
; 0.345  ; 0.345        ; 0.000          ; High Pulse Width ; CLK   ; Fall       ; U1|U5|combout        ;
; 0.362  ; 0.362        ; 0.000          ; High Pulse Width ; CLK   ; Fall       ; U1|U1|datad          ;
; 0.364  ; 0.364        ; 0.000          ; Low Pulse Width  ; CLK   ; Rise       ; U1|U1|datad          ;
; 0.370  ; 0.370        ; 0.000          ; Low Pulse Width  ; CLK   ; Rise       ; U1|U4~0|datac        ;
; 0.370  ; 0.370        ; 0.000          ; Low Pulse Width  ; CLK   ; Rise       ; U1|U5|datac          ;
; 0.381  ; 0.381        ; 0.000          ; Low Pulse Width  ; CLK   ; Rise       ; U1|U5|combout        ;
; 0.402  ; 0.402        ; 0.000          ; High Pulse Width ; CLK   ; Fall       ; trigger_module:U1|U1 ;
; 0.454  ; 0.454        ; 0.000          ; Low Pulse Width  ; CLK   ; Rise       ; CLK~input|o          ;
; 0.500  ; 0.500        ; 0.000          ; High Pulse Width ; CLK   ; Rise       ; CLK~input|i          ;
; 0.500  ; 0.500        ; 0.000          ; Low Pulse Width  ; CLK   ; Rise       ; CLK~input|i          ;
; 0.546  ; 0.546        ; 0.000          ; High Pulse Width ; CLK   ; Rise       ; CLK~input|o          ;
; 0.598  ; 0.598        ; 0.000          ; Low Pulse Width  ; CLK   ; Fall       ; trigger_module:U1|U1 ;
; 0.618  ; 0.618        ; 0.000          ; High Pulse Width ; CLK   ; Rise       ; U1|U5|combout        ;
; 0.627  ; 0.627        ; 0.000          ; High Pulse Width ; CLK   ; Rise       ; U1|U4~0|datac        ;
; 0.627  ; 0.627        ; 0.000          ; High Pulse Width ; CLK   ; Rise       ; U1|U5|datac          ;
; 0.629  ; 0.629        ; 0.000          ; Low Pulse Width  ; CLK   ; Fall       ; U1|U1|datad          ;
; 0.635  ; 0.635        ; 0.000          ; High Pulse Width ; CLK   ; Rise       ; U1|U1|datad          ;
; 0.646  ; 0.646        ; 0.000          ; Low Pulse Width  ; CLK   ; Fall       ; U1|U5|combout        ;
; 0.666  ; 0.666        ; 0.000          ; High Pulse Width ; CLK   ; Rise       ; trigger_module:U1|U1 ;
+--------+--------------+----------------+------------------+-------+------------+----------------------+


+---------------------------------------------------------------------------+
; Clock to Output Times                                                     ;
+-------------+------------+--------+--------+------------+-----------------+
; Data Port   ; Clock Port ; Rise   ; Fall   ; Clock Edge ; Clock Reference ;
+-------------+------------+--------+--------+------------+-----------------+
; LED_Out[*]  ; CLK        ; 10.835 ; 10.763 ; Rise       ; CLK             ;
;  LED_Out[0] ; CLK        ; 10.579 ; 10.763 ; Rise       ; CLK             ;
;  LED_Out[1] ; CLK        ; 10.835 ; 10.727 ; Rise       ; CLK             ;
; LED_Out[*]  ; CLK        ; 10.835 ; 10.727 ; Fall       ; CLK             ;
;  LED_Out[0] ; CLK        ; 8.440  ; 8.624  ; Fall       ; CLK             ;
;  LED_Out[1] ; CLK        ; 10.835 ; 10.727 ; Fall       ; CLK             ;
+-------------+------------+--------+--------+------------+-----------------+


+---------------------------------------------------------------------------+
; Minimum Clock to Output Times                                             ;
+-------------+------------+--------+--------+------------+-----------------+
; Data Port   ; Clock Port ; Rise   ; Fall   ; Clock Edge ; Clock Reference ;
+-------------+------------+--------+--------+------------+-----------------+
; LED_Out[*]  ; CLK        ; 8.109  ; 8.266  ; Rise       ; CLK             ;
;  LED_Out[0] ; CLK        ; 10.101 ; 10.280 ; Rise       ; CLK             ;
;  LED_Out[1] ; CLK        ; 8.109  ; 8.266  ; Rise       ; CLK             ;
; LED_Out[*]  ; CLK        ; 8.103  ; 8.217  ; Fall       ; CLK             ;
;  LED_Out[0] ; CLK        ; 8.153  ; 8.332  ; Fall       ; CLK             ;
;  LED_Out[1] ; CLK        ; 8.103  ; 8.217  ; Fall       ; CLK             ;
+-------------+------------+--------+--------+------------+-----------------+


+--------------------------------------------------------------+
; Propagation Delay                                            ;
+------------+-------------+--------+--------+--------+--------+
; Input Port ; Output Port ; RR     ; RF     ; FR     ; FF     ;
+------------+-------------+--------+--------+--------+--------+
; Clrn       ; LED_Out[1]  ;        ; 9.713  ; 9.647  ;        ;
; Setn       ; LED_Out[1]  ; 11.593 ;        ;        ; 11.850 ;
; Sw_In      ; LED_Out[1]  ;        ; 11.126 ; 11.318 ;        ;
+------------+-------------+--------+--------+--------+--------+


+--------------------------------------------------------------+
; Minimum Propagation Delay                                    ;
+------------+-------------+--------+--------+--------+--------+
; Input Port ; Output Port ; RR     ; RF     ; FR     ; FF     ;
+------------+-------------+--------+--------+--------+--------+
; Clrn       ; LED_Out[1]  ;        ; 7.812  ; 7.755  ;        ;
; Setn       ; LED_Out[1]  ; 11.082 ;        ;        ; 11.306 ;
; Sw_In      ; LED_Out[1]  ;        ; 10.617 ; 10.818 ;        ;
+------------+-------------+--------+--------+--------+--------+


----------------------------------------------
; Slow 1200mV 85C Model Metastability Report ;
----------------------------------------------
No synchronizer chains to report.


-------------------------------------
; Slow 1200mV 0C Model Fmax Summary ;
-------------------------------------
No paths to report.


--------------------------------------
; Slow 1200mV 0C Model Setup Summary ;
--------------------------------------
No paths to report.


-------------------------------------
; Slow 1200mV 0C Model Hold Summary ;
-------------------------------------
No paths to report.


+---------------------------------------+
; Slow 1200mV 0C Model Recovery Summary ;
+-------+--------+----------------------+
; Clock ; Slack  ; End Point TNS        ;
+-------+--------+----------------------+
; CLK   ; -2.818 ; -2.818               ;
+-------+--------+----------------------+


+--------------------------------------+
; Slow 1200mV 0C Model Removal Summary ;
+-------+--------+---------------------+
; Clock ; Slack  ; End Point TNS       ;
+-------+--------+---------------------+
; CLK   ; -1.279 ; -1.279              ;
+-------+--------+---------------------+


+--------------------------------------------------+
; Slow 1200mV 0C Model Minimum Pulse Width Summary ;
+-------+--------+---------------------------------+
; Clock ; Slack  ; End Point TNS                   ;
+-------+--------+---------------------------------+
; CLK   ; -3.000 ; -3.000                          ;
+-------+--------+---------------------------------+


+-----------------------------------------------------------------------------------------------------------------+
; Slow 1200mV 0C Model Recovery: 'CLK'                                                                            ;
+--------+-----------+----------------------+--------------+-------------+--------------+------------+------------+
; Slack  ; From Node ; To Node              ; Launch Clock ; Latch Clock ; Relationship ; Clock Skew ; Data Delay ;
+--------+-----------+----------------------+--------------+-------------+--------------+------------+------------+
; -2.818 ; CLK       ; trigger_module:U1|U1 ; CLK          ; CLK         ; 0.500        ; 2.964      ; 5.406      ;
; -2.462 ; CLK       ; trigger_module:U1|U1 ; CLK          ; CLK         ; 1.000        ; 2.964      ; 5.550      ;
; -1.277 ; CLK       ; trigger_module:U1|U1 ; CLK          ; CLK         ; 0.500        ; 4.649      ; 5.550      ;
; -0.633 ; CLK       ; trigger_module:U1|U1 ; CLK          ; CLK         ; 1.000        ; 4.649      ; 5.406      ;
+--------+-----------+----------------------+--------------+-------------+--------------+------------+------------+


+-----------------------------------------------------------------------------------------------------------------+
; Slow 1200mV 0C Model Removal: 'CLK'                                                                             ;
+--------+-----------+----------------------+--------------+-------------+--------------+------------+------------+
; Slack  ; From Node ; To Node              ; Launch Clock ; Latch Clock ; Relationship ; Clock Skew ; Data Delay ;
+--------+-----------+----------------------+--------------+-------------+--------------+------------+------------+
; -1.279 ; CLK       ; trigger_module:U1|U1 ; CLK          ; CLK         ; 0.000        ; 4.908      ; 3.629      ;
; -0.586 ; CLK       ; trigger_module:U1|U1 ; CLK          ; CLK         ; -0.500       ; 4.908      ; 3.822      ;
; 0.764  ; CLK       ; trigger_module:U1|U1 ; CLK          ; CLK         ; 0.000        ; 3.058      ; 3.822      ;
; 1.071  ; CLK       ; trigger_module:U1|U1 ; CLK          ; CLK         ; -0.500       ; 3.058      ; 3.629      ;
+--------+-----------+----------------------+--------------+-------------+--------------+------------+------------+


+-------------------------------------------------------------------------------------------------------+
; Slow 1200mV 0C Model Minimum Pulse Width: 'CLK'                                                       ;
+--------+--------------+----------------+------------------+-------+------------+----------------------+
; Slack  ; Actual Width ; Required Width ; Type             ; Clock ; Clock Edge ; Target               ;
+--------+--------------+----------------+------------------+-------+------------+----------------------+
; -3.000 ; 1.000        ; 4.000          ; Port Rate        ; CLK   ; Rise       ; CLK                  ;
; 0.173  ; 0.173        ; 0.000          ; Low Pulse Width  ; CLK   ; Rise       ; trigger_module:U1|U1 ;
; 0.211  ; 0.211        ; 0.000          ; High Pulse Width ; CLK   ; Fall       ; U1|U5|combout        ;
; 0.219  ; 0.219        ; 0.000          ; High Pulse Width ; CLK   ; Fall       ; U1|U1|datad          ;
; 0.273  ; 0.273        ; 0.000          ; Low Pulse Width  ; CLK   ; Rise       ; U1|U4~0|datac        ;
; 0.273  ; 0.273        ; 0.000          ; Low Pulse Width  ; CLK   ; Rise       ; U1|U5|datac          ;
; 0.285  ; 0.285        ; 0.000          ; Low Pulse Width  ; CLK   ; Rise       ; U1|U1|datad          ;
; 0.293  ; 0.293        ; 0.000          ; Low Pulse Width  ; CLK   ; Rise       ; U1|U5|combout        ;
; 0.331  ; 0.331        ; 0.000          ; High Pulse Width ; CLK   ; Fall       ; trigger_module:U1|U1 ;
; 0.475  ; 0.475        ; 0.000          ; Low Pulse Width  ; CLK   ; Rise       ; CLK~input|o          ;
; 0.500  ; 0.500        ; 0.000          ; High Pulse Width ; CLK   ; Rise       ; CLK~input|i          ;
; 0.500  ; 0.500        ; 0.000          ; Low Pulse Width  ; CLK   ; Rise       ; CLK~input|i          ;
; 0.525  ; 0.525        ; 0.000          ; High Pulse Width ; CLK   ; Rise       ; CLK~input|o          ;
; 0.662  ; 0.662        ; 0.000          ; Low Pulse Width  ; CLK   ; Fall       ; trigger_module:U1|U1 ;
; 0.700  ; 0.700        ; 0.000          ; High Pulse Width ; CLK   ; Rise       ; U1|U5|combout        ;
; 0.707  ; 0.707        ; 0.000          ; High Pulse Width ; CLK   ; Rise       ; U1|U1|datad          ;
; 0.718  ; 0.718        ; 0.000          ; High Pulse Width ; CLK   ; Rise       ; U1|U5|datac          ;
; 0.719  ; 0.719        ; 0.000          ; High Pulse Width ; CLK   ; Rise       ; U1|U4~0|datac        ;
; 0.763  ; 0.763        ; 0.000          ; Low Pulse Width  ; CLK   ; Fall       ; U1|U1|datad          ;
; 0.770  ; 0.770        ; 0.000          ; Low Pulse Width  ; CLK   ; Fall       ; U1|U5|combout        ;
; 0.808  ; 0.808        ; 0.000          ; High Pulse Width ; CLK   ; Rise       ; trigger_module:U1|U1 ;
+--------+--------------+----------------+------------------+-------+------------+----------------------+


+--------------------------------------------------------------------------+
; Clock to Output Times                                                    ;
+-------------+------------+--------+-------+------------+-----------------+
; Data Port   ; Clock Port ; Rise   ; Fall  ; Clock Edge ; Clock Reference ;
+-------------+------------+--------+-------+------------+-----------------+
; LED_Out[*]  ; CLK        ; 10.006 ; 9.901 ; Rise       ; CLK             ;
;  LED_Out[0] ; CLK        ; 9.557  ; 9.901 ; Rise       ; CLK             ;
;  LED_Out[1] ; CLK        ; 10.006 ; 9.814 ; Rise       ; CLK             ;
; LED_Out[*]  ; CLK        ; 10.006 ; 9.814 ; Fall       ; CLK             ;
;  LED_Out[0] ; CLK        ; 7.707  ; 8.051 ; Fall       ; CLK             ;
;  LED_Out[1] ; CLK        ; 10.006 ; 9.814 ; Fall       ; CLK             ;
+-------------+------------+--------+-------+------------+-----------------+


+-------------------------------------------------------------------------+
; Minimum Clock to Output Times                                           ;
+-------------+------------+-------+-------+------------+-----------------+
; Data Port   ; Clock Port ; Rise  ; Fall  ; Clock Edge ; Clock Reference ;
+-------------+------------+-------+-------+------------+-----------------+
; LED_Out[*]  ; CLK        ; 7.358 ; 7.645 ; Rise       ; CLK             ;
;  LED_Out[0] ; CLK        ; 9.108 ; 9.440 ; Rise       ; CLK             ;
;  LED_Out[1] ; CLK        ; 7.358 ; 7.645 ; Rise       ; CLK             ;
; LED_Out[*]  ; CLK        ; 7.358 ; 7.608 ; Fall       ; CLK             ;
;  LED_Out[0] ; CLK        ; 7.423 ; 7.755 ; Fall       ; CLK             ;
;  LED_Out[1] ; CLK        ; 7.358 ; 7.608 ; Fall       ; CLK             ;
+-------------+------------+-------+-------+------------+-----------------+


+--------------------------------------------------------------+
; Propagation Delay                                            ;
+------------+-------------+--------+--------+--------+--------+
; Input Port ; Output Port ; RR     ; RF     ; FR     ; FF     ;
+------------+-------------+--------+--------+--------+--------+
; Clrn       ; LED_Out[1]  ;        ; 8.947  ; 8.799  ;        ;
; Setn       ; LED_Out[1]  ; 10.530 ;        ;        ; 10.622 ;
; Sw_In      ; LED_Out[1]  ;        ; 10.097 ; 10.129 ;        ;
+------------+-------------+--------+--------+--------+--------+


+------------------------------------------------------------+
; Minimum Propagation Delay                                  ;
+------------+-------------+--------+-------+-------+--------+
; Input Port ; Output Port ; RR     ; RF    ; FR    ; FF     ;
+------------+-------------+--------+-------+-------+--------+
; Clrn       ; LED_Out[1]  ;        ; 7.175 ; 7.029 ;        ;
; Setn       ; LED_Out[1]  ; 10.042 ;       ;       ; 10.113 ;
; Sw_In      ; LED_Out[1]  ;        ; 9.614 ; 9.657 ;        ;
+------------+-------------+--------+-------+-------+--------+


---------------------------------------------
; Slow 1200mV 0C Model Metastability Report ;
---------------------------------------------
No synchronizer chains to report.


--------------------------------------
; Fast 1200mV 0C Model Setup Summary ;
--------------------------------------
No paths to report.


-------------------------------------
; Fast 1200mV 0C Model Hold Summary ;
-------------------------------------
No paths to report.


+---------------------------------------+
; Fast 1200mV 0C Model Recovery Summary ;
+-------+--------+----------------------+
; Clock ; Slack  ; End Point TNS        ;
+-------+--------+----------------------+
; CLK   ; -0.765 ; -0.765               ;
+-------+--------+----------------------+


+--------------------------------------+
; Fast 1200mV 0C Model Removal Summary ;
+-------+--------+---------------------+
; Clock ; Slack  ; End Point TNS       ;
+-------+--------+---------------------+
; CLK   ; -0.628 ; -0.628              ;
+-------+--------+---------------------+


+--------------------------------------------------+
; Fast 1200mV 0C Model Minimum Pulse Width Summary ;
+-------+--------+---------------------------------+
; Clock ; Slack  ; End Point TNS                   ;
+-------+--------+---------------------------------+
; CLK   ; -3.000 ; -3.000                          ;
+-------+--------+---------------------------------+


+-----------------------------------------------------------------------------------------------------------------+
; Fast 1200mV 0C Model Recovery: 'CLK'                                                                            ;
+--------+-----------+----------------------+--------------+-------------+--------------+------------+------------+
; Slack  ; From Node ; To Node              ; Launch Clock ; Latch Clock ; Relationship ; Clock Skew ; Data Delay ;
+--------+-----------+----------------------+--------------+-------------+--------------+------------+------------+
; -0.765 ; CLK       ; trigger_module:U1|U1 ; CLK          ; CLK         ; 0.500        ; 1.683      ; 2.538      ;
; -0.639 ; CLK       ; trigger_module:U1|U1 ; CLK          ; CLK         ; 1.000        ; 1.683      ; 2.912      ;
; -0.551 ; CLK       ; trigger_module:U1|U1 ; CLK          ; CLK         ; 0.500        ; 2.271      ; 2.912      ;
; 0.323  ; CLK       ; trigger_module:U1|U1 ; CLK          ; CLK         ; 1.000        ; 2.271      ; 2.538      ;
+--------+-----------+----------------------+--------------+-------------+--------------+------------+------------+


+-----------------------------------------------------------------------------------------------------------------+
; Fast 1200mV 0C Model Removal: 'CLK'                                                                             ;
+--------+-----------+----------------------+--------------+-------------+--------------+------------+------------+
; Slack  ; From Node ; To Node              ; Launch Clock ; Latch Clock ; Relationship ; Clock Skew ; Data Delay ;
+--------+-----------+----------------------+--------------+-------------+--------------+------------+------------+
; -0.628 ; CLK       ; trigger_module:U1|U1 ; CLK          ; CLK         ; 0.000        ; 2.401      ; 1.773      ;
; 0.158  ; CLK       ; trigger_module:U1|U1 ; CLK          ; CLK         ; -0.500       ; 2.401      ; 2.059      ;
; 0.336  ; CLK       ; trigger_module:U1|U1 ; CLK          ; CLK         ; 0.000        ; 1.723      ; 2.059      ;
; 0.550  ; CLK       ; trigger_module:U1|U1 ; CLK          ; CLK         ; -0.500       ; 1.723      ; 1.773      ;
+--------+-----------+----------------------+--------------+-------------+--------------+------------+------------+


+-------------------------------------------------------------------------------------------------------+
; Fast 1200mV 0C Model Minimum Pulse Width: 'CLK'                                                       ;
+--------+--------------+----------------+------------------+-------+------------+----------------------+
; Slack  ; Actual Width ; Required Width ; Type             ; Clock ; Clock Edge ; Target               ;
+--------+--------------+----------------+------------------+-------+------------+----------------------+
; -3.000 ; 1.000        ; 4.000          ; Port Rate        ; CLK   ; Rise       ; CLK                  ;
; 0.120  ; 0.120        ; 0.000          ; Low Pulse Width  ; CLK   ; Rise       ; CLK~input|o          ;
; 0.198  ; 0.198        ; 0.000          ; Low Pulse Width  ; CLK   ; Rise       ; U1|U1|datad          ;
; 0.202  ; 0.202        ; 0.000          ; High Pulse Width ; CLK   ; Fall       ; trigger_module:U1|U1 ;
; 0.214  ; 0.214        ; 0.000          ; Low Pulse Width  ; CLK   ; Rise       ; U1|U5|combout        ;
; 0.217  ; 0.217        ; 0.000          ; Low Pulse Width  ; CLK   ; Rise       ; U1|U4~0|datac        ;
; 0.217  ; 0.217        ; 0.000          ; Low Pulse Width  ; CLK   ; Rise       ; U1|U5|datac          ;
; 0.247  ; 0.247        ; 0.000          ; High Pulse Width ; CLK   ; Fall       ; U1|U5|combout        ;
; 0.259  ; 0.259        ; 0.000          ; Low Pulse Width  ; CLK   ; Rise       ; trigger_module:U1|U1 ;
; 0.263  ; 0.263        ; 0.000          ; High Pulse Width ; CLK   ; Fall       ; U1|U1|datad          ;
; 0.500  ; 0.500        ; 0.000          ; High Pulse Width ; CLK   ; Rise       ; CLK~input|i          ;
; 0.500  ; 0.500        ; 0.000          ; Low Pulse Width  ; CLK   ; Rise       ; CLK~input|i          ;
; 0.733  ; 0.733        ; 0.000          ; Low Pulse Width  ; CLK   ; Fall       ; U1|U1|datad          ;
; 0.738  ; 0.738        ; 0.000          ; High Pulse Width ; CLK   ; Rise       ; trigger_module:U1|U1 ;
; 0.750  ; 0.750        ; 0.000          ; Low Pulse Width  ; CLK   ; Fall       ; U1|U5|combout        ;
; 0.778  ; 0.778        ; 0.000          ; High Pulse Width ; CLK   ; Rise       ; U1|U4~0|datac        ;
; 0.778  ; 0.778        ; 0.000          ; High Pulse Width ; CLK   ; Rise       ; U1|U5|datac          ;
; 0.781  ; 0.781        ; 0.000          ; High Pulse Width ; CLK   ; Rise       ; U1|U5|combout        ;
; 0.793  ; 0.793        ; 0.000          ; Low Pulse Width  ; CLK   ; Fall       ; trigger_module:U1|U1 ;
; 0.798  ; 0.798        ; 0.000          ; High Pulse Width ; CLK   ; Rise       ; U1|U1|datad          ;
; 0.880  ; 0.880        ; 0.000          ; High Pulse Width ; CLK   ; Rise       ; CLK~input|o          ;
+--------+--------------+----------------+------------------+-------+------------+----------------------+


+-------------------------------------------------------------------------+
; Clock to Output Times                                                   ;
+-------------+------------+-------+-------+------------+-----------------+
; Data Port   ; Clock Port ; Rise  ; Fall  ; Clock Edge ; Clock Reference ;
+-------------+------------+-------+-------+------------+-----------------+
; LED_Out[*]  ; CLK        ; 5.294 ; 4.973 ; Rise       ; CLK             ;
;  LED_Out[0] ; CLK        ; 5.052 ; 4.925 ; Rise       ; CLK             ;
;  LED_Out[1] ; CLK        ; 5.294 ; 4.973 ; Rise       ; CLK             ;
; LED_Out[*]  ; CLK        ; 5.294 ; 4.973 ; Fall       ; CLK             ;
;  LED_Out[0] ; CLK        ; 4.374 ; 4.247 ; Fall       ; CLK             ;
;  LED_Out[1] ; CLK        ; 5.294 ; 4.973 ; Fall       ; CLK             ;
+-------------+------------+-------+-------+------------+-----------------+


+-------------------------------------------------------------------------+
; Minimum Clock to Output Times                                           ;
+-------------+------------+-------+-------+------------+-----------------+
; Data Port   ; Clock Port ; Rise  ; Fall  ; Clock Edge ; Clock Reference ;
+-------------+------------+-------+-------+------------+-----------------+
; LED_Out[*]  ; CLK        ; 3.937 ; 4.153 ; Rise       ; CLK             ;
;  LED_Out[0] ; CLK        ; 4.835 ; 4.713 ; Rise       ; CLK             ;
;  LED_Out[1] ; CLK        ; 3.937 ; 4.153 ; Rise       ; CLK             ;
; LED_Out[*]  ; CLK        ; 3.937 ; 4.119 ; Fall       ; CLK             ;
;  LED_Out[0] ; CLK        ; 4.247 ; 4.125 ; Fall       ; CLK             ;
;  LED_Out[1] ; CLK        ; 3.937 ; 4.119 ; Fall       ; CLK             ;
+-------------+------------+-------+-------+------------+-----------------+


+----------------------------------------------------------+
; Propagation Delay                                        ;
+------------+-------------+-------+-------+-------+-------+
; Input Port ; Output Port ; RR    ; RF    ; FR    ; FF    ;
+------------+-------------+-------+-------+-------+-------+
; Clrn       ; LED_Out[1]  ;       ; 4.374 ; 4.864 ;       ;
; Setn       ; LED_Out[1]  ; 5.396 ;       ;       ; 5.957 ;
; Sw_In      ; LED_Out[1]  ;       ; 5.198 ; 5.817 ;       ;
+------------+-------------+-------+-------+-------+-------+


+----------------------------------------------------------+
; Minimum Propagation Delay                                ;
+------------+-------------+-------+-------+-------+-------+
; Input Port ; Output Port ; RR    ; RF    ; FR    ; FF    ;
+------------+-------------+-------+-------+-------+-------+
; Clrn       ; LED_Out[1]  ;       ; 3.573 ; 4.022 ;       ;
; Setn       ; LED_Out[1]  ; 5.162 ;       ;       ; 5.709 ;
; Sw_In      ; LED_Out[1]  ;       ; 4.965 ; 5.584 ;       ;
+------------+-------------+-------+-------+-------+-------+


---------------------------------------------
; Fast 1200mV 0C Model Metastability Report ;
---------------------------------------------
No synchronizer chains to report.


+----------------------------------------------------------------------------+
; Multicorner Timing Analysis Summary                                        ;
+------------------+-------+------+----------+---------+---------------------+
; Clock            ; Setup ; Hold ; Recovery ; Removal ; Minimum Pulse Width ;
+------------------+-------+------+----------+---------+---------------------+
; Worst-case Slack ; N/A   ; N/A  ; -3.164   ; -1.425  ; -3.000              ;
;  CLK             ; N/A   ; N/A  ; -3.164   ; -1.425  ; -3.000              ;
; Design-wide TNS  ; 0.0   ; 0.0  ; -3.164   ; -1.425  ; -3.0                ;
;  CLK             ; N/A   ; N/A  ; -3.164   ; -1.425  ; -3.000              ;
+------------------+-------+------+----------+---------+---------------------+


+---------------------------------------------------------------------------+
; Clock to Output Times                                                     ;
+-------------+------------+--------+--------+------------+-----------------+
; Data Port   ; Clock Port ; Rise   ; Fall   ; Clock Edge ; Clock Reference ;
+-------------+------------+--------+--------+------------+-----------------+
; LED_Out[*]  ; CLK        ; 10.835 ; 10.763 ; Rise       ; CLK             ;
;  LED_Out[0] ; CLK        ; 10.579 ; 10.763 ; Rise       ; CLK             ;
;  LED_Out[1] ; CLK        ; 10.835 ; 10.727 ; Rise       ; CLK             ;
; LED_Out[*]  ; CLK        ; 10.835 ; 10.727 ; Fall       ; CLK             ;
;  LED_Out[0] ; CLK        ; 8.440  ; 8.624  ; Fall       ; CLK             ;
;  LED_Out[1] ; CLK        ; 10.835 ; 10.727 ; Fall       ; CLK             ;
+-------------+------------+--------+--------+------------+-----------------+


+-------------------------------------------------------------------------+
; Minimum Clock to Output Times                                           ;
+-------------+------------+-------+-------+------------+-----------------+
; Data Port   ; Clock Port ; Rise  ; Fall  ; Clock Edge ; Clock Reference ;
+-------------+------------+-------+-------+------------+-----------------+
; LED_Out[*]  ; CLK        ; 3.937 ; 4.153 ; Rise       ; CLK             ;
;  LED_Out[0] ; CLK        ; 4.835 ; 4.713 ; Rise       ; CLK             ;
;  LED_Out[1] ; CLK        ; 3.937 ; 4.153 ; Rise       ; CLK             ;
; LED_Out[*]  ; CLK        ; 3.937 ; 4.119 ; Fall       ; CLK             ;
;  LED_Out[0] ; CLK        ; 4.247 ; 4.125 ; Fall       ; CLK             ;
;  LED_Out[1] ; CLK        ; 3.937 ; 4.119 ; Fall       ; CLK             ;
+-------------+------------+-------+-------+------------+-----------------+


+--------------------------------------------------------------+
; Progagation Delay                                            ;
+------------+-------------+--------+--------+--------+--------+
; Input Port ; Output Port ; RR     ; RF     ; FR     ; FF     ;
+------------+-------------+--------+--------+--------+--------+
; Clrn       ; LED_Out[1]  ;        ; 9.713  ; 9.647  ;        ;
; Setn       ; LED_Out[1]  ; 11.593 ;        ;        ; 11.850 ;
; Sw_In      ; LED_Out[1]  ;        ; 11.126 ; 11.318 ;        ;
+------------+-------------+--------+--------+--------+--------+


+----------------------------------------------------------+
; Minimum Progagation Delay                                ;
+------------+-------------+-------+-------+-------+-------+
; Input Port ; Output Port ; RR    ; RF    ; FR    ; FF    ;
+------------+-------------+-------+-------+-------+-------+
; Clrn       ; LED_Out[1]  ;       ; 3.573 ; 4.022 ;       ;
; Setn       ; LED_Out[1]  ; 5.162 ;       ;       ; 5.709 ;
; Sw_In      ; LED_Out[1]  ;       ; 4.965 ; 5.584 ;       ;
+------------+-------------+-------+-------+-------+-------+


+------------------------------------------------------------------------------------------------------------------------------------------------------------------------------------------------------------------------------------------------------------------------------------------------------------------------------------------------------------------------------------------------------------------+
; Board Trace Model Assignments                                                                                                                                                                                                                                                                                                                                                                                    ;
+---------------+--------------+-------------------+-------------------------+-------------------------+---------------+---------------------+----------------+------------------+--------+------------------+------------------------+------------------------+--------------+---------------+-----------------+-------+---------------------+--------------------+---------------+-----------------+-------------+
; Pin           ; I/O Standard ; Near Tline Length ; Near Tline L per Length ; Near Tline C per Length ; Near Series R ; Near Differential R ; Near Pull-up R ; Near Pull-down R ; Near C ; Far Tline Length ; Far Tline L per Length ; Far Tline C per Length ; Far Series R ; Far Pull-up R ; Far Pull-down R ; Far C ; Termination Voltage ; Far Differential R ; EBD File Name ; EBD Signal Name ; EBD Far-end ;
+---------------+--------------+-------------------+-------------------------+-------------------------+---------------+---------------------+----------------+------------------+--------+------------------+------------------------+------------------------+--------------+---------------+-----------------+-------+---------------------+--------------------+---------------+-----------------+-------------+
; LED_Out[0]    ; 2.5 V        ; 0 in              ; 0 H/in                  ; 0 F/in                  ; short         ; -                   ; open           ; open             ; open   ; 0 in             ; 0 H/in                 ; 0 F/in                 ; short        ; open          ; open            ; open  ; 0 V                 ; -                  ; n/a           ; n/a             ; n/a         ;
; LED_Out[1]    ; 2.5 V        ; 0 in              ; 0 H/in                  ; 0 F/in                  ; short         ; -                   ; open           ; open             ; open   ; 0 in             ; 0 H/in                 ; 0 F/in                 ; short        ; open          ; open            ; open  ; 0 V                 ; -                  ; n/a           ; n/a             ; n/a         ;
; ~ALTERA_DCLK~ ; 2.5 V        ; 0 in              ; 0 H/in                  ; 0 F/in                  ; short         ; -                   ; open           ; open             ; open   ; 0 in             ; 0 H/in                 ; 0 F/in                 ; short        ; open          ; open            ; open  ; 0 V                 ; -                  ; n/a           ; n/a             ; n/a         ;
+---------------+--------------+-------------------+-------------------------+-------------------------+---------------+---------------------+----------------+------------------+--------+------------------+------------------------+------------------------+--------------+---------------+-----------------+-------+---------------------+--------------------+---------------+-----------------+-------------+


+----------------------------------------------------------------------------+
; Input Transition Times                                                     ;
+-------------------------+--------------+-----------------+-----------------+
; Pin                     ; I/O Standard ; 10-90 Rise Time ; 90-10 Fall Time ;
+-------------------------+--------------+-----------------+-----------------+
; Clrn                    ; 2.5 V        ; 2000 ps         ; 2000 ps         ;
; Setn                    ; 2.5 V        ; 2000 ps         ; 2000 ps         ;
; CLK                     ; 2.5 V        ; 2000 ps         ; 2000 ps         ;
; Sw_In                   ; 2.5 V        ; 2000 ps         ; 2000 ps         ;
; ~ALTERA_ASDO_DATA1~     ; 2.5 V        ; 2000 ps         ; 2000 ps         ;
; ~ALTERA_FLASH_nCE_nCSO~ ; 2.5 V        ; 2000 ps         ; 2000 ps         ;
; ~ALTERA_DATA0~          ; 2.5 V        ; 2000 ps         ; 2000 ps         ;
+-------------------------+--------------+-----------------+-----------------+


+--------------------------------------------------------------------------------------------------------------------------------------------------------------------------------------------------------------------------------------------------------------------------------------------------------------------------------------------------------------------------------------------------------------------------------------------------------------------------------------------------------------------------------------------------------------------------------------------------------------------------------------------------------------------------------------------+
; Signal Integrity Metrics (Slow 1200mv 0c Model)                                                                                                                                                                                                                                                                                                                                                                                                                                                                                                                                                                                                                                            ;
+---------------+--------------+---------------------+---------------------+------------------------------+------------------------------+---------------------+---------------------+--------------------------------------+--------------------------------------+-----------------------------+-----------------------------+----------------------------+----------------------------+-----------------------------+-----------------------------+--------------------+--------------------+-------------------------------------+-------------------------------------+----------------------------+----------------------------+---------------------------+---------------------------+
; Pin           ; I/O Standard ; Board Delay on Rise ; Board Delay on Fall ; Steady State Voh at FPGA Pin ; Steady State Vol at FPGA Pin ; Voh Max at FPGA Pin ; Vol Min at FPGA Pin ; Ringback Voltage on Rise at FPGA Pin ; Ringback Voltage on Fall at FPGA Pin ; 10-90 Rise Time at FPGA Pin ; 90-10 Fall Time at FPGA Pin ; Monotonic Rise at FPGA Pin ; Monotonic Fall at FPGA Pin ; Steady State Voh at Far-end ; Steady State Vol at Far-end ; Voh Max at Far-end ; Vol Min at Far-end ; Ringback Voltage on Rise at Far-end ; Ringback Voltage on Fall at Far-end ; 10-90 Rise Time at Far-end ; 90-10 Fall Time at Far-end ; Monotonic Rise at Far-end ; Monotonic Fall at Far-end ;
+---------------+--------------+---------------------+---------------------+------------------------------+------------------------------+---------------------+---------------------+--------------------------------------+--------------------------------------+-----------------------------+-----------------------------+----------------------------+----------------------------+-----------------------------+-----------------------------+--------------------+--------------------+-------------------------------------+-------------------------------------+----------------------------+----------------------------+---------------------------+---------------------------+
; LED_Out[0]    ; 2.5 V        ; 0 s                 ; 0 s                 ; 2.32 V                       ; 2.8e-09 V                    ; 2.37 V              ; -0.00373 V          ; 0.104 V                              ; 0.011 V                              ; 4.34e-10 s                  ; 3.82e-10 s                  ; Yes                        ; Yes                        ; 2.32 V                      ; 2.8e-09 V                   ; 2.37 V             ; -0.00373 V         ; 0.104 V                             ; 0.011 V                             ; 4.34e-10 s                 ; 3.82e-10 s                 ; Yes                       ; Yes                       ;
; LED_Out[1]    ; 2.5 V        ; 0 s                 ; 0 s                 ; 2.32 V                       ; 2.8e-09 V                    ; 2.37 V              ; -0.00373 V          ; 0.104 V                              ; 0.011 V                              ; 4.34e-10 s                  ; 3.82e-10 s                  ; Yes                        ; Yes                        ; 2.32 V                      ; 2.8e-09 V                   ; 2.37 V             ; -0.00373 V         ; 0.104 V                             ; 0.011 V                             ; 4.34e-10 s                 ; 3.82e-10 s                 ; Yes                       ; Yes                       ;
; ~ALTERA_DCLK~ ; 2.5 V        ; 0 s                 ; 0 s                 ; 2.32 V                       ; 1.74e-09 V                   ; 2.37 V              ; -0.0346 V           ; 0.198 V                              ; 0.094 V                              ; 3.14e-10 s                  ; 2.92e-10 s                  ; Yes                        ; Yes                        ; 2.32 V                      ; 1.74e-09 V                  ; 2.37 V             ; -0.0346 V          ; 0.198 V                             ; 0.094 V                             ; 3.14e-10 s                 ; 2.92e-10 s                 ; Yes                       ; Yes                       ;
+---------------+--------------+---------------------+---------------------+------------------------------+------------------------------+---------------------+---------------------+--------------------------------------+--------------------------------------+-----------------------------+-----------------------------+----------------------------+----------------------------+-----------------------------+-----------------------------+--------------------+--------------------+-------------------------------------+-------------------------------------+----------------------------+----------------------------+---------------------------+---------------------------+


+--------------------------------------------------------------------------------------------------------------------------------------------------------------------------------------------------------------------------------------------------------------------------------------------------------------------------------------------------------------------------------------------------------------------------------------------------------------------------------------------------------------------------------------------------------------------------------------------------------------------------------------------------------------------------------------------+
; Signal Integrity Metrics (Slow 1200mv 85c Model)                                                                                                                                                                                                                                                                                                                                                                                                                                                                                                                                                                                                                                           ;
+---------------+--------------+---------------------+---------------------+------------------------------+------------------------------+---------------------+---------------------+--------------------------------------+--------------------------------------+-----------------------------+-----------------------------+----------------------------+----------------------------+-----------------------------+-----------------------------+--------------------+--------------------+-------------------------------------+-------------------------------------+----------------------------+----------------------------+---------------------------+---------------------------+
; Pin           ; I/O Standard ; Board Delay on Rise ; Board Delay on Fall ; Steady State Voh at FPGA Pin ; Steady State Vol at FPGA Pin ; Voh Max at FPGA Pin ; Vol Min at FPGA Pin ; Ringback Voltage on Rise at FPGA Pin ; Ringback Voltage on Fall at FPGA Pin ; 10-90 Rise Time at FPGA Pin ; 90-10 Fall Time at FPGA Pin ; Monotonic Rise at FPGA Pin ; Monotonic Fall at FPGA Pin ; Steady State Voh at Far-end ; Steady State Vol at Far-end ; Voh Max at Far-end ; Vol Min at Far-end ; Ringback Voltage on Rise at Far-end ; Ringback Voltage on Fall at Far-end ; 10-90 Rise Time at Far-end ; 90-10 Fall Time at Far-end ; Monotonic Rise at Far-end ; Monotonic Fall at Far-end ;
+---------------+--------------+---------------------+---------------------+------------------------------+------------------------------+---------------------+---------------------+--------------------------------------+--------------------------------------+-----------------------------+-----------------------------+----------------------------+----------------------------+-----------------------------+-----------------------------+--------------------+--------------------+-------------------------------------+-------------------------------------+----------------------------+----------------------------+---------------------------+---------------------------+
; LED_Out[0]    ; 2.5 V        ; 0 s                 ; 0 s                 ; 2.32 V                       ; 2.85e-07 V                   ; 2.35 V              ; -0.0123 V           ; 0.144 V                              ; 0.042 V                              ; 4.81e-10 s                  ; 4.81e-10 s                  ; Yes                        ; Yes                        ; 2.32 V                      ; 2.85e-07 V                  ; 2.35 V             ; -0.0123 V          ; 0.144 V                             ; 0.042 V                             ; 4.81e-10 s                 ; 4.81e-10 s                 ; Yes                       ; Yes                       ;
; LED_Out[1]    ; 2.5 V        ; 0 s                 ; 0 s                 ; 2.32 V                       ; 2.85e-07 V                   ; 2.35 V              ; -0.0123 V           ; 0.144 V                              ; 0.042 V                              ; 4.81e-10 s                  ; 4.81e-10 s                  ; Yes                        ; Yes                        ; 2.32 V                      ; 2.85e-07 V                  ; 2.35 V             ; -0.0123 V          ; 0.144 V                             ; 0.042 V                             ; 4.81e-10 s                 ; 4.81e-10 s                 ; Yes                       ; Yes                       ;
; ~ALTERA_DCLK~ ; 2.5 V        ; 0 s                 ; 0 s                 ; 2.32 V                       ; 1.55e-07 V                   ; 2.35 V              ; -0.00221 V          ; 0.097 V                              ; 0.005 V                              ; 4.49e-10 s                  ; 3.85e-10 s                  ; Yes                        ; Yes                        ; 2.32 V                      ; 1.55e-07 V                  ; 2.35 V             ; -0.00221 V         ; 0.097 V                             ; 0.005 V                             ; 4.49e-10 s                 ; 3.85e-10 s                 ; Yes                       ; Yes                       ;
+---------------+--------------+---------------------+---------------------+------------------------------+------------------------------+---------------------+---------------------+--------------------------------------+--------------------------------------+-----------------------------+-----------------------------+----------------------------+----------------------------+-----------------------------+-----------------------------+--------------------+--------------------+-------------------------------------+-------------------------------------+----------------------------+----------------------------+---------------------------+---------------------------+


+--------------------------------------------------------------------------------------------------------------------------------------------------------------------------------------------------------------------------------------------------------------------------------------------------------------------------------------------------------------------------------------------------------------------------------------------------------------------------------------------------------------------------------------------------------------------------------------------------------------------------------------------------------------------------------------------+
; Signal Integrity Metrics (Fast 1200mv 0c Model)                                                                                                                                                                                                                                                                                                                                                                                                                                                                                                                                                                                                                                            ;
+---------------+--------------+---------------------+---------------------+------------------------------+------------------------------+---------------------+---------------------+--------------------------------------+--------------------------------------+-----------------------------+-----------------------------+----------------------------+----------------------------+-----------------------------+-----------------------------+--------------------+--------------------+-------------------------------------+-------------------------------------+----------------------------+----------------------------+---------------------------+---------------------------+
; Pin           ; I/O Standard ; Board Delay on Rise ; Board Delay on Fall ; Steady State Voh at FPGA Pin ; Steady State Vol at FPGA Pin ; Voh Max at FPGA Pin ; Vol Min at FPGA Pin ; Ringback Voltage on Rise at FPGA Pin ; Ringback Voltage on Fall at FPGA Pin ; 10-90 Rise Time at FPGA Pin ; 90-10 Fall Time at FPGA Pin ; Monotonic Rise at FPGA Pin ; Monotonic Fall at FPGA Pin ; Steady State Voh at Far-end ; Steady State Vol at Far-end ; Voh Max at Far-end ; Vol Min at Far-end ; Ringback Voltage on Rise at Far-end ; Ringback Voltage on Fall at Far-end ; 10-90 Rise Time at Far-end ; 90-10 Fall Time at Far-end ; Monotonic Rise at Far-end ; Monotonic Fall at Far-end ;
+---------------+--------------+---------------------+---------------------+------------------------------+------------------------------+---------------------+---------------------+--------------------------------------+--------------------------------------+-----------------------------+-----------------------------+----------------------------+----------------------------+-----------------------------+-----------------------------+--------------------+--------------------+-------------------------------------+-------------------------------------+----------------------------+----------------------------+---------------------------+---------------------------+
; LED_Out[0]    ; 2.5 V        ; 0 s                 ; 0 s                 ; 2.62 V                       ; 4.05e-08 V                   ; 2.72 V              ; -0.0349 V           ; 0.173 V                              ; 0.1 V                                ; 2.72e-10 s                  ; 2.69e-10 s                  ; Yes                        ; Yes                        ; 2.62 V                      ; 4.05e-08 V                  ; 2.72 V             ; -0.0349 V          ; 0.173 V                             ; 0.1 V                               ; 2.72e-10 s                 ; 2.69e-10 s                 ; Yes                       ; Yes                       ;
; LED_Out[1]    ; 2.5 V        ; 0 s                 ; 0 s                 ; 2.62 V                       ; 4.05e-08 V                   ; 2.72 V              ; -0.0349 V           ; 0.173 V                              ; 0.1 V                                ; 2.72e-10 s                  ; 2.69e-10 s                  ; Yes                        ; Yes                        ; 2.62 V                      ; 4.05e-08 V                  ; 2.72 V             ; -0.0349 V          ; 0.173 V                             ; 0.1 V                               ; 2.72e-10 s                 ; 2.69e-10 s                 ; Yes                       ; Yes                       ;
; ~ALTERA_DCLK~ ; 2.5 V        ; 0 s                 ; 0 s                 ; 2.62 V                       ; 2.22e-08 V                   ; 2.74 V              ; -0.06 V             ; 0.158 V                              ; 0.08 V                               ; 2.68e-10 s                  ; 2.19e-10 s                  ; Yes                        ; Yes                        ; 2.62 V                      ; 2.22e-08 V                  ; 2.74 V             ; -0.06 V            ; 0.158 V                             ; 0.08 V                              ; 2.68e-10 s                 ; 2.19e-10 s                 ; Yes                       ; Yes                       ;
+---------------+--------------+---------------------+---------------------+------------------------------+------------------------------+---------------------+---------------------+--------------------------------------+--------------------------------------+-----------------------------+-----------------------------+----------------------------+----------------------------+-----------------------------+-----------------------------+--------------------+--------------------+-------------------------------------+-------------------------------------+----------------------------+----------------------------+---------------------------+---------------------------+


+-------------------------------------------------------------------+
; Recovery Transfers                                                ;
+------------+----------+----------+----------+----------+----------+
; From Clock ; To Clock ; RR Paths ; FR Paths ; RF Paths ; FF Paths ;
+------------+----------+----------+----------+----------+----------+
; CLK        ; CLK      ; 4        ; 4        ; 4        ; 4        ;
+------------+----------+----------+----------+----------+----------+
Entries labeled "false path" only account for clock-to-clock false paths and not path-based false paths. As a result, actual path counts may be lower than reported.


+-------------------------------------------------------------------+
; Removal Transfers                                                 ;
+------------+----------+----------+----------+----------+----------+
; From Clock ; To Clock ; RR Paths ; FR Paths ; RF Paths ; FF Paths ;
+------------+----------+----------+----------+----------+----------+
; CLK        ; CLK      ; 4        ; 4        ; 4        ; 4        ;
+------------+----------+----------+----------+----------+----------+
Entries labeled "false path" only account for clock-to-clock false paths and not path-based false paths. As a result, actual path counts may be lower than reported.


---------------
; Report TCCS ;
---------------
No dedicated SERDES Transmitter circuitry present in device or used in design


---------------
; Report RSKM ;
---------------
No dedicated SERDES Receiver circuitry present in device or used in design


+------------------------------------------------+
; Unconstrained Paths                            ;
+---------------------------------+-------+------+
; Property                        ; Setup ; Hold ;
+---------------------------------+-------+------+
; Illegal Clocks                  ; 0     ; 0    ;
; Unconstrained Clocks            ; 0     ; 0    ;
; Unconstrained Input Ports       ; 4     ; 4    ;
; Unconstrained Input Port Paths  ; 7     ; 7    ;
; Unconstrained Output Ports      ; 2     ; 2    ;
; Unconstrained Output Port Paths ; 6     ; 6    ;
+---------------------------------+-------+------+


+------------------------------------+
; TimeQuest Timing Analyzer Messages ;
+------------------------------------+
Info: *******************************************************************
Info: Running Quartus II 64-Bit TimeQuest Timing Analyzer
    Info: Version 13.0.1 Build 232 06/12/2013 Service Pack 1 SJ Full Version
    Info: Processing started: Wed May 10 10:11:32 2017
Info: Command: quartus_sta triggerD1 -c triggerD1
Info: qsta_default_script.tcl version: #1
Info (11104): Parallel Compilation has detected 8 hyper-threaded processors. However, the extra hyper-threaded processors will not be used by default. Parallel Compilation will use 4 of the 4 physical processors detected instead.
Info (21077): Low junction temperature is 0 degrees C
Info (21077): High junction temperature is 85 degrees C
Warning (335093): TimeQuest Timing Analyzer is analyzing 1 combinational loops as latches.
Critical Warning (332012): Synopsys Design Constraints File file not found: 'triggerD1.sdc'. A Synopsys Design Constraints File is required by the TimeQuest Timing Analyzer to get proper timing constraints. Without it, the Compiler will not properly optimize the design.
Info (332142): No user constrained base clocks found in the design. Calling "derive_clocks -period 1.0"
Info (332105): Deriving Clocks
    Info (332105): create_clock -period 1.000 -name CLK CLK
Warning (332125): Found combinational loop of 9 nodes
    Warning (332126): Node "U1|U5|combout"
    Warning (332126): Node "U1|U5~0|datab"
    Warning (332126): Node "U1|U5~0|combout"
    Warning (332126): Node "U1|U4~0|dataa"
    Warning (332126): Node "U1|U4~0|combout"
    Warning (332126): Node "U1|U1~1|datab"
    Warning (332126): Node "U1|U1~1|combout"
    Warning (332126): Node "U1|U5~0|datac"
    Warning (332126): Node "U1|U5|dataa"
Info (332143): No user constrained clock uncertainty found in the design. Calling "derive_clock_uncertainty"
Info (332154): The derive_clock_uncertainty command did not apply clock uncertainty to any clock-to-clock transfers.
Info: Found TIMEQUEST_REPORT_SCRIPT_INCLUDE_DEFAULT_ANALYSIS = ON
Info: Analyzing Slow 1200mV 85C Model
Info (332140): No fmax paths to report
Info (332140): No Setup paths to report
Info (332140): No Hold paths to report
Critical Warning (332148): Timing requirements not met
    Info (11105): For recommendations on closing timing, run Report Timing Closure Recommendations in the TimeQuest Timing Analyzer.
Info (332146): Worst-case recovery slack is -3.164
    Info (332119):     Slack End Point TNS Clock 
    Info (332119): ========= ============= =====================
    Info (332119):    -3.164        -3.164 CLK 
Info (332146): Worst-case removal slack is -1.425
    Info (332119):     Slack End Point TNS Clock 
    Info (332119): ========= ============= =====================
    Info (332119):    -1.425        -1.425 CLK 
Info (332146): Worst-case minimum pulse width slack is -3.000
    Info (332119):     Slack End Point TNS Clock 
    Info (332119): ========= ============= =====================
    Info (332119):    -3.000        -3.000 CLK 
Info: Analyzing Slow 1200mV 0C Model
Info (334003): Started post-fitting delay annotation
Info (334004): Delay annotation completed successfully
Info (332154): The derive_clock_uncertainty command did not apply clock uncertainty to any clock-to-clock transfers.
Info (332140): No fmax paths to report
Info (332140): No Setup paths to report
Info (332140): No Hold paths to report
Critical Warning (332148): Timing requirements not met
    Info (11105): For recommendations on closing timing, run Report Timing Closure Recommendations in the TimeQuest Timing Analyzer.
Info (332146): Worst-case recovery slack is -2.818
    Info (332119):     Slack End Point TNS Clock 
    Info (332119): ========= ============= =====================
    Info (332119):    -2.818        -2.818 CLK 
Info (332146): Worst-case removal slack is -1.279
    Info (332119):     Slack End Point TNS Clock 
    Info (332119): ========= ============= =====================
    Info (332119):    -1.279        -1.279 CLK 
Info (332146): Worst-case minimum pulse width slack is -3.000
    Info (332119):     Slack End Point TNS Clock 
    Info (332119): ========= ============= =====================
    Info (332119):    -3.000        -3.000 CLK 
Info: Analyzing Fast 1200mV 0C Model
Info (332154): The derive_clock_uncertainty command did not apply clock uncertainty to any clock-to-clock transfers.
Info (332140): No Setup paths to report
Info (332140): No Hold paths to report
Critical Warning (332148): Timing requirements not met
    Info (11105): For recommendations on closing timing, run Report Timing Closure Recommendations in the TimeQuest Timing Analyzer.
Info (332146): Worst-case recovery slack is -0.765
    Info (332119):     Slack End Point TNS Clock 
    Info (332119): ========= ============= =====================
    Info (332119):    -0.765        -0.765 CLK 
Info (332146): Worst-case removal slack is -0.628
    Info (332119):     Slack End Point TNS Clock 
    Info (332119): ========= ============= =====================
    Info (332119):    -0.628        -0.628 CLK 
Info (332146): Worst-case minimum pulse width slack is -3.000
    Info (332119):     Slack End Point TNS Clock 
    Info (332119): ========= ============= =====================
    Info (332119):    -3.000        -3.000 CLK 
Info (332102): Design is not fully constrained for setup requirements
Info (332102): Design is not fully constrained for hold requirements
Info: Quartus II 64-Bit TimeQuest Timing Analyzer was successful. 0 errors, 15 warnings
    Info: Peak virtual memory: 511 megabytes
    Info: Processing ended: Wed May 10 10:11:34 2017
    Info: Elapsed time: 00:00:02
    Info: Total CPU time (on all processors): 00:00:02


