Sat May 27 10:03:22 CST 2017  [debug] AvalonLogSystem initialized using logfile 'velocity.log'
Sat May 27 10:03:22 CST 2017   [info] ************************************************************** 
Sat May 27 10:03:22 CST 2017   [info] Starting Jakarta Velocity v1.4
Sat May 27 10:03:22 CST 2017   [info] RuntimeInstance initializing.
Sat May 27 10:03:22 CST 2017   [info] Default Properties File: org\apache\velocity\runtime\defaults\velocity.properties
Sat May 27 10:03:22 CST 2017   [info] Trying to use logger class org.apache.velocity.runtime.log.AvalonLogSystem
Sat May 27 10:03:22 CST 2017   [info] Using logger class org.apache.velocity.runtime.log.AvalonLogSystem
Sat May 27 10:03:22 CST 2017   [info] Default ResourceManager initializing. (class org.apache.velocity.runtime.resource.ResourceManagerImpl)
Sat May 27 10:03:22 CST 2017   [info] Resource Loader Instantiated: org.apache.velocity.runtime.resource.loader.FileResourceLoader
Sat May 27 10:03:22 CST 2017   [info] FileResourceLoader : initialization starting.
Sat May 27 10:03:22 CST 2017   [info] FileResourceLoader : adding path 'd:\altera\13.0sp1\ip\altera\fir_compiler\lib\ip_toolbench\..\template'
Sat May 27 10:03:22 CST 2017   [info] FileResourceLoader : adding path '.'
Sat May 27 10:03:22 CST 2017   [info] FileResourceLoader : initialization complete.
Sat May 27 10:03:22 CST 2017   [info] Resource Loader Instantiated: org.apache.velocity.runtime.resource.loader.JarResourceLoader
Sat May 27 10:03:22 CST 2017   [info] JarResourceLoader : initialization starting.
Sat May 27 10:03:22 CST 2017   [info] JarResourceLoader # of paths : 0
Sat May 27 10:03:22 CST 2017   [info] JarResourceLoader : initialization complete.
Sat May 27 10:03:22 CST 2017   [info] Resource Loader Instantiated: org.apache.velocity.runtime.resource.loader.ClasspathResourceLoader
Sat May 27 10:03:22 CST 2017   [info] ClasspathResourceLoader : initialization starting.
Sat May 27 10:03:22 CST 2017   [info] ClasspathResourceLoader : initialization complete.
Sat May 27 10:03:22 CST 2017   [info] ResourceCache : initialized. (class org.apache.velocity.runtime.resource.ResourceCacheImpl)
Sat May 27 10:03:22 CST 2017   [info] Default ResourceManager initialization complete.
Sat May 27 10:03:22 CST 2017   [info] Loaded System Directive: org.apache.velocity.runtime.directive.Literal
Sat May 27 10:03:22 CST 2017   [info] Loaded System Directive: org.apache.velocity.runtime.directive.Macro
Sat May 27 10:03:22 CST 2017   [info] Loaded System Directive: org.apache.velocity.runtime.directive.Parse
Sat May 27 10:03:22 CST 2017   [info] Loaded System Directive: org.apache.velocity.runtime.directive.Include
Sat May 27 10:03:22 CST 2017   [info] Loaded System Directive: org.apache.velocity.runtime.directive.Foreach
Sat May 27 10:03:22 CST 2017   [info] Created: 20 parsers.
Sat May 27 10:03:22 CST 2017   [info] Velocimacro : initialization starting.
Sat May 27 10:03:22 CST 2017   [info] Velocimacro : adding VMs from VM library template : VM_global_library.vm
Sat May 27 10:03:22 CST 2017  [error] ResourceManager : unable to find resource 'VM_global_library.vm' in any resource loader.
Sat May 27 10:03:22 CST 2017   [info] Velocimacro : error using  VM library template VM_global_library.vm : org.apache.velocity.exception.ResourceNotFoundException: Unable to find resource 'VM_global_library.vm'
Sat May 27 10:03:22 CST 2017   [info] Velocimacro :  VM library template macro registration complete.
Sat May 27 10:03:22 CST 2017   [info] Velocimacro : allowInline = true : VMs can be defined inline in templates
Sat May 27 10:03:22 CST 2017   [info] Velocimacro : allowInlineToOverride = false : VMs defined inline may NOT replace previous VM definitions
Sat May 27 10:03:22 CST 2017   [info] Velocimacro : allowInlineLocal = false : VMs defined inline will be  global in scope if allowed.
Sat May 27 10:03:22 CST 2017   [info] Velocimacro : messages on  : VM system will output logging messages
Sat May 27 10:03:22 CST 2017   [info] Velocimacro : autoload off  : VM system will not automatically reload global library macros
Sat May 27 10:03:22 CST 2017   [info] Velocimacro : initialization complete.
Sat May 27 10:03:22 CST 2017   [info] Velocity successfully started.
Sat May 27 10:03:22 CST 2017   [info] ResourceManager : found tb_avalon_st.vm with loader org.apache.velocity.runtime.resource.loader.ClasspathResourceLoader
Sat May 27 10:03:22 CST 2017   [info] ResourceManager : found alt_license_vhdl.txt with loader org.apache.velocity.runtime.resource.loader.ClasspathResourceLoader
Sat May 27 10:03:22 CST 2017   [info] ResourceManager : found auk_dspip_fir_top_avalon_streaming.vm with loader org.apache.velocity.runtime.resource.loader.ClasspathResourceLoader
Sat May 27 10:03:22 CST 2017   [info] ResourceManager : found alt_license_vhdl.txt with loader org.apache.velocity.runtime.resource.loader.ClasspathResourceLoader
Sat May 27 10:03:22 CST 2017   [info] ResourceManager : found generic_msim_script.vm with loader org.apache.velocity.runtime.resource.loader.ClasspathResourceLoader
Sat May 27 10:03:22 CST 2017   [info] ResourceManager : found alt_license_tcl.txt with loader org.apache.velocity.runtime.resource.loader.ClasspathResourceLoader
Sat May 27 10:03:22 CST 2017   [info] ResourceManager : found constant_part_of_tcl_script.tcl with loader org.apache.velocity.runtime.resource.loader.ClasspathResourceLoader
Sat May 27 10:03:22 CST 2017   [info] ResourceManager : found fir_input.vm with loader org.apache.velocity.runtime.resource.loader.ClasspathResourceLoader
Sat May 27 10:03:22 CST 2017   [info] ResourceManager : found matlab_model.vm with loader org.apache.velocity.runtime.resource.loader.ClasspathResourceLoader
Sat May 27 10:03:22 CST 2017   [info] ResourceManager : found alt_license_matlab.txt with loader org.apache.velocity.runtime.resource.loader.ClasspathResourceLoader
Sat May 27 10:03:22 CST 2017   [info] ResourceManager : found matlab_model_base.vm with loader org.apache.velocity.runtime.resource.loader.ClasspathResourceLoader
Sat May 27 10:03:22 CST 2017   [info] ResourceManager : found fir_nativelink_tcl.vm with loader org.apache.velocity.runtime.resource.loader.ClasspathResourceLoader
Sat May 27 10:03:22 CST 2017   [info] ResourceManager : found alt_license_tcl.txt with loader org.apache.velocity.runtime.resource.loader.ClasspathResourceLoader
