Analysis & Synthesis report for check
Fri May 12 09:26:19 2017
Quartus II 64-Bit Version 13.0.1 Build 232 06/12/2013 Service Pack 1 SJ Full Version


---------------------
; Table of Contents ;
---------------------
  1. Legal Notice
  2. Analysis & Synthesis Summary
  3. Analysis & Synthesis Settings
  4. Parallel Compilation
  5. Analysis & Synthesis Source Files Read
  6. Analysis & Synthesis Resource Usage Summary
  7. Analysis & Synthesis Resource Utilization by Entity
  8. Analysis & Synthesis RAM Summary
  9. Registers Removed During Synthesis
 10. General Register Statistics
 11. Registers Packed Into Inferred Megafunctions
 12. Multiplexer Restructuring Statistics (Restructuring Performed)
 13. Source assignments for Buzzer_module:U3|altsyncram:WideOr0_rtl_0|altsyncram_v5v:auto_generated
 14. Parameter Settings for User Entity Instance: Top-level Entity: |check
 15. Parameter Settings for User Entity Instance: Accumulator_module:U4
 16. Parameter Settings for User Entity Instance: Digitron_NumDisplay:U5
 17. Parameter Settings for User Entity Instance: Buzzer_module:U3
 18. Parameter Settings for Inferred Entity Instance: Buzzer_module:U3|altsyncram:WideOr0_rtl_0
 19. altsyncram Parameter Settings by Entity Instance
 20. Elapsed Time Per Partition
 21. Analysis & Synthesis Messages
 22. Analysis & Synthesis Suppressed Messages



----------------
; Legal Notice ;
----------------
Copyright (C) 1991-2013 Altera Corporation
Your use of Altera Corporation's design tools, logic functions 
and other software and tools, and its AMPP partner logic 
functions, and any output files from any of the foregoing 
(including device programming or simulation files), and any 
associated documentation or information are expressly subject 
to the terms and conditions of the Altera Program License 
Subscription Agreement, Altera MegaCore Function License 
Agreement, or other applicable license agreement, including, 
without limitation, that your use is for the sole purpose of 
programming logic devices manufactured by Altera and sold by 
Altera or its authorized distributors.  Please refer to the 
applicable agreement for further details.



+---------------------------------------------------------------------------------------+
; Analysis & Synthesis Summary                                                          ;
+------------------------------------+--------------------------------------------------+
; Analysis & Synthesis Status        ; Successful - Fri May 12 09:26:19 2017            ;
; Quartus II 64-Bit Version          ; 13.0.1 Build 232 06/12/2013 SP 1 SJ Full Version ;
; Revision Name                      ; check                                            ;
; Top-level Entity Name              ; check                                            ;
; Family                             ; Cyclone IV E                                     ;
; Total logic elements               ; 187                                              ;
;     Total combinational functions  ; 186                                              ;
;     Dedicated logic registers      ; 102                                              ;
; Total registers                    ; 102                                              ;
; Total pins                         ; 33                                               ;
; Total virtual pins                 ; 0                                                ;
; Total memory bits                  ; 3,328                                            ;
; Embedded Multiplier 9-bit elements ; 0                                                ;
; Total PLLs                         ; 0                                                ;
+------------------------------------+--------------------------------------------------+


+----------------------------------------------------------------------------------------------------------------------+
; Analysis & Synthesis Settings                                                                                        ;
+----------------------------------------------------------------------------+--------------------+--------------------+
; Option                                                                     ; Setting            ; Default Value      ;
+----------------------------------------------------------------------------+--------------------+--------------------+
; Device                                                                     ; EP4CE6F17C8        ;                    ;
; Top-level entity name                                                      ; check              ; check              ;
; Family name                                                                ; Cyclone IV E       ; Cyclone IV GX      ;
; Use smart compilation                                                      ; Off                ; Off                ;
; Enable parallel Assembler and TimeQuest Timing Analyzer during compilation ; On                 ; On                 ;
; Enable compact report table                                                ; Off                ; Off                ;
; Restructure Multiplexers                                                   ; Auto               ; Auto               ;
; Create Debugging Nodes for IP Cores                                        ; Off                ; Off                ;
; Preserve fewer node names                                                  ; On                 ; On                 ;
; Disable OpenCore Plus hardware evaluation                                  ; Off                ; Off                ;
; Verilog Version                                                            ; Verilog_2001       ; Verilog_2001       ;
; VHDL Version                                                               ; VHDL_1993          ; VHDL_1993          ;
; State Machine Processing                                                   ; Auto               ; Auto               ;
; Safe State Machine                                                         ; Off                ; Off                ;
; Extract Verilog State Machines                                             ; On                 ; On                 ;
; Extract VHDL State Machines                                                ; On                 ; On                 ;
; Ignore Verilog initial constructs                                          ; Off                ; Off                ;
; Iteration limit for constant Verilog loops                                 ; 5000               ; 5000               ;
; Iteration limit for non-constant Verilog loops                             ; 250                ; 250                ;
; Add Pass-Through Logic to Inferred RAMs                                    ; On                 ; On                 ;
; Infer RAMs from Raw Logic                                                  ; On                 ; On                 ;
; Parallel Synthesis                                                         ; On                 ; On                 ;
; DSP Block Balancing                                                        ; Auto               ; Auto               ;
; NOT Gate Push-Back                                                         ; On                 ; On                 ;
; Power-Up Don't Care                                                        ; On                 ; On                 ;
; Remove Redundant Logic Cells                                               ; Off                ; Off                ;
; Remove Duplicate Registers                                                 ; On                 ; On                 ;
; Ignore CARRY Buffers                                                       ; Off                ; Off                ;
; Ignore CASCADE Buffers                                                     ; Off                ; Off                ;
; Ignore GLOBAL Buffers                                                      ; Off                ; Off                ;
; Ignore ROW GLOBAL Buffers                                                  ; Off                ; Off                ;
; Ignore LCELL Buffers                                                       ; Off                ; Off                ;
; Ignore SOFT Buffers                                                        ; On                 ; On                 ;
; Limit AHDL Integers to 32 Bits                                             ; Off                ; Off                ;
; Optimization Technique                                                     ; Balanced           ; Balanced           ;
; Carry Chain Length                                                         ; 70                 ; 70                 ;
; Auto Carry Chains                                                          ; On                 ; On                 ;
; Auto Open-Drain Pins                                                       ; On                 ; On                 ;
; Perform WYSIWYG Primitive Resynthesis                                      ; Off                ; Off                ;
; Auto ROM Replacement                                                       ; On                 ; On                 ;
; Auto RAM Replacement                                                       ; On                 ; On                 ;
; Auto DSP Block Replacement                                                 ; On                 ; On                 ;
; Auto Shift Register Replacement                                            ; Auto               ; Auto               ;
; Allow Shift Register Merging across Hierarchies                            ; Auto               ; Auto               ;
; Auto Clock Enable Replacement                                              ; On                 ; On                 ;
; Strict RAM Replacement                                                     ; Off                ; Off                ;
; Allow Synchronous Control Signals                                          ; On                 ; On                 ;
; Force Use of Synchronous Clear Signals                                     ; Off                ; Off                ;
; Auto RAM Block Balancing                                                   ; On                 ; On                 ;
; Auto RAM to Logic Cell Conversion                                          ; Off                ; Off                ;
; Auto Resource Sharing                                                      ; Off                ; Off                ;
; Allow Any RAM Size For Recognition                                         ; Off                ; Off                ;
; Allow Any ROM Size For Recognition                                         ; Off                ; Off                ;
; Allow Any Shift Register Size For Recognition                              ; Off                ; Off                ;
; Use LogicLock Constraints during Resource Balancing                        ; On                 ; On                 ;
; Ignore translate_off and synthesis_off directives                          ; Off                ; Off                ;
; Timing-Driven Synthesis                                                    ; On                 ; On                 ;
; Report Parameter Settings                                                  ; On                 ; On                 ;
; Report Source Assignments                                                  ; On                 ; On                 ;
; Report Connectivity Checks                                                 ; On                 ; On                 ;
; Ignore Maximum Fan-Out Assignments                                         ; Off                ; Off                ;
; Synchronization Register Chain Length                                      ; 2                  ; 2                  ;
; PowerPlay Power Optimization                                               ; Normal compilation ; Normal compilation ;
; HDL message level                                                          ; Level2             ; Level2             ;
; Suppress Register Optimization Related Messages                            ; Off                ; Off                ;
; Number of Removed Registers Reported in Synthesis Report                   ; 5000               ; 5000               ;
; Number of Swept Nodes Reported in Synthesis Report                         ; 5000               ; 5000               ;
; Number of Inverted Registers Reported in Synthesis Report                  ; 100                ; 100                ;
; Clock MUX Protection                                                       ; On                 ; On                 ;
; Auto Gated Clock Conversion                                                ; Off                ; Off                ;
; Block Design Naming                                                        ; Auto               ; Auto               ;
; SDC constraint protection                                                  ; Off                ; Off                ;
; Synthesis Effort                                                           ; Auto               ; Auto               ;
; Shift Register Replacement - Allow Asynchronous Clear Signal               ; On                 ; On                 ;
; Pre-Mapping Resynthesis Optimization                                       ; Off                ; Off                ;
; Analysis & Synthesis Message Level                                         ; Medium             ; Medium             ;
; Disable Register Merging Across Hierarchies                                ; Auto               ; Auto               ;
; Resource Aware Inference For Block RAM                                     ; On                 ; On                 ;
; Synthesis Seed                                                             ; 1                  ; 1                  ;
+----------------------------------------------------------------------------+--------------------+--------------------+


+------------------------------------------+
; Parallel Compilation                     ;
+----------------------------+-------------+
; Processors                 ; Number      ;
+----------------------------+-------------+
; Number detected on machine ; 8           ;
; Maximum allowed            ; 4           ;
;                            ;             ;
; Average used               ; 1.00        ;
; Maximum used               ; 1           ;
;                            ;             ;
; Usage by Processor         ; % Time Used ;
;     Processor 1            ; 100.0%      ;
;     Processors 2-8         ;   0.0%      ;
+----------------------------+-------------+


+------------------------------------------------------------------------------------------------------------------------------------------------------------------------------------------------+
; Analysis & Synthesis Source Files Read                                                                                                                                                         ;
+----------------------------------+-----------------+-------------------------------------------------------+-------------------------------------------------------------------------+---------+
; File Name with User-Entered Path ; Used in Netlist ; File Type                                             ; File Name with Absolute Path                                            ; Library ;
+----------------------------------+-----------------+-------------------------------------------------------+-------------------------------------------------------------------------+---------+
; check.v                          ; yes             ; User Verilog HDL File                                 ; F:/LQbishe/shiyan/check/check.v                                         ;         ;
; Accumulator_module.v             ; yes             ; User Verilog HDL File                                 ; F:/LQbishe/shiyan/check/Accumulator_module.v                            ;         ;
; Digitron_NumDisplay.v            ; yes             ; User Verilog HDL File                                 ; F:/LQbishe/shiyan/check/Digitron_NumDisplay.v                           ;         ;
; Buzzer_module.v                  ; yes             ; User Verilog HDL File                                 ; F:/LQbishe/shiyan/check/Buzzer_module.v                                 ;         ;
; altsyncram.tdf                   ; yes             ; Megafunction                                          ; d:/altera/13.0sp1/quartus/libraries/megafunctions/altsyncram.tdf        ;         ;
; stratix_ram_block.inc            ; yes             ; Megafunction                                          ; d:/altera/13.0sp1/quartus/libraries/megafunctions/stratix_ram_block.inc ;         ;
; lpm_mux.inc                      ; yes             ; Megafunction                                          ; d:/altera/13.0sp1/quartus/libraries/megafunctions/lpm_mux.inc           ;         ;
; lpm_decode.inc                   ; yes             ; Megafunction                                          ; d:/altera/13.0sp1/quartus/libraries/megafunctions/lpm_decode.inc        ;         ;
; aglobal130.inc                   ; yes             ; Megafunction                                          ; d:/altera/13.0sp1/quartus/libraries/megafunctions/aglobal130.inc        ;         ;
; a_rdenreg.inc                    ; yes             ; Megafunction                                          ; d:/altera/13.0sp1/quartus/libraries/megafunctions/a_rdenreg.inc         ;         ;
; altrom.inc                       ; yes             ; Megafunction                                          ; d:/altera/13.0sp1/quartus/libraries/megafunctions/altrom.inc            ;         ;
; altram.inc                       ; yes             ; Megafunction                                          ; d:/altera/13.0sp1/quartus/libraries/megafunctions/altram.inc            ;         ;
; altdpram.inc                     ; yes             ; Megafunction                                          ; d:/altera/13.0sp1/quartus/libraries/megafunctions/altdpram.inc          ;         ;
; db/altsyncram_v5v.tdf            ; yes             ; Auto-Generated Megafunction                           ; F:/LQbishe/shiyan/check/db/altsyncram_v5v.tdf                           ;         ;
; check.check0.rtl.mif             ; yes             ; Auto-Generated Auto-Found Memory Initialization File  ; F:/LQbishe/shiyan/check/db/check.check0.rtl.mif                         ;         ;
+----------------------------------+-----------------+-------------------------------------------------------+-------------------------------------------------------------------------+---------+


+---------------------------------------------------------+
; Analysis & Synthesis Resource Usage Summary             ;
+---------------------------------------------+-----------+
; Resource                                    ; Usage     ;
+---------------------------------------------+-----------+
; Estimated Total logic elements              ; 187       ;
;                                             ;           ;
; Total combinational functions               ; 186       ;
; Logic element usage by number of LUT inputs ;           ;
;     -- 4 input functions                    ; 74        ;
;     -- 3 input functions                    ; 20        ;
;     -- <=2 input functions                  ; 92        ;
;                                             ;           ;
; Logic elements by mode                      ;           ;
;     -- normal mode                          ; 110       ;
;     -- arithmetic mode                      ; 76        ;
;                                             ;           ;
; Total registers                             ; 102       ;
;     -- Dedicated logic registers            ; 102       ;
;     -- I/O registers                        ; 0         ;
;                                             ;           ;
; I/O pins                                    ; 33        ;
; Total memory bits                           ; 3328      ;
; Embedded Multiplier 9-bit elements          ; 0         ;
; Maximum fan-out node                        ; CLK~input ;
; Maximum fan-out                             ; 115       ;
; Total fan-out                               ; 1032      ;
; Average fan-out                             ; 2.81      ;
+---------------------------------------------+-----------+


+------------------------------------------------------------------------------------------------------------------------------------------------------------------------------------------------------------------------------------------------------+
; Analysis & Synthesis Resource Utilization by Entity                                                                                                                                                                                                  ;
+------------------------------------------+-------------------+--------------+-------------+--------------+---------+-----------+------+--------------+--------------------------------------------------------------------------------+--------------+
; Compilation Hierarchy Node               ; LC Combinationals ; LC Registers ; Memory Bits ; DSP Elements ; DSP 9x9 ; DSP 18x18 ; Pins ; Virtual Pins ; Full Hierarchy Name                                                            ; Library Name ;
+------------------------------------------+-------------------+--------------+-------------+--------------+---------+-----------+------+--------------+--------------------------------------------------------------------------------+--------------+
; |check                                   ; 186 (0)           ; 102 (0)      ; 3328        ; 0            ; 0       ; 0         ; 33   ; 0            ; |check                                                                         ; work         ;
;    |Accumulator_module:U4|               ; 66 (66)           ; 50 (50)      ; 0           ; 0            ; 0       ; 0         ; 0    ; 0            ; |check|Accumulator_module:U4                                                   ; work         ;
;    |Buzzer_module:U3|                    ; 67 (67)           ; 27 (27)      ; 3328        ; 0            ; 0       ; 0         ; 0    ; 0            ; |check|Buzzer_module:U3                                                        ; work         ;
;       |altsyncram:WideOr0_rtl_0|         ; 0 (0)             ; 0 (0)        ; 3328        ; 0            ; 0       ; 0         ; 0    ; 0            ; |check|Buzzer_module:U3|altsyncram:WideOr0_rtl_0                               ; work         ;
;          |altsyncram_v5v:auto_generated| ; 0 (0)             ; 0 (0)        ; 3328        ; 0            ; 0       ; 0         ; 0    ; 0            ; |check|Buzzer_module:U3|altsyncram:WideOr0_rtl_0|altsyncram_v5v:auto_generated ; work         ;
;    |Digitron_NumDisplay:U5|              ; 53 (53)           ; 25 (25)      ; 0           ; 0            ; 0       ; 0         ; 0    ; 0            ; |check|Digitron_NumDisplay:U5                                                  ; work         ;
+------------------------------------------+-------------------+--------------+-------------+--------------+---------+-----------+------+--------------+--------------------------------------------------------------------------------+--------------+
Note: For table entries with two numbers listed, the numbers in parentheses indicate the number of resources of the given type used by the specific entity alone. The numbers listed outside of parentheses indicate the total resources of the given type used by the specific entity and all of its sub-entities in the hierarchy.


+--------------------------------------------------------------------------------------------------------------------------------------------------------------------------------------------+
; Analysis & Synthesis RAM Summary                                                                                                                                                           ;
+------------------------------------------------------------------------------------+------+------+--------------+--------------+--------------+--------------+------+----------------------+
; Name                                                                               ; Type ; Mode ; Port A Depth ; Port A Width ; Port B Depth ; Port B Width ; Size ; MIF                  ;
+------------------------------------------------------------------------------------+------+------+--------------+--------------+--------------+--------------+------+----------------------+
; Buzzer_module:U3|altsyncram:WideOr0_rtl_0|altsyncram_v5v:auto_generated|ALTSYNCRAM ; AUTO ; ROM  ; 256          ; 13           ; --           ; --           ; 3328 ; check.check0.rtl.mif ;
+------------------------------------------------------------------------------------+------+------+--------------+--------------+--------------+--------------+------+----------------------+


+-------------------------------------------------------------------------------------+
; Registers Removed During Synthesis                                                  ;
+------------------------------------------+------------------------------------------+
; Register name                            ; Reason for Removal                       ;
+------------------------------------------+------------------------------------------+
; Buzzer_module:U3|Pulse_x[17..22]         ; Stuck at GND due to stuck port data_in   ;
; Digitron_NumDisplay:U5|W_Digitron_Out[7] ; Stuck at VCC due to stuck port data_in   ;
; Buzzer_module:U3|Pulse_x[4]              ; Merged with Buzzer_module:U3|Pulse_x[12] ;
; Total Number of Removed Registers = 8    ;                                          ;
+------------------------------------------+------------------------------------------+


+------------------------------------------------------+
; General Register Statistics                          ;
+----------------------------------------------+-------+
; Statistic                                    ; Value ;
+----------------------------------------------+-------+
; Total registers                              ; 102   ;
; Number of registers using Synchronous Clear  ; 23    ;
; Number of registers using Synchronous Load   ; 0     ;
; Number of registers using Asynchronous Clear ; 58    ;
; Number of registers using Asynchronous Load  ; 0     ;
; Number of registers using Clock Enable       ; 40    ;
; Number of registers using Preset             ; 0     ;
+----------------------------------------------+-------+


+-------------------------------------------------------------------------------------+
; Registers Packed Into Inferred Megafunctions                                        ;
+---------------------------------------------+--------------------------------+------+
; Register Name                               ; Megafunction                   ; Type ;
+---------------------------------------------+--------------------------------+------+
; Buzzer_module:U3|Pulse_x[0,2,3,5..8,11..16] ; Buzzer_module:U3|WideOr0_rtl_0 ; ROM  ;
+---------------------------------------------+--------------------------------+------+


+-------------------------------------------------------------------------------------------------------------------------------------------------------+
; Multiplexer Restructuring Statistics (Restructuring Performed)                                                                                        ;
+--------------------+-----------+---------------+----------------------+------------------------+------------+-----------------------------------------+
; Multiplexer Inputs ; Bus Width ; Baseline Area ; Area if Restructured ; Saving if Restructured ; Registered ; Example Multiplexer Output              ;
+--------------------+-----------+---------------+----------------------+------------------------+------------+-----------------------------------------+
; 3:1                ; 23 bits   ; 46 LEs        ; 23 LEs               ; 23 LEs                 ; Yes        ; |check|Buzzer_module:U3|Count1[17]      ;
; 64:1               ; 4 bits    ; 168 LEs       ; 16 LEs               ; 152 LEs                ; No         ; |check|Digitron_NumDisplay:U5|Selector2 ;
+--------------------+-----------+---------------+----------------------+------------------------+------------+-----------------------------------------+


+------------------------------------------------------------------------------------------------+
; Source assignments for Buzzer_module:U3|altsyncram:WideOr0_rtl_0|altsyncram_v5v:auto_generated ;
+---------------------------------+--------------------+------+----------------------------------+
; Assignment                      ; Value              ; From ; To                               ;
+---------------------------------+--------------------+------+----------------------------------+
; OPTIMIZE_POWER_DURING_SYNTHESIS ; NORMAL_COMPILATION ; -    ; -                                ;
+---------------------------------+--------------------+------+----------------------------------+


+-----------------------------------------------------------------------+
; Parameter Settings for User Entity Instance: Top-level Entity: |check ;
+----------------+-------------------------+----------------------------+
; Parameter Name ; Value                   ; Type                       ;
+----------------+-------------------------+----------------------------+
; Dis            ; 00000000001100110100101 ; Unsigned Binary            ;
+----------------+-------------------------+----------------------------+
Note: In order to hide this table in the UI and the text report file, please set the "Show Parameter Settings in Synthesis Report" option in "Analysis and Synthesis Settings -> More Settings" to "Off".


+--------------------------------------------------------------------+
; Parameter Settings for User Entity Instance: Accumulator_module:U4 ;
+----------------+---------------------------+-----------------------+
; Parameter Name ; Value                     ; Type                  ;
+----------------+---------------------------+-----------------------+
; Timex          ; 0000000110000110101000000 ; Unsigned Binary       ;
+----------------+---------------------------+-----------------------+
Note: In order to hide this table in the UI and the text report file, please set the "Show Parameter Settings in Synthesis Report" option in "Analysis and Synthesis Settings -> More Settings" to "Off".


+---------------------------------------------------------------------+
; Parameter Settings for User Entity Instance: Digitron_NumDisplay:U5 ;
+----------------+------------------+---------------------------------+
; Parameter Name ; Value            ; Type                            ;
+----------------+------------------+---------------------------------+
; T100MS         ; 0000000011001000 ; Unsigned Binary                 ;
; _0             ; 11000000         ; Unsigned Binary                 ;
; _1             ; 11111001         ; Unsigned Binary                 ;
; _2             ; 10100100         ; Unsigned Binary                 ;
; _3             ; 10110000         ; Unsigned Binary                 ;
; _4             ; 10011001         ; Unsigned Binary                 ;
; _5             ; 10010010         ; Unsigned Binary                 ;
; _6             ; 10000010         ; Unsigned Binary                 ;
; _7             ; 11111000         ; Unsigned Binary                 ;
; _8             ; 10000000         ; Unsigned Binary                 ;
; _9             ; 10010000         ; Unsigned Binary                 ;
; _A             ; 10001000         ; Unsigned Binary                 ;
; _B             ; 10000011         ; Unsigned Binary                 ;
; _C             ; 11000110         ; Unsigned Binary                 ;
; _D             ; 10100001         ; Unsigned Binary                 ;
; _E             ; 10000110         ; Unsigned Binary                 ;
; _F             ; 10001110         ; Unsigned Binary                 ;
+----------------+------------------+---------------------------------+
Note: In order to hide this table in the UI and the text report file, please set the "Show Parameter Settings in Synthesis Report" option in "Analysis and Synthesis Settings -> More Settings" to "Off".


+---------------------------------------------------------------+
; Parameter Settings for User Entity Instance: Buzzer_module:U3 ;
+----------------+-------------------+--------------------------+
; Parameter Name ; Value             ; Type                     ;
+----------------+-------------------+--------------------------+
; Do             ; 10111010010111011 ; Unsigned Binary          ;
; Re             ; 10100110000101010 ; Unsigned Binary          ;
; Mi             ; 10010011111101101 ; Unsigned Binary          ;
; Fa             ; 10001011111010001 ; Unsigned Binary          ;
; Sol            ; 01111100100011111 ; Unsigned Binary          ;
; La             ; 01101110111110010 ; Unsigned Binary          ;
; Si             ; 01100010110101111 ; Unsigned Binary          ;
+----------------+-------------------+--------------------------+
Note: In order to hide this table in the UI and the text report file, please set the "Show Parameter Settings in Synthesis Report" option in "Analysis and Synthesis Settings -> More Settings" to "Off".


+--------------------------------------------------------------------------------------------+
; Parameter Settings for Inferred Entity Instance: Buzzer_module:U3|altsyncram:WideOr0_rtl_0 ;
+------------------------------------+----------------------+--------------------------------+
; Parameter Name                     ; Value                ; Type                           ;
+------------------------------------+----------------------+--------------------------------+
; BYTE_SIZE_BLOCK                    ; 8                    ; Untyped                        ;
; AUTO_CARRY_CHAINS                  ; ON                   ; AUTO_CARRY                     ;
; IGNORE_CARRY_BUFFERS               ; OFF                  ; IGNORE_CARRY                   ;
; AUTO_CASCADE_CHAINS                ; ON                   ; AUTO_CASCADE                   ;
; IGNORE_CASCADE_BUFFERS             ; OFF                  ; IGNORE_CASCADE                 ;
; WIDTH_BYTEENA                      ; 1                    ; Untyped                        ;
; OPERATION_MODE                     ; ROM                  ; Untyped                        ;
; WIDTH_A                            ; 13                   ; Untyped                        ;
; WIDTHAD_A                          ; 8                    ; Untyped                        ;
; NUMWORDS_A                         ; 256                  ; Untyped                        ;
; OUTDATA_REG_A                      ; UNREGISTERED         ; Untyped                        ;
; ADDRESS_ACLR_A                     ; NONE                 ; Untyped                        ;
; OUTDATA_ACLR_A                     ; NONE                 ; Untyped                        ;
; WRCONTROL_ACLR_A                   ; NONE                 ; Untyped                        ;
; INDATA_ACLR_A                      ; NONE                 ; Untyped                        ;
; BYTEENA_ACLR_A                     ; NONE                 ; Untyped                        ;
; WIDTH_B                            ; 1                    ; Untyped                        ;
; WIDTHAD_B                          ; 1                    ; Untyped                        ;
; NUMWORDS_B                         ; 1                    ; Untyped                        ;
; INDATA_REG_B                       ; CLOCK1               ; Untyped                        ;
; WRCONTROL_WRADDRESS_REG_B          ; CLOCK1               ; Untyped                        ;
; RDCONTROL_REG_B                    ; CLOCK1               ; Untyped                        ;
; ADDRESS_REG_B                      ; CLOCK1               ; Untyped                        ;
; OUTDATA_REG_B                      ; UNREGISTERED         ; Untyped                        ;
; BYTEENA_REG_B                      ; CLOCK1               ; Untyped                        ;
; INDATA_ACLR_B                      ; NONE                 ; Untyped                        ;
; WRCONTROL_ACLR_B                   ; NONE                 ; Untyped                        ;
; ADDRESS_ACLR_B                     ; NONE                 ; Untyped                        ;
; OUTDATA_ACLR_B                     ; NONE                 ; Untyped                        ;
; RDCONTROL_ACLR_B                   ; NONE                 ; Untyped                        ;
; BYTEENA_ACLR_B                     ; NONE                 ; Untyped                        ;
; WIDTH_BYTEENA_A                    ; 1                    ; Untyped                        ;
; WIDTH_BYTEENA_B                    ; 1                    ; Untyped                        ;
; RAM_BLOCK_TYPE                     ; AUTO                 ; Untyped                        ;
; BYTE_SIZE                          ; 8                    ; Untyped                        ;
; READ_DURING_WRITE_MODE_MIXED_PORTS ; DONT_CARE            ; Untyped                        ;
; READ_DURING_WRITE_MODE_PORT_A      ; NEW_DATA_NO_NBE_READ ; Untyped                        ;
; READ_DURING_WRITE_MODE_PORT_B      ; NEW_DATA_NO_NBE_READ ; Untyped                        ;
; INIT_FILE                          ; check.check0.rtl.mif ; Untyped                        ;
; INIT_FILE_LAYOUT                   ; PORT_A               ; Untyped                        ;
; MAXIMUM_DEPTH                      ; 0                    ; Untyped                        ;
; CLOCK_ENABLE_INPUT_A               ; NORMAL               ; Untyped                        ;
; CLOCK_ENABLE_INPUT_B               ; NORMAL               ; Untyped                        ;
; CLOCK_ENABLE_OUTPUT_A              ; NORMAL               ; Untyped                        ;
; CLOCK_ENABLE_OUTPUT_B              ; NORMAL               ; Untyped                        ;
; CLOCK_ENABLE_CORE_A                ; USE_INPUT_CLKEN      ; Untyped                        ;
; CLOCK_ENABLE_CORE_B                ; USE_INPUT_CLKEN      ; Untyped                        ;
; ENABLE_ECC                         ; FALSE                ; Untyped                        ;
; ECC_PIPELINE_STAGE_ENABLED         ; FALSE                ; Untyped                        ;
; WIDTH_ECCSTATUS                    ; 3                    ; Untyped                        ;
; DEVICE_FAMILY                      ; Cyclone IV E         ; Untyped                        ;
; CBXI_PARAMETER                     ; altsyncram_v5v       ; Untyped                        ;
+------------------------------------+----------------------+--------------------------------+
Note: In order to hide this table in the UI and the text report file, please set the "Show Parameter Settings in Synthesis Report" option in "Analysis and Synthesis Settings -> More Settings" to "Off".


+---------------------------------------------------------------------------------------+
; altsyncram Parameter Settings by Entity Instance                                      ;
+-------------------------------------------+-------------------------------------------+
; Name                                      ; Value                                     ;
+-------------------------------------------+-------------------------------------------+
; Number of entity instances                ; 1                                         ;
; Entity Instance                           ; Buzzer_module:U3|altsyncram:WideOr0_rtl_0 ;
;     -- OPERATION_MODE                     ; ROM                                       ;
;     -- WIDTH_A                            ; 13                                        ;
;     -- NUMWORDS_A                         ; 256                                       ;
;     -- OUTDATA_REG_A                      ; UNREGISTERED                              ;
;     -- WIDTH_B                            ; 1                                         ;
;     -- NUMWORDS_B                         ; 1                                         ;
;     -- ADDRESS_REG_B                      ; CLOCK1                                    ;
;     -- OUTDATA_REG_B                      ; UNREGISTERED                              ;
;     -- RAM_BLOCK_TYPE                     ; AUTO                                      ;
;     -- READ_DURING_WRITE_MODE_MIXED_PORTS ; DONT_CARE                                 ;
+-------------------------------------------+-------------------------------------------+


+-------------------------------+
; Elapsed Time Per Partition    ;
+----------------+--------------+
; Partition Name ; Elapsed Time ;
+----------------+--------------+
; Top            ; 00:00:03     ;
+----------------+--------------+


+-------------------------------+
; Analysis & Synthesis Messages ;
+-------------------------------+
Info: *******************************************************************
Info: Running Quartus II 64-Bit Analysis & Synthesis
    Info: Version 13.0.1 Build 232 06/12/2013 Service Pack 1 SJ Full Version
    Info: Processing started: Fri May 12 09:26:11 2017
Info: Command: quartus_map --read_settings_files=on --write_settings_files=off check -c check
Info (11104): Parallel Compilation has detected 8 hyper-threaded processors. However, the extra hyper-threaded processors will not be used by default. Parallel Compilation will use 4 of the 4 physical processors detected instead.
Warning (10275): Verilog HDL Module Instantiation warning at check.v(57): ignored dangling comma in List of Port Connections
Info (12021): Found 1 design units, including 1 entities, in source file check.v
    Info (12023): Found entity 1: check
Info (12021): Found 1 design units, including 1 entities, in source file accumulator_module.v
    Info (12023): Found entity 1: Accumulator_module
Info (12021): Found 1 design units, including 1 entities, in source file digitron_numdisplay.v
    Info (12023): Found entity 1: Digitron_NumDisplay
Info (12021): Found 1 design units, including 1 entities, in source file buzzer_module.v
    Info (12023): Found entity 1: Buzzer_module
Info (12127): Elaborating entity "check" for the top level hierarchy
Info (12128): Elaborating entity "Accumulator_module" for hierarchy "Accumulator_module:U4"
Info (12128): Elaborating entity "Digitron_NumDisplay" for hierarchy "Digitron_NumDisplay:U5"
Warning (10230): Verilog HDL assignment warning at Digitron_NumDisplay.v(26): truncated value with size 23 to match size of target (8)
Warning (10230): Verilog HDL assignment warning at Digitron_NumDisplay.v(29): truncated value with size 23 to match size of target (8)
Warning (10230): Verilog HDL assignment warning at Digitron_NumDisplay.v(68): truncated value with size 8 to match size of target (6)
Info (12128): Elaborating entity "Buzzer_module" for hierarchy "Buzzer_module:U3"
Info (19000): Inferred 1 megafunctions from design logic
    Info (276031): Inferred altsyncram megafunction from the following design logic: "Buzzer_module:U3|WideOr0_rtl_0"
        Info (286033): Parameter OPERATION_MODE set to ROM
        Info (286033): Parameter WIDTH_A set to 13
        Info (286033): Parameter WIDTHAD_A set to 8
        Info (286033): Parameter NUMWORDS_A set to 256
        Info (286033): Parameter OUTDATA_REG_A set to UNREGISTERED
        Info (286033): Parameter RAM_BLOCK_TYPE set to AUTO
        Info (286033): Parameter INIT_FILE set to check.check0.rtl.mif
Info (12130): Elaborated megafunction instantiation "Buzzer_module:U3|altsyncram:WideOr0_rtl_0"
Info (12133): Instantiated megafunction "Buzzer_module:U3|altsyncram:WideOr0_rtl_0" with the following parameter:
    Info (12134): Parameter "OPERATION_MODE" = "ROM"
    Info (12134): Parameter "WIDTH_A" = "13"
    Info (12134): Parameter "WIDTHAD_A" = "8"
    Info (12134): Parameter "NUMWORDS_A" = "256"
    Info (12134): Parameter "OUTDATA_REG_A" = "UNREGISTERED"
    Info (12134): Parameter "RAM_BLOCK_TYPE" = "AUTO"
    Info (12134): Parameter "INIT_FILE" = "check.check0.rtl.mif"
Info (12021): Found 1 design units, including 1 entities, in source file db/altsyncram_v5v.tdf
    Info (12023): Found entity 1: altsyncram_v5v
Warning (13024): Output pins are stuck at VCC or GND
    Warning (13410): Pin "Digitron_Out[7]" is stuck at GND
Info (286030): Timing-Driven Synthesis is running
Info (144001): Generated suppressed messages file F:/LQbishe/shiyan/check/output_files/check.map.smsg
Info (16010): Generating hard_block partition "hard_block:auto_generated_inst"
    Info (16011): Adding 0 node(s), including 0 DDIO, 0 PLL, 0 transceiver and 0 LCELL
Info (21057): Implemented 240 device resources after synthesis - the final resource count might be different
    Info (21058): Implemented 10 input pins
    Info (21059): Implemented 23 output pins
    Info (21061): Implemented 194 logic cells
    Info (21064): Implemented 13 RAM segments
Info: Quartus II 64-Bit Analysis & Synthesis was successful. 0 errors, 6 warnings
    Info: Peak virtual memory: 511 megabytes
    Info: Processing ended: Fri May 12 09:26:19 2017
    Info: Elapsed time: 00:00:08
    Info: Total CPU time (on all processors): 00:00:02


+------------------------------------------+
; Analysis & Synthesis Suppressed Messages ;
+------------------------------------------+
The suppressed messages can be found in F:/LQbishe/shiyan/check/output_files/check.map.smsg.


