204 [37872] INFO perfrun.launcher <> - argc = 7; cmdline = C:\Program Files (x86)\IntelSWTools\VTune Amplifier 2018\bin64\amplxe-runss.exe --ui-output-format xml --ui-output-fd 2928 --option-file E:\Learn\多核\code\Multi_core_EXP\EXP2_4\My Amplifier Results - EXP2_4\r000hs\config\runss.options 
233 [37872] INFO perfrun.launcher <> - New signal handler callback was added
256 [37872] INFO perfrun.launcher <> - plugin system has been added successfully
256 [37872] INFO perfrun.launcher <> - plugin itt has been added successfully
256 [37872] INFO perfrun.launcher <> - plugin  has been added successfully
256 [37872] INFO perfrun.launcher <> - plugin gpu has been added successfully
257 [37872] INFO perfrun.launcher <> - plugin etw.kernel has been added successfully
257 [37872] INFO perfrun.launcher <> - plugin etw.dx has been added successfully
257 [37872] INFO perfrun.launcher <> - plugin etw.wsa has been added successfully
257 [37872] INFO perfrun.launcher <> - plugin mrte has been added successfully
257 [37872] INFO perfrun.launcher <> - plugin emon has been added successfully
257 [37872] INFO perfrun.launcher <> - plugin stdsrc has been added successfully
258 [37872] INFO perfrun.launcher <> - plugin sep has been added successfully
258 [37872] INFO perfrun.launcher <> - plugin vtsspp has been added successfully
258 [37872] INFO perfrun.launcher <> - plugin  has been added successfully
267 [37872] INFO perfrun.launcher <> - plugin tpss has been added successfully
267 [37872] INFO perfrun.launcher <> - plugin cuscol has been added successfully
267 [37872] INFO perfrun.launcher <> - plugin exprof has been added successfully
267 [37872] INFO perfrun.launcher <> - plugin dpdk has been added successfully
267 [37872] INFO perfrun.launcher <> - plugin  has been added successfully
268 [37872] INFO perfrun.launcher <> - plugin commcollector has been added successfully
268 [37872] INFO perfrun.launcher <> - plugin  has been added successfully
269 [37872] INFO perfrun.launcher <> - the option was added --interval: Specify an interval of data collection (for example, sampling) in milliseconds.
269 [37872] INFO perfrun.launcher <> - the option was added --follow-child: Profile process with or without children.
269 [37872] INFO perfrun.launcher <> - the option was added --gelding: BADMSG: perfrun1.launcher.plugin_manager::gelding
269 [37872] INFO perfrun.launcher <> - the option was added --time-source: Specify time source for measurement. Possible values: sys - wall clock time; tsc - time stamp counter; ext - time from an external source; auto - auto select accurate time source.
269 [37872] INFO perfrun.launcher <> - the option was added --stack: Enable or disable collection of stacks.
269 [37872] INFO perfrun.launcher <> - the option was added --stack-stitching: Enable or disable the stack stitching algorithm for Intel TBB-based applications.
269 [37872] INFO perfrun.launcher <> - the option was added --type: Specify type of data to be collected. For example, --type cpu:counters,waiting:nostack,io.
269 [37872] INFO perfrun.launcher <> - the option was added --mrte-mode: Specify Java/.NET/other managed runtime collection mode. Possible values: native - collect information only for native code; managed - collect information only for managed code; mixed - collect information for both managed and native code; auto - choose the mode based on binary type.
270 [37872] INFO perfrun.launcher <> - the option was added --mrte-mode-list: List supported Java/.NET/other managed runtime collection modes.
270 [37872] INFO perfrun.launcher <> - the option was added --mrte-type: Specify which managed runtimes to collect. Possible values: java - collect information for Java; dotnet - collect information for .NET; python - collect information for CPython. You can specify several values separated by comma.
270 [37872] INFO perfrun.launcher <> - the option was added --mrte-type-list: List supported Java/.NET/other managed runtime types.
270 [37872] INFO perfrun.launcher <> - the option was added --trace-strategy: Specify how to profile a process tree. <string> can be "<process>:trace:notrace" - profile the process but do not profile its children. Shorthand parameters: t - trace, nt - notrace. For example, "vtunedemo.exe:t:t".
270 [37872] INFO perfrun.launcher <> - the option was added --collector: BADMSG: perfrun1.launcher.plugin_manager::collector
270 [37872] INFO perfrun.launcher <> - the option was added --system-wide: Enable system-wide profiling. This mode may require additional permissions.
270 [37872] INFO perfrun.launcher <> - the option was added --kvm-guest: Enable KVM guest OS profiling.
270 [37872] INFO perfrun.launcher <> - the option was added --kvm-guest-kallsyms: Specify a local path to the /proc/kallsyms file copied from the guest OS for proper symbol resolution.
271 [37872] INFO perfrun.launcher <> - the option was added --kvm-guest-modules: Specify a local path to the /proc/modules file copied from the guest OS for proper symbol resolution.
271 [37872] INFO perfrun.launcher <> - the option was added --target-system: BADMSG: perfrun1.launcher.plugin_manager::target-system
271 [37872] INFO perfrun.launcher <> - the option was added --bandwidth-limits: Measure bandwidth limits
271 [37872] INFO perfrun.launcher <> - the option was added --bandwidth-strategy: Bandwidth limits determination specific properties (example: --bandwidth-strategy array-size=0,duration=500).
271 [37872] INFO perfrun.launcher <> - the option was added --bandwidth-config: List of benchmarks to run.
271 [37872] INFO perfrun.launcher <> - the option was added --system-collector-config: Specify subcollectors. Possible values: all, vdso, container, device-info, none.
271 [37872] INFO perfrun.launcher <> - the option was added --itt-config: Specify a sub-set of ITT API to collect.
271 [37872] INFO perfrun.launcher <> - the option was added --itt-debug: Set pseudo-breakpoint at ITT API collector's start to enable the debugger to attach early.
271 [37872] INFO perfrun.launcher <> - the option was added --itt-ring-buffer-multiplier: The size of internal ITT API collector ring buffer, in bytes per second
271 [37872] INFO perfrun.launcher <> - the option was added --gpu-config: Specify types of GPU data to be collected. Possible values: preset1, preset2.
271 [37872] INFO perfrun.launcher <> - the option was added --gpu-debug: Enable self-testing of the GPGPU profiling collector.
271 [37872] INFO perfrun.launcher <> - the option was added --etw-config: Enable advanced collection of GPU data.
271 [37872] INFO perfrun.launcher <> - the option was added --stdsrc-config: Specify Standard Sources category tag(s).
271 [37872] INFO perfrun.launcher <> - the option was added --event-info: BADMSG: perfrun1.stdsrc::event-info
271 [37872] INFO perfrun.launcher <> - the option was added --cpu-list: List supported CPUs.
272 [37872] INFO perfrun.launcher <> - the option was added --target-list: List available targets for performing sampling collection.
272 [37872] INFO perfrun.launcher <> - the option was added --event-value-list: Display event information.
272 [37872] INFO perfrun.launcher <> - the option was added --platform-value-list: Display details of supported platforms.
272 [37872] INFO perfrun.launcher <> - the option was added --uncore-event-list: List uncore events for which a sampling data collection can be performed on this platform.
272 [37872] INFO perfrun.launcher <> - the option was added --modifier-list: Specify the event name <string> for which the modifiers list is requested.
272 [37872] INFO perfrun.launcher <> - the option was added --pmu-list: List supported PMUs.
272 [37872] INFO perfrun.launcher <> - the option was added --os-mode-only: Enable sampling data collection for OS-mode processes only.
272 [37872] INFO perfrun.launcher <> - the option was added --user-mode-only: Enable sampling data collection for user-mode processes only.
272 [37872] INFO perfrun.launcher <> - the option was added --event-config: Perform data collection for the events with <string> configured using the format <event name1>":modifier1=val:modifier2=val/constraint1={:modifier3=val:modifier4=val}...,"<event name2>":... Specify the events(s) to monitor and embed the event names within double quotes("). [:modifier=val] specifies individual event modifiers along with the respective values for a given platform. Note that the modifiers can be generic to an event as well as specific to a constraint (or an event qualifier). The constraint specific special modifiers appear after [/constraint=]. The modifiers can be in decimal or hexadecimal format. Only specific modifiers accept the value as a string. Each event specification is delimited by a comma (,). For a list of supported modifiers and constraints, refer to the documentation.
272 [37872] INFO perfrun.launcher <> - the option was added --chipset-event-config: BADMSG: perfrun1.sep::chipset-event-config
273 [37872] INFO perfrun.launcher <> - the option was added --uncore-event-config: Perform uncore data collection in ebc count mode for the events with <string> configured using the format "<event name1>"...,"<event name2>":... Specify the events(s) to monitor and embed the event names within double quotes(").
273 [37872] INFO perfrun.launcher <> - the option was added --count: Enable counting mode.
273 [37872] INFO perfrun.launcher <> - the option was added --count-emon: Enable counting mode and output the data in EMON format.
273 [37872] INFO perfrun.launcher <> - the option was added --event-based-counts: Enable event-based counting mode. During sampling data collection, event counts data is collected for the list of events specified in -event-config option.
273 [37872] INFO perfrun.launcher <> - the option was added --event-mux-tfactor: Specify the event multiplexing tfactor as <integer> to set the length of the interval between interrupts. The larger the tfactor value, the larger the period between interrupts. Currently this option is only available on Intel platforms codenamed Knights Corner.
273 [37872] INFO perfrun.launcher <> - the option was added --uncore-sampling-interval: Specify the uncore sampling interval as <integer>. This value set the uncore sampling interval for all the uncore events specified in -event-config option.
273 [37872] INFO perfrun.launcher <> - the option was added --full-pebs-capture: Capture full pebs information.
273 [37872] INFO perfrun.launcher <> - the option was added --last-branch-records: Capture Last Branch Records information.
273 [37872] INFO perfrun.launcher <> - the option was added --pmu-type: Specify the targeted PMU name as <string>.
273 [37872] INFO perfrun.launcher <> - the option was added --platform-type: Specify the targeted platform number as <number>.
274 [37872] INFO perfrun.launcher <> - the option was added --bts-count: Specify the <integer> number of BTS records collected after each sample or context switch (VTSS++ only).
274 [37872] INFO perfrun.launcher <> - the option was added --cpu-mask: Specify which CPU(s) <string> to collect data on. For example, specify "2-8,10,12-14" to sample only CPUs 2 through 8, 10, and 12 through 14.
274 [37872] INFO perfrun.launcher <> - the option was added --event-mux-alg: Specify the event multiplexing algorithm. Possible values: sequence, timer, trigger.
274 [37872] INFO perfrun.launcher <> - the option was added --event-mux-timeslice: Specify the event multiplexing time slice value as <integer>. The time slice specifies the duration between cycles for each event multiplexing group. The default value is 50 milliseconds. This option is valid only for timer-based event multiplexing. Specify the event multiplexing time slice value as <integer>. The time slice specifies the duration between cycles for each event multiplexing group. The default value is 1 millisecond. This option is valid only for timer-based event multiplexing.
274 [37872] INFO perfrun.launcher <> - the option was added --event-mux-factor: Specify the event multiplexing factor as <integer>. It controls the switching of event multiplexing groups. The default factor is 50. This option is valid only for trigger-based event multiplexing. Specify the event multiplexing factor as <integer>. It controls the switching of event multiplexing groups. The default factor is 1. This option is valid only for trigger-based event multiplexing.
274 [37872] INFO perfrun.launcher <> - the option was added --event-mux-trigger: Specify the name of the trigger event for event multiplexing as <string>. This option is valid only for trigger-based event multiplexing. The default trigger is CPU_CLK_UNHALTED.CORE (or CPU_CLK_UNHALTED.THREAD). BADMSG: perfrun1.vtsspp::event-mux-trigger
274 [37872] INFO perfrun.launcher <> - the option was added --sample-after-multiplier: Specify the sample after multiplier as <double>. This multiplier modifies the sample after value for all the events specified in -event-config option. The values can range from 0.1 to 100.0.
274 [37872] INFO perfrun.launcher <> - the option was added --pwr-config: BADMSG: perfrun1.vtsspp::pwr-config
274 [37872] INFO perfrun.launcher <> - the option was added --sys-config: BADMSG: perfrun1.vtsspp::sys-config
274 [37872] INFO perfrun.launcher <> - the option was added --pt-mode: BADMSG: perfrun1.vtsspp::pt-mode
274 [37872] INFO perfrun.launcher <> - the option was added --stackwalk: Specify stack unwinding method. Possible value: lbr - unwind stacks during collection. Specify stack unwinding method. Possible values: online - unwind stacks during collection; offline - unwind stacks after collection is finished; lbr - enable LBR-based call stack collection. Specify stack unwinding method. Possible values: online - unwind stacks during collection; offline - unwind stacks after collection is finished.
274 [37872] INFO perfrun.launcher <> - the option was added --filter-include: Filter data during collection. Possible values: contended=<on|off> - filter out uncontended events; contended_nostack=<time> - filter out stacks for contended events that take less than <time> microseconds; wait=<time> - ignore transitions and blocks with wait time less than <time> microseconds; wait_nostack=<time> - filter out stacks for waits that take less than <time> microseconds.
275 [37872] INFO perfrun.launcher <> - the option was added --debug-pin: Debug PIN tool and runtime.
275 [37872] INFO perfrun.launcher <> - the option was added --debug-exception: Disallow the application to set own abnormal termination handler.
275 [37872] INFO perfrun.launcher <> - the option was added --trace-type: Specify the trace file granularity. Possible values: per-thread - per-thread trace file generation; per-process - per-process trace file generation.
275 [37872] INFO perfrun.launcher <> - the option was added --instrumentation-type: Specify type of instrumentation.
275 [37872] INFO perfrun.launcher <> - the option was added --guard-pulse-event: Enable handling of PulseEvent API in order not to miss signals made by the API during Hotspots collection.
275 [37872] INFO perfrun.launcher <> - the option was added --memory-strategy: Specify a minimal memory object size to be traced and a hash table size for faster objects search; for example: --memory-strategy obj-size-min=1024,hash-table-size=4096.
275 [37872] INFO perfrun.launcher <> - the option was added --gpu-profiling-config: Specify a type of deep GPU profiling applied for all kernels and a comma-separated list of GPU kernel names and invocations in the following format: profiling_type[@kernel_name[:start_idx:step:stop_idx]], where profiling_type is one of following: none, bblatency, memlatency; kernel_name is the name of GPU kernel; start_idx is the number of the first invocation; and stop_idx is the number of the last invocation to be profiled.
275 [37872] INFO perfrun.launcher <> - the option was added --custom-collector: Allows to provide arbitrary command line to be run on collection steps.
275 [37872] INFO perfrun.launcher <> - the option was added --exprof-com-list: List available COM ports.
275 [37872] INFO perfrun.launcher <> - the option was added --exprof-dvc-list: List available DvC IDs.
275 [37872] INFO perfrun.launcher <> - the option was added --exprof-trace-channel: BADMSG: perfrun1.exprof::exprof-trace-channel
276 [37872] INFO perfrun.launcher <> - the option was added --exprof-event-config: Specify ExactProfiling Event Classes.
276 [37872] INFO perfrun.launcher <> - the option was added --analyze-dpdk: analyze-dpdk
276 [37872] INFO perfrun.launcher <> - the option was added --network-sampling-interval: network-sampling-interval
276 [37872] INFO perfrun.launcher <> - the option was added --dpdk-file-prefix: dpdk-file-prefix
281 [37872] INFO perfrun.launcher <> - create msngr2::ICliToolContext
281 [37872] INFO perfrun.launcher <> - create file finder object
281 [37872] INFO perfrun.launcher <> - create a result directory: pattern = E:\Learn\多核\code\Multi_core_EXP\EXP2_4\My Amplifier Results - EXP2_4\r000hs pid = 4294967295
287 [37872] INFO perfrun.launcher <> - create data directory = E:\Learn\多核\code\Multi_core_EXP\EXP2_4\My Amplifier Results - EXP2_4\r000hs\data.0
311 [58560] INFO perfrun.sdk <> - Allocating TMU :E:\Learn\多核\code\Multi_core_EXP\EXP2_4\My Amplifier Results - EXP2_4\r000hs\data.0\systemcollector-55900-DESKTOP-XKW.sc
316 [58560] INFO perfrun.launcher <> - plugin [] was disabled because it doesn't support the given collection type.
316 [58560] INFO perfrun.launcher <> - plugin [gpu] was disabled because it doesn't support the given collection type.
316 [58560] INFO perfrun.launcher <> - plugin [etw.kernel] was disabled because it doesn't support the given collection type.
316 [58560] INFO perfrun.launcher <> - plugin [etw.dx] was disabled because it doesn't support the given collection type.
316 [58560] INFO perfrun.launcher <> - plugin [etw.wsa] was disabled because it doesn't support the given collection type.
316 [58560] INFO perfrun.launcher <> - plugin [mrte] was disabled because it doesn't support the given collection type.
316 [58560] INFO perfrun.launcher <> - plugin [emon] was disabled because it doesn't support the given collection type.
316 [58560] INFO perfrun.launcher <> - plugin [stdsrc] was disabled because it doesn't support the given collection type.
317 [58560] INFO perfrun.launcher <> - plugin [sep] was disabled because it doesn't support the given collection type.
317 [58560] INFO perfrun.launcher <> - plugin [vtsspp] was disabled because it doesn't support the given collection type.
317 [58560] INFO perfrun.launcher <> - plugin [] was disabled because it doesn't support the given collection type.
317 [58560] INFO perfrun.tpss <> - initialize tpss controller
317 [58560] INFO perfrun.tpss <> - configure collection mode: value = cpu:counters:nostack
317 [58560] INFO perfrun.tpss <> - configure collection mode: value = cpu:stack
317 [58560] INFO perfrun.tpss <> - default obj-size-min=1024
317 [58560] INFO perfrun.tpss <> - default hash-table-size=0
384 [58560] INFO perfrun.launcher <> - plugin [cuscol] was disabled because it doesn't support the given collection type.
384 [58560] INFO perfrun.launcher <> - plugin [exprof] was disabled because it doesn't support the given collection type.
384 [58560] INFO perfrun.launcher <> - plugin [dpdk] was disabled because it doesn't support the given collection type.
384 [58560] INFO perfrun.launcher <> - plugin [] was disabled because it doesn't support the given collection type.
384 [58560] INFO perfrun.commcollector <> - Disabling commcollector because integrity connection type is not used
384 [58560] INFO perfrun.launcher <> - plugin [commcollector] was disabled because it doesn't support the given collection type.
384 [58560] INFO perfrun.launcher <> - plugin [] was disabled because it doesn't support the given collection type.
385 [37872] INFO perfrun.launcher <> - set environment variable: PATH = C:\Program Files (x86)\IntelSWTools\VTune Amplifier 2018\bin32\runtime;C:\Program Files (x86)\IntelSWTools\VTune Amplifier 2018\bin64\runtime;;;C:\Program Files (x86)\Microsoft Visual Studio 14.0\Common7\IDE\CommonExtensions\Microsoft\TeamFoundation\Team Explorer\NativeBinaries\x86;C:\Program Files (x86)\IntelSWTools\compilers_and_libraries_2018.2.185\windows\mpi\intel64\bin;C:\Program Files (x86)\Common Files\Intel\Shared Libraries\redist\intel64_win\mpirt;C:\Program Files (x86)\Common Files\Intel\Shared Libraries\redist\intel64_win\compiler;C:\ProgramData\Oracle\Java\javapath;C:\WINDOWS\system32;C:\WINDOWS;C:\WINDOWS\System32\Wbem;C:\WINDOWS\System32\WindowsPowerShell\v1.0\;C:\Users\xkw\.dnx\bin;C:\Program Files\Microsoft DNX\Dnvm\;C:\Program Files (x86)\Windows Kits\8.1\Windows Performance Toolkit\;C:\Program Files\Microsoft SQL Server\120\Tools\Binn\;";C:\Program Files\Java\jdk1.8.0_121\bin;C:\Program Files\Java\jdk1.8.0_121\jre\bin;C:\Program Files\MATLAB\R2017a\runtime\win64;C:\Program Files\MATLAB\R2017a\bin;C:\Program Files (x86)\IDM Computer Solutions\UltraEdit";"C:\Users\xkw\AppData\Local\Android\sdk\platform-tools;C:\Users\xkw\AppData\Local\Android\sdk\tools;C:\Users\xkw\AppData\Local\Android\sdk\platform-tools;C:\Users\xkw\AppData\Local\Android\sdk\tools;";C:\Users\xkw\AppData\Local\Android\sdk\platform-tools;C:\Program Files (x86)\Skype\Phone\;C:\Program Files\IBM\SPSS\Statistics\24\JRE\bin;C:\Program Files (x86)\Lingo\;C:\Program Files\Git\cmd;C:\Program Files\TortoiseGit\bin;C:\Program Files (x86)\MKVtoolnix;C:\Users\xkw\AppData\Local\Microsoft\WindowsApps;C:\altera\16.0\modelsim_ase\win32aloem;C:\Users\xkw\AppData\Local\GitHubDesktop\bin;C:\intelFPGA_lite\17.1\modelsim_ase\win32aloem
385 [37872] INFO perfrun.launcher <> - set environment variable: INTEL_LIBITTNOTIFY32 = C:\Program Files (x86)\IntelSWTools\VTune Amplifier 2018\bin32\runtime\ittnotify_collector.dll
385 [37872] INFO perfrun.launcher <> - set environment variable: INTEL_LIBITTNOTIFY64 = C:\Program Files (x86)\IntelSWTools\VTune Amplifier 2018\bin64\runtime\ittnotify_collector.dll
385 [37872] INFO perfrun.launcher <> - set environment variable: INTEL_ITTNOTIFY_GROUPS = 
385 [37872] INFO perfrun.launcher <> - set environment variable: INTEL_JIT_PROFILER32 = C:\Program Files (x86)\IntelSWTools\VTune Amplifier 2018\bin32\runtime\ittnotify_collector.dll
385 [37872] INFO perfrun.launcher <> - set environment variable: INTEL_JIT_PROFILER64 = C:\Program Files (x86)\IntelSWTools\VTune Amplifier 2018\bin64\runtime\ittnotify_collector.dll
386 [37872] INFO perfrun.launcher <> - set environment variable: VS_PROFILER = ittnotify_collector.dll
386 [37872] INFO perfrun.launcher <> - set environment variable: ENABLE_JITPROFILING = 1
386 [37872] INFO perfrun.launcher <> - set environment variable: CL_CONFIG_USE_VTUNE = True
386 [37872] INFO perfrun.launcher <> - set environment variable: __OCL_MIC_INTEL_LIBITTNOTIFY64 = /amplxe/results/libittnotify_collector.so
386 [37872] INFO perfrun.launcher <> - set environment variable: __OCL_MIC_INTEL_JIT_PROFILER64 = /amplxe/results/libittnotify_collector.so
386 [37872] INFO perfrun.launcher <> - RpcServer: run RPC server to handle requests
398 [37872] INFO perfrun.launcher <> - IProcessUtil: the given executable 'E:\Learn\多核\code\Multi_core_EXP\Debug\EXP2_4.exe' is valid.
398 [37872] INFO perfrun.launcher <> - Launcher: command line to start before modification = E:\Learn\多核\code\Multi_core_EXP\Debug\EXP2_4.exe
402 [37872] INFO perfrun.launcher <> - Launcher: command line to start after modification = C:\Program Files (x86)\IntelSWTools\VTune Amplifier 2018\bin64\pin.exe -error_file E:\Learn\多核\code\Multi_core_EXP\EXP2_4\My Amplifier Results - EXP2_4\r000hs\data.0\pinerr.tpsslog -detach_reattach -probe -follow_execv -p32 C:\Program Files (x86)\IntelSWTools\VTune Amplifier 2018\bin32\pin.exe -p64 C:\Program Files (x86)\IntelSWTools\VTune Amplifier 2018\bin64\pin.exe -t64 C:\Program Files (x86)\IntelSWTools\VTune Amplifier 2018\bin64\tpsstool.dll -t C:\Program Files (x86)\IntelSWTools\VTune Amplifier 2018\bin32\tpsstool.dll -server_name tpss_ipc.55900 -prd_dir C:\Program Files (x86)\IntelSWTools\VTune Amplifier 2018 -- E:\Learn\多核\code\Multi_core_EXP\Debug\EXP2_4.exe
402 [37872] INFO perfrun.launcher <> - ProcessCreator object was created
419 [37872] INFO perfrun.launcher <> - Launcher: the process was started in suspend mode
431 [58560] INFO perfrun.itt <> - start itt controller for pid #58872
432 [58560] INFO perfrun.tpss <> - start tpss controller for pid #58872
483 [37872] INFO perfrun.launcher <> - Launcher: all plugins were started
483 [37872] INFO perfrun.launcher <> - DirectoryMonitor object was created
483 [37872] INFO perfrun.launcher <> - DirectoryMonitor: a callback was added
483 [37872] INFO perfrun.launcher <> - DirectoryMonitor was started with pingTime = 1000
483 [37872] INFO perfrun.launcher <> - DeadlineTimer is going to be constructed
483 [37872] INFO perfrun.launcher <> - DeadlineTimer: a callback was added
511 [37872] INFO perfrun.launcher <> - Launcher: resume the profiled application and  wait its termination or stop command
1875 [37872] INFO perfrun.launcher <> - Launcher: the profiled application was terminated  with exit code = 0
1884 [58560] INFO perfrun.itt <> - stop itt controller
1884 [58560] INFO perfrun.itt <> - detach itt controller
1884 [58560] INFO perfrun.tpss <> - stop tpss controller
1885 [58560] INFO perfrun.sdk <> - De-allocating TMU: E:\Learn\多核\code\Multi_core_EXP\EXP2_4\My Amplifier Results - EXP2_4\r000hs\data.0\systemcollector-55900-DESKTOP-XKW.sc
1896 [58560] INFO perfrun.system <> - closed the system trace file: E:\Learn\多核\code\Multi_core_EXP\EXP2_4\My Amplifier Results - EXP2_4\r000hs\data.0\systemcollector-55900-DESKTOP-XKW.sc
1896 [37872] INFO perfrun.launcher <> - Launcher: all plugins were stopped.
1896 [37872] INFO perfrun.launcher <> - DeadlineTimer is going to be destroyed
1896 [37872] INFO perfrun.launcher <> - DirectoryMonitor object was destroyed
1896 [37872] WARN perfrun.launcher <> - Stop command is ignored because it is received when collection is already stopped, at file: C:\BB\INNLphep2w6r\b\b\tmpuah2zi\vcs\perfrun1\launcher\src\command_handler.cpp:209
1899 [37872] INFO perfrun.launcher <> - Application exit code: 0
1899 [37872] INFO perfrun.launcher <> - Exit code: 0
